Carregando dados limpos de:
c:\Users\mpoli\Desktop\UFOP\9 PERIODO\TCC\Scripts\ModelData\Bahrain Grand Prix\bahrain_grand_prix_cleaned_data.csv
--- PREPARAÇÃO PARA XGBOOST (SEM ONE_HOT_THRESH, DRIVER ONE-HOT) ---

--- SPLIT SEQUENCIAL DEFINIDO ---
Pista: Bahrain Grand Prix
Total de voltas consideradas: 55 (LapNumber 3-57)
Holdout (20% final): voltas 47-57 | Total de voltas: 11 | Registros: 620
Modelagem (80% iniciais): voltas 3-46 | Total de voltas: 44 | Registros: 2541

--- SLIDING WINDOW CONFIGURADO (DENTRO DOS 80% DE MODELAGEM) ---
window_ratio=0.20 | window_size=509 | train/val interno=407/102 | step_size=102 | janelas=21

--- TUNAGEM OPTUNA ---
Usando parâmetros já salvos em: c:\Users\mpoli\Desktop\UFOP\9 PERIODO\TCC\Scripts\Results\xgboost\sw\params\bahrain_grand_prix_xgb_params_sw.json

--- TREINANDO MODELO FINAL (BASE DE MODELAGEM 80%) ---

Parâmetros Finais Otimizados:
{'objective': 'reg:squarederror', 'tree_method': 'hist', 'eval_metric': 'rmse', 'seed': 42, 'learning_rate': 0.02942925908954217, 'max_depth': 7, 'min_child_weight': 5, 'subsample': 0.7385820567528203, 'colsample_bytree': 0.9721706138710469, 'gamma': 0.42151220082557683, 'reg_alpha': 2.4249713988677684e-08, 'reg_lambda': 0.00022987893405681782, 'n_estimators': 316}

[SUCESSO] Parametros do Optuna salvos em:
c:\Users\mpoli\Desktop\UFOP\9 PERIODO\TCC\Scripts\Results\xgboost\sw\params\bahrain_grand_prix_xgb_params_sw.json

--- AVALIAÇÃO INTERNA POR SLIDING WINDOW (DENTRO DOS 80%) ---
Janela 1 | treino LapNumber 3-8 (n=407) | val LapNumber 8-10 (n=102) | RMSE=0.3200 | R2=0.9467
Janela 2 | treino LapNumber 4-10 (n=407) | val LapNumber 10-12 (n=102) | RMSE=0.3524 | R2=0.9348
Janela 3 | treino LapNumber 5-12 (n=407) | val LapNumber 12-14 (n=102) | RMSE=0.2985 | R2=0.9646
Janela 4 | treino LapNumber 7-14 (n=407) | val LapNumber 14-16 (n=102) | RMSE=0.3950 | R2=0.9282
Janela 5 | treino LapNumber 8-16 (n=407) | val LapNumber 16-18 (n=102) | RMSE=0.4037 | R2=0.9247
Janela 6 | treino LapNumber 10-18 (n=407) | val LapNumber 18-20 (n=102) | RMSE=0.3636 | R2=0.8849
Janela 7 | treino LapNumber 12-20 (n=407) | val LapNumber 20-21 (n=102) | RMSE=0.2493 | R2=0.9224
Janela 8 | treino LapNumber 14-21 (n=407) | val LapNumber 21-23 (n=102) | RMSE=0.3006 | R2=0.9245
Janela 9 | treino LapNumber 16-23 (n=407) | val LapNumber 23-24 (n=102) | RMSE=0.2820 | R2=0.9414
Janela 10 | treino LapNumber 18-24 (n=407) | val LapNumber 24-25 (n=102) | RMSE=0.2959 | R2=0.9310
Janela 11 | treino LapNumber 20-25 (n=407) | val LapNumber 26-27 (n=102) | RMSE=0.2630 | R2=0.9537
Janela 12 | treino LapNumber 21-27 (n=407) | val LapNumber 27-29 (n=102) | RMSE=0.3109 | R2=0.9410
Janela 13 | treino LapNumber 23-29 (n=407) | val LapNumber 29-31 (n=102) | RMSE=0.3611 | R2=0.9343
Janela 14 | treino LapNumber 24-31 (n=407) | val LapNumber 31-33 (n=102) | RMSE=0.2775 | R2=0.9633
Janela 15 | treino LapNumber 26-33 (n=407) | val LapNumber 33-35 (n=102) | RMSE=0.2882 | R2=0.9528
Janela 16 | treino LapNumber 27-35 (n=407) | val LapNumber 36-38 (n=102) | RMSE=0.3723 | R2=0.9100
Janela 17 | treino LapNumber 29-38 (n=407) | val LapNumber 38-39 (n=102) | RMSE=0.3898 | R2=0.8899
Janela 18 | treino LapNumber 31-39 (n=407) | val LapNumber 39-41 (n=102) | RMSE=0.3088 | R2=0.9492
Janela 19 | treino LapNumber 33-41 (n=407) | val LapNumber 41-43 (n=102) | RMSE=0.2976 | R2=0.9471
Janela 20 | treino LapNumber 36-43 (n=407) | val LapNumber 43-45 (n=102) | RMSE=0.2691 | R2=0.9507
Janela 21 | treino LapNumber 38-44 (n=407) | val LapNumber 44-46 (n=102) | RMSE=0.3098 | R2=0.9308

--- RESULTADO FINAL XGBOOST ---
RMSE Médio: 0.3195 IC95%: [0.2986, 0.3404]
MAE Médio: 0.2458 IC95%: [0.2291, 0.2626]
R2 Médio: 0.9346 IC95%: [0.9250, 0.9441]

--- TESTE FINAL NO HOLDOUT SEQUENCIAL (20%) ---
Teste final (holdout): voltas 47-57 | Registros: 620
Holdout RMSE: 0.3026 IC95%: [0.2841, 0.3189]
Holdout MAE: 0.2348 IC95%: [0.2186, 0.2493]
Holdout R2: 0.9338 IC95%: [0.9241, 0.9419]