Carregando dados limpos de:
c:\Users\mpoli\Desktop\UFOP\9 PERIODO\TCC\Scripts\ModelData\Italian Grand Prix\italian_grand_prix_cleaned_data.csv
--- PREPARACAO PARA REGRESSAO LINEAR (DRIVER ONE-HOT) ---

--- SPLIT SEQUENCIAL DEFINIDO ---
Pista: Italian Grand Prix
Total de voltas consideradas: 51 (LapNumber 3-53)
Holdout (20% final): voltas 43-53 | Total de voltas: 11 | Registros: 510
Modelagem (80% iniciais): voltas 3-42 | Total de voltas: 40 | Registros: 2484

--- SLIDING WINDOW CONFIGURADO (DENTRO DOS 80% DE MODELAGEM) ---
window_ratio=0.20 | window_size=497 | train/val interno=397/100 | step_size=100 | janelas=21

--- AVALIACAO INTERNA POR SLIDING WINDOW (DENTRO DOS 80%) ---
Janela 1 | treino LapNumber 3-8 (n=397) | val LapNumber 8-10 (n=100) | RMSE=0.2788 | R2=0.9608
Janela 2 | treino LapNumber 4-10 (n=397) | val LapNumber 10-11 (n=100) | RMSE=0.2926 | R2=0.9602
Janela 3 | treino LapNumber 6-11 (n=397) | val LapNumber 11-13 (n=100) | RMSE=0.2746 | R2=0.9645
Janela 4 | treino LapNumber 7-13 (n=397) | val LapNumber 13-15 (n=100) | RMSE=0.2934 | R2=0.9645
Janela 5 | treino LapNumber 8-15 (n=397) | val LapNumber 15-16 (n=100) | RMSE=0.2984 | R2=0.9641
Janela 6 | treino LapNumber 10-16 (n=397) | val LapNumber 16-18 (n=100) | RMSE=0.2600 | R2=0.9715
Janela 7 | treino LapNumber 11-18 (n=397) | val LapNumber 18-20 (n=100) | RMSE=0.2962 | R2=0.9611
Janela 8 | treino LapNumber 13-20 (n=397) | val LapNumber 20-22 (n=100) | RMSE=0.2804 | R2=0.9724
Janela 9 | treino LapNumber 15-22 (n=397) | val LapNumber 22-23 (n=100) | RMSE=0.3435 | R2=0.9545
Janela 10 | treino LapNumber 16-23 (n=397) | val LapNumber 23-25 (n=100) | RMSE=0.2711 | R2=0.9704
Janela 11 | treino LapNumber 18-25 (n=397) | val LapNumber 25-26 (n=100) | RMSE=0.2241 | R2=0.9799
Janela 12 | treino LapNumber 20-26 (n=397) | val LapNumber 26-28 (n=100) | RMSE=0.2736 | R2=0.9682
Janela 13 | treino LapNumber 22-28 (n=397) | val LapNumber 28-29 (n=100) | RMSE=0.2872 | R2=0.9713
Janela 14 | treino LapNumber 23-29 (n=397) | val LapNumber 29-31 (n=100) | RMSE=0.2692 | R2=0.9718
Janela 15 | treino LapNumber 25-31 (n=397) | val LapNumber 31-32 (n=100) | RMSE=0.2823 | R2=0.9734
Janela 16 | treino LapNumber 26-32 (n=397) | val LapNumber 32-34 (n=100) | RMSE=0.2528 | R2=0.9788
Janela 17 | treino LapNumber 28-34 (n=397) | val LapNumber 34-36 (n=100) | RMSE=0.2580 | R2=0.9777
Janela 18 | treino LapNumber 29-36 (n=397) | val LapNumber 36-37 (n=100) | RMSE=0.2656 | R2=0.9789
Janela 19 | treino LapNumber 31-37 (n=397) | val LapNumber 37-39 (n=100) | RMSE=0.2676 | R2=0.9729
Janela 20 | treino LapNumber 32-39 (n=397) | val LapNumber 39-41 (n=100) | RMSE=0.3025 | R2=0.9658
Janela 21 | treino LapNumber 34-41 (n=397) | val LapNumber 41-42 (n=100) | RMSE=0.2916 | R2=0.9717

--- TREINANDO MODELO FINAL (BASE DE MODELAGEM 80%) ---

--- RESULTADO FINAL REGRESSAO LINEAR ---
RMSE Medio: 0.2792 IC95%: [0.2685, 0.2899]
MAE Medio: 0.2163 IC95%: [0.2089, 0.2236]
R2 Medio: 0.9693 IC95%: [0.9661, 0.9724]

--- TESTE FINAL NO HOLDOUT SEQUENCIAL (20%) ---
Teste final (holdout): voltas 43-53 | Registros: 510
Holdout RMSE: 0.2972
Holdout MAE: 0.2346
Holdout R2: 0.9762