Carregando dados limpos de:
c:\Users\mpoli\Desktop\UFOP\9 PERIODO\TCC\Scripts\ModelData\Saudi Arabian Grand Prix\saudi_arabian_grand_prix_cleaned_data.csv
--- PREPARACAO PARA REGRESSAO LINEAR (DRIVER ONE-HOT) ---

--- SPLIT SEQUENCIAL DEFINIDO ---
Pista: Saudi Arabian Grand Prix
Total de voltas consideradas: 48 (LapNumber 3-50)
Holdout (20% final): voltas 41-50 | Total de voltas: 10 | Registros: 581
Modelagem (80% iniciais): voltas 3-40 | Total de voltas: 38 | Registros: 2079

--- SLIDING WINDOW CONFIGURADO (DENTRO DOS 80% DE MODELAGEM) ---
window_ratio=0.20 | window_size=416 | train/val interno=332/84 | step_size=84 | janelas=21

--- AVALIACAO INTERNA POR SLIDING WINDOW (DENTRO DOS 80%) ---
Janela 1 | treino LapNumber 3-9 (n=332) | val LapNumber 9-10 (n=84) | RMSE=0.5598 | R2=0.7089
Janela 2 | treino LapNumber 4-10 (n=332) | val LapNumber 11-12 (n=84) | RMSE=0.4980 | R2=0.7532
Janela 3 | treino LapNumber 6-12 (n=332) | val LapNumber 12-13 (n=84) | RMSE=0.3431 | R2=0.8551
Janela 4 | treino LapNumber 7-13 (n=332) | val LapNumber 13-15 (n=84) | RMSE=0.3336 | R2=0.8840
Janela 5 | treino LapNumber 9-15 (n=332) | val LapNumber 15-16 (n=84) | RMSE=0.3186 | R2=0.8796
Janela 6 | treino LapNumber 11-16 (n=332) | val LapNumber 16-18 (n=84) | RMSE=0.3923 | R2=0.8079
Janela 7 | treino LapNumber 12-18 (n=332) | val LapNumber 18-21 (n=84) | RMSE=0.4052 | R2=0.8019
Janela 8 | treino LapNumber 13-21 (n=332) | val LapNumber 21-23 (n=84) | RMSE=0.3813 | R2=0.8992
Janela 9 | treino LapNumber 15-23 (n=332) | val LapNumber 23-25 (n=84) | RMSE=0.5200 | R2=0.8164
Janela 10 | treino LapNumber 16-25 (n=332) | val LapNumber 25-26 (n=84) | RMSE=0.4358 | R2=0.8826
Janela 11 | treino LapNumber 18-26 (n=332) | val LapNumber 26-27 (n=84) | RMSE=0.3563 | R2=0.9091
Janela 12 | treino LapNumber 21-27 (n=332) | val LapNumber 27-28 (n=84) | RMSE=0.3553 | R2=0.8947
Janela 13 | treino LapNumber 23-28 (n=332) | val LapNumber 28-30 (n=84) | RMSE=0.3414 | R2=0.9016
Janela 14 | treino LapNumber 25-30 (n=332) | val LapNumber 30-31 (n=84) | RMSE=0.3452 | R2=0.8891
Janela 15 | treino LapNumber 26-31 (n=332) | val LapNumber 31-32 (n=84) | RMSE=0.3211 | R2=0.9141
Janela 16 | treino LapNumber 27-32 (n=332) | val LapNumber 32-33 (n=84) | RMSE=0.2928 | R2=0.9249
Janela 17 | treino LapNumber 28-33 (n=332) | val LapNumber 33-35 (n=84) | RMSE=0.3149 | R2=0.8951
Janela 18 | treino LapNumber 30-35 (n=332) | val LapNumber 35-36 (n=84) | RMSE=0.3199 | R2=0.8725
Janela 19 | treino LapNumber 31-36 (n=332) | val LapNumber 36-37 (n=84) | RMSE=0.3457 | R2=0.8525
Janela 20 | treino LapNumber 32-37 (n=332) | val LapNumber 37-39 (n=84) | RMSE=0.3236 | R2=0.8609
Janela 21 | treino LapNumber 33-39 (n=332) | val LapNumber 39-40 (n=84) | RMSE=0.3146 | R2=0.8756

--- TREINANDO MODELO FINAL (BASE DE MODELAGEM 80%) ---

--- RESULTADO FINAL REGRESSAO LINEAR ---
RMSE Medio: 0.3723 IC95%: [0.3390, 0.4056]
MAE Medio: 0.2915 IC95%: [0.2630, 0.3199]
R2 Medio: 0.8609 IC95%: [0.8359, 0.8859]

--- TESTE FINAL NO HOLDOUT SEQUENCIAL (20%) ---
Teste final (holdout): voltas 41-50 | Registros: 581
Holdout RMSE: 0.3376
Holdout MAE: 0.2601
Holdout R2: 0.8684