Carregando dados limpos de:
c:\Users\mpoli\Desktop\UFOP\9 PERIODO\TCC\Scripts\ModelData\Bahrain Grand Prix\bahrain_grand_prix_cleaned_data.csv
--- PREPARACAO PARA REGRESSAO LINEAR (DRIVER ONE-HOT) ---

--- SPLIT SEQUENCIAL DEFINIDO ---
Pista: Bahrain Grand Prix
Total de voltas consideradas: 55 (LapNumber 3-57)
Holdout (20% final): voltas 47-57 | Total de voltas: 11 | Registros: 620
Modelagem (80% iniciais): voltas 3-46 | Total de voltas: 44 | Registros: 2541

--- EXPANDING WINDOW CONFIGURADO (DENTRO DOS 80% DE MODELAGEM) ---
window_ratio=0.15 | janela_inicial=382 | expansao_por_etapa=382 | train_ratio=0.80 | janelas=7

--- AVALIACAO INTERNA POR EXPANDING WINDOW (DENTRO DOS 80%) ---
Janela 1 | treino LapNumber 3-7 (n=305) | val LapNumber 7-8 (n=77) | RMSE=0.2427 | R2=0.9597
Janela 2 | treino LapNumber 3-12 (n=611) | val LapNumber 12-15 (n=153) | RMSE=0.4373 | R2=0.9259
Janela 3 | treino LapNumber 3-18 (n=916) | val LapNumber 18-22 (n=230) | RMSE=0.2828 | R2=0.9189
Janela 4 | treino LapNumber 3-23 (n=1222) | val LapNumber 23-27 (n=306) | RMSE=0.2552 | R2=0.9562
Janela 5 | treino LapNumber 3-27 (n=1528) | val LapNumber 27-35 (n=382) | RMSE=0.2890 | R2=0.9589
Janela 6 | treino LapNumber 3-33 (n=1833) | val LapNumber 33-42 (n=459) | RMSE=0.2965 | R2=0.9490
Janela 7 | treino LapNumber 3-38 (n=2032) | val LapNumber 38-46 (n=509) | RMSE=0.2738 | R2=0.9531

--- TREINANDO MODELO FINAL (BASE DE MODELAGEM 80%) ---

--- RESULTADO FINAL REGRESSAO LINEAR ---
RMSE Medio: 0.2968 IC95%: [0.2368, 0.3567]
MAE Medio: 0.2294 IC95%: [0.1796, 0.2792]
R2 Medio: 0.9460 IC95%: [0.9306, 0.9613]

--- TESTE FINAL NO HOLDOUT SEQUENCIAL (20%) ---
Teste final (holdout): voltas 47-57 | Registros: 620
Holdout RMSE: 0.2897
Holdout MAE: 0.2257
Holdout R2: 0.9393