Carregando dados limpos de:
c:\Users\mpoli\Desktop\UFOP\9 PERIODO\TCC\Scripts\ModelData\Italian Grand Prix\italian_grand_prix_cleaned_data.csv
--- PREPARACAO PARA REGRESSAO LINEAR (DRIVER ONE-HOT) ---

--- SPLIT SEQUENCIAL DEFINIDO ---
Pista: Italian Grand Prix
Total de voltas consideradas: 51 (LapNumber 3-53)
Holdout (20% final): voltas 43-53 | Total de voltas: 11 | Registros: 510
Modelagem (80% iniciais): voltas 3-42 | Total de voltas: 40 | Registros: 2484

--- EXPANDING WINDOW CONFIGURADO (DENTRO DOS 80% DE MODELAGEM) ---
window_ratio=0.15 | janela_inicial=373 | expansao_por_etapa=373 | train_ratio=0.80 | janelas=7

--- AVALIACAO INTERNA POR EXPANDING WINDOW (DENTRO DOS 80%) ---
Janela 1 | treino LapNumber 3-7 (n=298) | val LapNumber 7-8 (n=75) | RMSE=0.2814 | R2=0.9511
Janela 2 | treino LapNumber 3-11 (n=596) | val LapNumber 11-14 (n=150) | RMSE=0.2838 | R2=0.9625
Janela 3 | treino LapNumber 3-16 (n=895) | val LapNumber 16-20 (n=224) | RMSE=0.2944 | R2=0.9652
Janela 4 | treino LapNumber 3-22 (n=1193) | val LapNumber 22-26 (n=299) | RMSE=0.2923 | R2=0.9663
Janela 5 | treino LapNumber 3-26 (n=1492) | val LapNumber 26-32 (n=373) | RMSE=0.2854 | R2=0.9702
Janela 6 | treino LapNumber 3-31 (n=1790) | val LapNumber 31-38 (n=448) | RMSE=0.2746 | R2=0.9755
Janela 7 | treino LapNumber 3-34 (n=1987) | val LapNumber 34-42 (n=497) | RMSE=0.2773 | R2=0.9740

--- TREINANDO MODELO FINAL (BASE DE MODELAGEM 80%) ---

--- RESULTADO FINAL REGRESSAO LINEAR ---
RMSE Medio: 0.2842 IC95%: [0.2774, 0.2909]
MAE Medio: 0.2251 IC95%: [0.2171, 0.2331]
R2 Medio: 0.9664 IC95%: [0.9588, 0.9740]

--- TESTE FINAL NO HOLDOUT SEQUENCIAL (20%) ---
Teste final (holdout): voltas 43-53 | Registros: 510
Holdout RMSE: 0.2972
Holdout MAE: 0.2346
Holdout R2: 0.9762