Carregando dados limpos de:
c:\Users\mpoli\Desktop\UFOP\9 PERIODO\TCC\Scripts\ModelData\Saudi Arabian Grand Prix\saudi_arabian_grand_prix_cleaned_data.csv
--- PREPARACAO PARA REGRESSAO LINEAR (DRIVER ONE-HOT) ---

--- SPLIT SEQUENCIAL DEFINIDO ---
Pista: Saudi Arabian Grand Prix
Total de voltas consideradas: 48 (LapNumber 3-50)
Holdout (20% final): voltas 41-50 | Total de voltas: 10 | Registros: 581
Modelagem (80% iniciais): voltas 3-40 | Total de voltas: 38 | Registros: 2079

--- EXPANDING WINDOW CONFIGURADO (DENTRO DOS 80% DE MODELAGEM) ---
window_ratio=0.15 | janela_inicial=312 | expansao_por_etapa=312 | train_ratio=0.80 | janelas=7

--- AVALIACAO INTERNA POR EXPANDING WINDOW (DENTRO DOS 80%) ---
Janela 1 | treino LapNumber 3-7 (n=249) | val LapNumber 7-8 (n=63) | RMSE=0.3825 | R2=0.8925
Janela 2 | treino LapNumber 3-12 (n=499) | val LapNumber 12-14 (n=125) | RMSE=0.3460 | R2=0.8541
Janela 3 | treino LapNumber 3-16 (n=748) | val LapNumber 16-22 (n=188) | RMSE=0.3434 | R2=0.8638
Janela 4 | treino LapNumber 3-23 (n=998) | val LapNumber 23-27 (n=250) | RMSE=0.4132 | R2=0.8857
Janela 5 | treino LapNumber 3-27 (n=1248) | val LapNumber 27-32 (n=312) | RMSE=0.3358 | R2=0.9031
Janela 6 | treino LapNumber 3-31 (n=1497) | val LapNumber 31-37 (n=375) | RMSE=0.3034 | R2=0.9109
Janela 7 | treino LapNumber 3-33 (n=1663) | val LapNumber 33-40 (n=416) | RMSE=0.3209 | R2=0.8836

--- TREINANDO MODELO FINAL (BASE DE MODELAGEM 80%) ---

--- RESULTADO FINAL REGRESSAO LINEAR ---
RMSE Medio: 0.3493 IC95%: [0.3149, 0.3838]
MAE Medio: 0.2747 IC95%: [0.2436, 0.3058]
R2 Medio: 0.8848 IC95%: [0.8661, 0.9036]

--- TESTE FINAL NO HOLDOUT SEQUENCIAL (20%) ---
Teste final (holdout): voltas 41-50 | Registros: 581
Holdout RMSE: 0.3376
Holdout MAE: 0.2601
Holdout R2: 0.8684