Carregando dados limpos de:
c:\Users\mpoli\Desktop\UFOP\9 PERIODO\TCC\Scripts\ModelData\Bahrain Grand Prix\bahrain_grand_prix_cleaned_data.csv

--- COMPARAÇÃO LINEAR REGRESSION WALK FORWARD (WF) ---
Ratio  Laps  Folds  RMSE_Media      IC_95%_RMSE  MAE_Media       IC_95%_MAE  R2_Media          IC_95%_R2
   5%     3     53      1.6067 [0.5359, 2.6775]     0.9799 [0.3764, 1.5835]  -10.5945 [-24.3854, 3.1964]
  10%     6     50      0.4747 [0.2523, 0.6971]     0.3298 [0.2129, 0.4466]    0.4184  [-0.5351, 1.3719]
  12%     7     49      0.3526 [0.3089, 0.3963]     0.2609 [0.2401, 0.2816]    0.9011   [0.8516, 0.9505]
  15%     8     48      0.3212 [0.3057, 0.3367]     0.2441 [0.2336, 0.2546]    0.9311    [0.923, 0.9392]
  20%    11     45      0.3218 [0.3064, 0.3372]     0.2440 [0.2336, 0.2543]    0.9307   [0.9233, 0.9381]
  25%    14     42      0.3031 [0.2914, 0.3148]     0.2316 [0.2228, 0.2404]    0.9369   [0.9309, 0.9429]
  30%    16     40      0.2991 [0.2891, 0.3091]     0.2286  [0.221, 0.2361]    0.9381   [0.9328, 0.9434]
  35%    19     37      0.2878 [0.2795, 0.2961]     0.2206 [0.2141, 0.2272]    0.9427   [0.9383, 0.9472]
  40%    22     34      0.2842 [0.2773, 0.2911]     0.2180  [0.212, 0.2239]    0.9461   [0.9428, 0.9495]
  60%    33     23      0.2802 [0.2726, 0.2879]     0.2159 [0.2091, 0.2227]    0.9481    [0.9452, 0.951]

--- TODOS OS FOLDS (WF GERAL) | MELHOR -> PIOR RMSE ---
Ratio  Fold Voltas_Treino Voltas_Teste  Train_Regs  Test_Regs    RMSE     MAE        R2
  35%    29         31-45        46-49         761        195  0.2528  0.1882    0.9494
  60%    14         16-41        42-48        1488        370  0.2532  0.1911    0.9558
  25%    34         36-46        47-49         604        147  0.2533  0.1874    0.9457
  60%    15         17-42        43-49        1499        364  0.2546  0.1908    0.9532
  10%    42         44-47        48-49         203         99  0.2549  0.1868    0.9401
  35%     4          6-20        21-24         849        294  0.2557  0.1947    0.9485
  12%    42         44-48        49-50         251        102  0.2559  0.1946    0.9440
  40%    26         28-44        45-49         888        244  0.2566  0.1929    0.9480
  40%     1          3-19        20-24         992        364  0.2570  0.1934    0.9459
  35%    25         27-41        42-45         776        226  0.2570  0.1968    0.9572
  35%    28         30-44        45-48         770        193  0.2572  0.1906    0.9487
  40%    22         24-40        41-45         934        279  0.2574  0.1981    0.9586
  15%    19         21-26        27-28         429        123  0.2575  0.2082    0.9579
  35%    30         32-46        47-50         753        198  0.2578  0.1918    0.9439
  40%    21         23-39        40-44         950        289  0.2579  0.1988    0.9596
  35%    24         26-40        41-44         787        230  0.2581  0.2001    0.9596
  30%    31         33-44        45-48         619        193  0.2582  0.1930    0.9482
  40%     2          4-20        21-25         990        365  0.2582  0.1954    0.9489
  35%     3          5-19        20-23         846        288  0.2584  0.1971    0.9439
  60%    13         15-40        41-47        1475        375  0.2586  0.1974    0.9572
  60%    12         14-39        40-46        1455        386  0.2587  0.2013    0.9582
  60%    16         18-43        44-50        1512        353  0.2592  0.1936    0.9473
  15%    40         42-47        48-49         322         99  0.2597  0.1882    0.9378
  40%    25         27-43        44-48         895        251  0.2598  0.1928    0.9483
  20%    38         40-47        48-50         434        150  0.2598  0.1961    0.9398
  30%    30         32-43        44-47         598        203  0.2600  0.1967    0.9507
  20%    37         39-46        47-49         454        147  0.2600  0.1968    0.9428
  30%    32         34-45        46-49         631        195  0.2603  0.1929    0.9463
  10%    16         18-21        22-23         258        148  0.2603  0.1956    0.9482
  40%    23         25-41        42-46         911        274  0.2604  0.1996    0.9559
  12%    19         21-25        26-27         365        129  0.2611  0.2083    0.9574
  12%    20         22-26        27-28         359        123  0.2614  0.2120    0.9566
  40%    28         30-46        47-51         867        251  0.2614  0.1951    0.9429
  35%     9         11-25        26-29         877        247  0.2616  0.2021    0.9584
  15%    13         15-20        21-22         323        143  0.2616  0.2069    0.9413
  60%    17         19-44        45-51        1515        348  0.2618  0.1970    0.9454
  60%    11         13-38        39-45        1433        406  0.2620  0.2052    0.9578
  10%    43         45-48        49-50         193        102  0.2622  0.1997    0.9412
  25%    35         37-47        48-50         610        150  0.2623  0.1951    0.9386
  25%    33         35-45        46-48         595        144  0.2631  0.1971    0.9466
  25%    29         31-41        42-44         535        177  0.2635  0.1974    0.9567
  30%    33         35-46        47-50         643        198  0.2637  0.1985    0.9413
  12%    16         18-22        23-24         331        151  0.2637  0.2048    0.9488
  25%    13         15-25        26-28         688        187  0.2642  0.2064    0.9556
  25%    14         16-26        27-29         712        183  0.2642  0.2062    0.9583
  60%    20         22-47        48-54        1457        395  0.2647  0.2022    0.9433
  40%    24         26-42        43-47         897        265  0.2648  0.1972    0.9531
  35%    31         33-47        48-51         764        203  0.2651  0.1989    0.9389
  35%    23         25-39        40-43         799        231  0.2655  0.2045    0.9585
  40%     3          5-21        22-26         986        359  0.2657  0.2005    0.9489
  25%    31         33-43        44-46         561        155  0.2661  0.2052    0.9484
  20%    17         19-26        27-29         562        183  0.2678  0.2090    0.9572
  15%    17         19-24        25-26         427        135  0.2679  0.2018    0.9515
  30%    11         13-24        25-28         702        258  0.2680  0.2044    0.9529
  10%    17         19-22        23-24         276        151  0.2681  0.2053    0.9471
  35%     8         10-24        25-28         865        258  0.2682  0.2056    0.9529
  30%     5          7-18        19-22         647        276  0.2682  0.2095    0.9327
  30%    34         36-47        48-51         652        203  0.2684  0.2007    0.9373
  30%    12         14-25        26-29         727        247  0.2684  0.2069    0.9562
  35%     2          4-18        19-22         857        276  0.2686  0.2100    0.9325
  12%    14         16-20        21-22         283        143  0.2686  0.2112    0.9381
  15%    18         20-25        26-27         435        129  0.2687  0.2119    0.9549
  15%    39         41-46        47-48         327         96  0.2691  0.2111    0.9393
  25%     9         11-21        22-24         582        224  0.2699  0.2043    0.9445
  15%    36         38-43        44-45         360        107  0.2699  0.2052    0.9445
  20%    11         13-20        21-23         408        218  0.2700  0.2129    0.9416
  10%    19         21-24        25-26         294        135  0.2702  0.2086    0.9507
  60%    18         20-45        46-52        1501        364  0.2702  0.2056    0.9431
  60%    19         21-46        47-53        1479        380  0.2702  0.2043    0.9415
  12%    41         43-47        48-49         265         99  0.2703  0.1963    0.9326
  15%    16         18-23        24-25         406        147  0.2706  0.2086    0.9463
  25%    32         34-44        45-47         582        145  0.2710  0.2049    0.9465
  35%    26         28-42        43-46         768        217  0.2711  0.2066    0.9517
  25%     8         10-20        21-23         571        218  0.2715  0.2123    0.9410
  30%    13         15-26        27-30         752        241  0.2717  0.2114    0.9583
  15%    15         17-22        23-24         380        151  0.2723  0.2081    0.9454
  10%    21         23-26        27-28         286        123  0.2724  0.2191    0.9529
  20%    35         37-44        45-47         465        145  0.2725  0.2038    0.9459
  15%    14         16-21        22-23         353        148  0.2726  0.2091    0.9432
  12%    18         20-24        25-26         364        135  0.2727  0.2072    0.9498
  25%    10         12-22        23-25         601        222  0.2729  0.2058    0.9460
  15%    33         35-40        41-42         316        110  0.2729  0.2178    0.9551
  20%    16         18-25        26-28         553        187  0.2729  0.2161    0.9526
  40%     7          9-25        26-30        1003        305  0.2731  0.2107    0.9568
  40%     6          8-24        25-29        1003        318  0.2731  0.2081    0.9532
  10%     1           3-6          7-8         282        142  0.2734  0.2107    0.9488
  35%     5          7-21        22-25         850        295  0.2734  0.2070    0.9443
  40%     4          6-22        23-27         992        351  0.2735  0.2076    0.9488
  35%    27         29-43        44-47         772        203  0.2738  0.2081    0.9453
   5%    20         22-23        24-24         148         76  0.2739  0.2089    0.9430
  20%    36         38-45        46-48         467        144  0.2740  0.2108    0.9421
  25%    11         13-23        24-26         626        211  0.2741  0.2065    0.9472
  25%    12         14-24        25-27         656        200  0.2743  0.2073    0.9509
  25%    36         38-48        49-51         611        155  0.2744  0.2068    0.9367
  12%    40         42-46        47-48         274         96  0.2745  0.2152    0.9369
  10%    20         22-25        26-27         295        129  0.2747  0.2149    0.9529
  35%    10         12-26        27-30         887        241  0.2748  0.2125    0.9573
   5%    17         19-20        21-21         133         70  0.2748  0.2051    0.9322
  30%    10         12-23        24-27         676        276  0.2750  0.2091    0.9487
  30%    28         30-41        42-45         593        226  0.2753  0.2079    0.9509
  20%    33         35-42        43-45         426        169  0.2756  0.2069    0.9503
  15%    41         43-48        49-50         313        102  0.2756  0.2084    0.9350
  12%    34         36-40        41-42         277        110  0.2758  0.2204    0.9541
  35%    22         24-38        39-42         807        237  0.2758  0.2177    0.9538
  20%    15         17-24        25-27         531        200  0.2759  0.2097    0.9503
  60%    10         12-37        38-44        1422        418  0.2765  0.2164    0.9524
  20%    32         34-41        42-44         405        177  0.2765  0.2059    0.9523
  20%    34         36-43        44-46         449        155  0.2766  0.2088    0.9442
  25%    30         32-42        43-45         536        169  0.2773  0.2078    0.9497
  40%     5          7-23        24-28         998        334  0.2775  0.2118    0.9479
  20%    39         41-48        49-51         423        155  0.2775  0.2046    0.9353
  12%    17         19-23        24-25         351        147  0.2779  0.2081    0.9433
  40%    20         22-38        39-43         955        299  0.2781  0.2158    0.9542
  30%    26         28-39        40-43         599        231  0.2788  0.2105    0.9542
  30%     7          9-20        21-24         638        294  0.2790  0.2127    0.9387
  20%    13         15-22        23-25         466        222  0.2790  0.2124    0.9435
  40%    27         29-45        46-50         879        246  0.2796  0.2140    0.9374
  25%     7          9-19        20-22         568        213  0.2800  0.2159    0.9292
  20%    12         14-21        22-24         432        224  0.2801  0.2169    0.9402
  35%    15         17-31        32-35         963        149  0.2805  0.2162    0.9575
  30%    27         29-40        41-44         600        230  0.2816  0.2139    0.9519
  60%    21         23-48        49-55        1432        414  0.2823  0.2177    0.9383
  20%    14         16-23        24-26         501        211  0.2823  0.2128    0.9440
  40%    29         31-47        48-52         857        268  0.2824  0.2167    0.9344
  20%    20         22-29        30-32         542        151  0.2834  0.2251    0.9606
  30%    29         31-42        43-46         592        217  0.2835  0.2160    0.9472
  25%    15         17-27        28-30         731        176  0.2837  0.2227    0.9555
  30%     4          6-17        18-21         661        258  0.2839  0.2229    0.9182
  25%     6          8-18        19-21         576        203  0.2839  0.2285    0.9202
  35%     7          9-23        24-27         856        276  0.2843  0.2168    0.9452
  30%     9         11-22        23-26         655        286  0.2843  0.2138    0.9431
  15%    35         37-42        43-44         345        120  0.2852  0.2102    0.9498
  12%    37         39-43        44-45         299        107  0.2854  0.2247    0.9380
  60%     9         11-36        37-43        1429        407  0.2856  0.2226    0.9495
  40%    19         21-37        38-42         964        298  0.2857  0.2244    0.9484
  30%    18         20-31        32-35         796        149  0.2859  0.2220    0.9559
  30%    25         27-38        39-42         596        237  0.2859  0.2241    0.9504
  40%     8         10-26        27-31        1000        297  0.2859  0.2223    0.9550
  25%    17         19-29        30-32         745        151  0.2861  0.2285    0.9599
  35%     6          8-22        23-26         852        286  0.2866  0.2164    0.9421
  40%    13         15-31        32-36        1049        191  0.2870  0.2169    0.9551
  15%    34         36-41        42-43         330        119  0.2872  0.2133    0.9516
  30%     6          8-19        20-23         639        288  0.2872  0.2250    0.9306
  30%     8         10-21        22-25         641        295  0.2883  0.2178    0.9381
  10%    41         43-46        47-48         217         96  0.2883  0.2305    0.9304
  12%     1           3-7          8-9         353        138  0.2885  0.2333    0.9463
  25%    27         29-39        40-42         541        169  0.2886  0.2240    0.9494
  20%    22         24-31        32-34         508        110  0.2886  0.2309    0.9575
  10%    18         20-23        24-25         288        147  0.2888  0.2210    0.9388
  12%    15         17-21        22-23         307        148  0.2891  0.2267    0.9361
  12%    25         27-31        32-33         297         74  0.2892  0.2305    0.9584
   5%    28         30-31        32-32         114         37  0.2892  0.2276    0.9614
  40%     9         11-27        28-32        1006        269  0.2892  0.2258    0.9562
  15%    26         28-33        34-35         306         75  0.2893  0.2172    0.9495
  15%    42         44-49        50-51         302        104  0.2893  0.2128    0.9309
  60%     8         10-35        36-42        1446        387  0.2900  0.2261    0.9476
  30%    15         17-28        29-32         789        211  0.2901  0.2258    0.9582
   5%    52         54-55        56-56         130         68  0.2903  0.2345    0.9462
  25%    28         30-40        41-43         540        172  0.2903  0.2214    0.9511
  25%    16         18-28        29-31         740        174  0.2905  0.2276    0.9571
  15%    20         22-27        28-29         424        118  0.2913  0.2257    0.9498
  60%    22         24-49        50-56        1408        431  0.2913  0.2282    0.9379
  25%    19         21-31        32-34         726        110  0.2914  0.2323    0.9567
  20%    31         33-40        41-43         389        172  0.2917  0.2281    0.9506
  20%    10         12-19        20-22         388        213  0.2917  0.2279    0.9232
   5%    21         23-24        25-25         151         71  0.2920  0.2249    0.9394
  15%    24         26-31        32-33         361         74  0.2921  0.2272    0.9575
  60%     1          3-28        29-35        1614        323  0.2922  0.2260    0.9570
  40%    30         32-48        49-53         849        284  0.2923  0.2254    0.9319
  20%    21         23-30        31-33         527        130  0.2927  0.2315    0.9580
  40%    10         12-28        29-33        1010        248  0.2928  0.2280    0.9574
  10%    26         28-31        32-33         232         74  0.2933  0.2345    0.9572
  20%    18         20-27        28-30         564        176  0.2938  0.2332    0.9522
   5%    23         25-26        27-27         135         65  0.2938  0.2471    0.9474
  20%    19         21-28        29-31         552        174  0.2941  0.2303    0.9560
  35%    12         14-28        29-32         914        211  0.2942  0.2284    0.9570
  25%    18         20-30        31-33         740        130  0.2943  0.2357    0.9575
  30%    16         18-29        30-33         800        188  0.2944  0.2339    0.9571
  12%    36         38-42        43-44         298        120  0.2946  0.2145    0.9465
  12%    24         26-30        31-32         305         93  0.2949  0.2297    0.9582
  25%     5          7-17        18-20         592        188  0.2953  0.2330    0.9068
  35%    11         13-27        28-31         902        232  0.2955  0.2296    0.9529
  60%     2          4-29        30-36        1602        305  0.2957  0.2294    0.9552
  25%    21         23-33        34-36         657        117  0.2958  0.2219    0.9481
  15%    45         47-52        53-54         316        127  0.2962  0.2244    0.9292
  15%    12         14-19        20-21         292        140  0.2965  0.2385    0.9159
  12%    43         45-49        50-51         244        104  0.2969  0.2179    0.9272
  60%     3          5-30        31-37        1586        294  0.2976  0.2294    0.9541
  40%    31         33-49        50-54         863        296  0.2977  0.2295    0.9306
  12%    27         29-33        34-35         248         75  0.2985  0.2246    0.9462
  40%    12         14-30        31-35        1032        205  0.2988  0.2304    0.9541
  35%    21         23-37        38-41         821        241  0.2989  0.2357    0.9434
  15%    23         25-30        31-32         376         93  0.2989  0.2285    0.9571
  20%    42         44-51        52-54         406        192  0.2994  0.2316    0.9308
  15%    37         39-44        45-46         357         97  0.2997  0.2309    0.9345
  35%    36         38-52        53-56         831        262  0.2998  0.2278    0.9346
  40%    14         16-32        33-37        1046        201  0.3000  0.2278    0.9477
  60%     7          9-34        35-41        1474        369  0.3002  0.2328    0.9438
  10%     6          8-11        12-13         251         96  0.3002  0.2245    0.9629
  25%    20         22-32        33-35         693        112  0.3003  0.2313    0.9473
  15%    21         23-28        29-30         409        118  0.3004  0.2315    0.9538
  40%    11         13-29        30-34        1020        224  0.3005  0.2362    0.9551
  30%    17         19-30        31-34         803        166  0.3006  0.2388    0.9553
  20%    23         25-32        33-35         469        112  0.3011  0.2301    0.9470
  10%    25         27-30        31-32         241         93  0.3021  0.2361    0.9561
  35%    17         19-33        34-37         933        164  0.3025  0.2311    0.9456
  35%    32         34-48        49-52         775        220  0.3025  0.2304    0.9272
  35%    13         15-29        30-33         935        188  0.3028  0.2382    0.9546
  60%     4          6-31        32-38        1575        299  0.3031  0.2327    0.9472
  35%     1          3-17        18-21         874        258  0.3035  0.2366    0.9066
  30%    20         22-33        34-37         730        164  0.3040  0.2301    0.9451
  12%    38         40-44        45-46         289         97  0.3043  0.2362    0.9325
  60%    23         25-50        51-57        1383        422  0.3044  0.2400    0.9350
  15%    44         46-51        52-53         299        129  0.3046  0.2347    0.9297
  30%    19         21-32        33-36         763        154  0.3049  0.2323    0.9460
  30%    14         16-27        28-31         777        232  0.3051  0.2358    0.9498
  10%    22         24-27        28-29         276        118  0.3053  0.2331    0.9449
   5%    18         20-21        22-22         140         73  0.3053  0.2392    0.9230
  60%     6          8-33        34-40        1509        352  0.3054  0.2369    0.9424
  20%    24         26-33        34-36         435        117  0.3055  0.2274    0.9446
  30%    24         26-37        38-41         599        241  0.3056  0.2424    0.9408
  10%    35         37-40        41-42         235        110  0.3058  0.2497    0.9436
  10%    39         41-44        45-46         230         97  0.3058  0.2404    0.9318
  12%    46         48-52        53-54         268        127  0.3062  0.2316    0.9243
   5%    37         39-40        41-41         127         53  0.3063  0.2329    0.9465
  10%    15         17-20        21-22         237        143  0.3068  0.2425    0.9192
  10%    23         25-28        29-30         258        118  0.3076  0.2374    0.9515
  60%     5          7-32        33-39        1543        330  0.3077  0.2390    0.9424
  35%    16         18-32        33-36         951        154  0.3080  0.2361    0.9449
  15%    38         40-45        46-47         338         96  0.3084  0.2387    0.9337
  30%    39         41-52        53-56         643        262  0.3087  0.2314    0.9306
  12%    35         37-41        42-43         288        119  0.3088  0.2351    0.9440
  40%    17         19-35        36-40        1008        277  0.3091  0.2381    0.9394
  35%    35         37-51        52-55         813        259  0.3094  0.2425    0.9276
  12%    45         47-51        52-53         251        129  0.3096  0.2363    0.9273
  40%    18         20-36        37-41         987        288  0.3097  0.2380    0.9389
  40%    16         18-34        35-39        1024        257  0.3102  0.2377    0.9381
  35%    14         16-30        31-34         953        166  0.3104  0.2446    0.9523
  10%     4           6-9        10-11         278        113  0.3111  0.2381    0.9536
  15%    27         29-34        35-36         284         81  0.3118  0.2261    0.9398
   5%    49         51-52        53-53         118         64  0.3119  0.2369    0.9212
  12%    22         24-28        29-30         334        118  0.3125  0.2364    0.9500
  40%    34         36-52        53-57         920        304  0.3127  0.2417    0.9316
  30%    35         37-48        49-52         658        220  0.3127  0.2367    0.9222
  12%    49         51-55        56-57         312        110  0.3133  0.2542    0.9395
  15%    25         27-32        33-34         334         73  0.3135  0.2477    0.9460
  40%    33         35-51        52-56         894        327  0.3135  0.2485    0.9292
  15%    48         50-55        56-57         363        110  0.3140  0.2537    0.9392
  10%     5          7-10        11-12         268        104  0.3140  0.2403    0.9561
  15%     2           4-9        10-11         419        113  0.3141  0.2398    0.9527
  15%     3          5-10        11-12         404        104  0.3148  0.2329    0.9559
  25%    25         27-37        38-40         535        188  0.3154  0.2502    0.9349
  12%    12         14-18        19-20         229        133  0.3163  0.2550    0.8948
  15%     1           3-8         9-10         424        126  0.3165  0.2509    0.9467
  40%    15         17-33        34-38        1037        225  0.3169  0.2428    0.9367
  12%    39         41-45        46-47         279         96  0.3173  0.2431    0.9298
  15%    11         13-18        19-20         275        133  0.3181  0.2582    0.8936
  30%     3          5-16        17-20         679        237  0.3183  0.2438    0.9183
  20%     9         11-18        19-21         379        203  0.3187  0.2607    0.8994
  35%    19         21-35        36-39         875        218  0.3194  0.2467    0.9344
  20%     8         10-17        18-20         383        188  0.3198  0.2530    0.8907
  25%    22         24-34        35-37         618        128  0.3202  0.2327    0.9368
  12%    28         30-34        35-36         224         81  0.3203  0.2273    0.9365
  10%    46         48-51        52-53         203        129  0.3205  0.2374    0.9221
  12%    26         28-32        33-34         269         73  0.3205  0.2547    0.9436
  12%    29         31-35        36-37         205         89  0.3209  0.2382    0.9381
   5%     3           5-6          7-7         136         71  0.3217  0.2423    0.9304
  10%    47         49-52        53-54         220        127  0.3222  0.2429    0.9162
  20%    43         45-52        53-55         413        194  0.3222  0.2314    0.9195
  35%    34         36-50        51-54         802        245  0.3229  0.2466    0.9192
  40%    32         34-50        51-55         877        312  0.3236  0.2495    0.9205
  35%    18         20-34        35-38         906        189  0.3245  0.2461    0.9309
  10%    28         30-33        34-35         188         75  0.3247  0.2542    0.9363
  30%    21         23-34        35-38         693        189  0.3250  0.2464    0.9307
  12%    21         23-27        28-29         351        118  0.3251  0.2491    0.9375
  35%    33         35-49        50-53         790        233  0.3255  0.2462    0.9170
  25%    26         28-38        39-41         531        180  0.3256  0.2487    0.9365
  10%    27         29-32        33-34         211         73  0.3257  0.2558    0.9418
  15%    22         24-29        30-31         394        114  0.3258  0.2517    0.9468
  15%    28         30-35        36-37         263         89  0.3259  0.2452    0.9362
  10%    24         26-29        30-31         247        114  0.3267  0.2540    0.9465
  12%     3           5-9        10-11         345        113  0.3275  0.2528    0.9486
  15%     7          9-14        15-16         315         86  0.3282  0.2506    0.9527
  25%    40         42-52        53-55         590        194  0.3290  0.2314    0.9160
  10%    50         52-55        56-57         259        110  0.3290  0.2655    0.9333
  12%    23         25-29        30-31         318        114  0.3298  0.2588    0.9454
  30%    38         40-51        52-55         637        259  0.3300  0.2528    0.9176
  35%    20         22-36        37-40         847        235  0.3316  0.2517    0.9280
  10%    29         31-34        35-36         166         81  0.3323  0.2375    0.9316
  12%     4          6-10        11-12         337        104  0.3341  0.2436    0.9503
  25%    39         41-51        52-54         578        192  0.3345  0.2552    0.9137
  25%    42         44-54        55-57         598        177  0.3354  0.2641    0.9264
  20%    30         32-39        40-42         367        169  0.3360  0.2601    0.9314
  30%     2          4-15        16-19         707        213  0.3381  0.2619    0.9262
   5%    41         43-44        45-45         120         49  0.3383  0.2654    0.9074
  30%    22         24-35        36-39         657        218  0.3387  0.2543    0.9262
  25%     4          6-16        17-19         612        167  0.3394  0.2639    0.9144
   5%    44         46-47        48-48          96         48  0.3400  0.2500    0.8861
  25%     2          4-14        15-17         667        135  0.3404  0.2585    0.9491
  12%     5          7-11        12-13         322         96  0.3422  0.2592    0.9517
  20%     7          9-16        17-19         401        167  0.3426  0.2675    0.9127
  20%     3          5-12        13-15         508        125  0.3442  0.2593    0.9516
  30%    40         42-53        54-57         654        240  0.3462  0.2636    0.9178
  25%    41         43-53        54-56         597        198  0.3464  0.2534    0.9141
  25%    23         25-35        36-38         581        150  0.3490  0.2693    0.9198
  15%    29         31-36        37-38         247        108  0.3492  0.2629    0.9129
  35%    37         39-53        54-57         834        240  0.3504  0.2636    0.9157
  12%    13         15-19        20-21         253        140  0.3511  0.2813    0.8821
  20%    25         27-34        35-37         407        128  0.3513  0.2525    0.9239
  25%     3          5-15        16-18         633        150  0.3520  0.2661    0.9308
   5%     4           6-7          8-8         140         71  0.3529  0.2929    0.9126
  15%    10         12-17        18-19         270        118  0.3532  0.2751    0.8638
  20%    28         30-37        38-40         352        188  0.3544  0.2713    0.9178
   5%    22         24-25        26-26         147         64  0.3558  0.2678    0.9189
  10%    32         34-37        38-39         164        129  0.3558  0.2803    0.9143
  20%     5          7-14        15-17         457        135  0.3559  0.2693    0.9444
  20%    44         46-53        54-56         428        198  0.3567  0.2618    0.9089
  15%     5          7-12        13-14         372         85  0.3574  0.2684    0.9468
   5%    40         42-43        44-44         119         58  0.3575  0.2741    0.9063
  30%     1          3-14        15-18         739        190  0.3578  0.2770    0.9335
  30%    36         38-49        50-53         662        233  0.3581  0.2656    0.8995
  10%    40         42-45        46-47         226         96  0.3589  0.2760    0.9102
  12%     8         10-14        15-16         248         86  0.3589  0.2818    0.9434
  30%    23         25-36        37-40         623        235  0.3595  0.2704    0.9154
  10%    13         15-18        19-20         190        133  0.3599  0.2815    0.8638
  10%    31         33-36        37-38         154        108  0.3621  0.2778    0.9063
  12%     6          8-12        13-14         301         85  0.3635  0.2765    0.9450
  12%    31         33-37        38-39         201        129  0.3640  0.2808    0.9103
  20%     6          8-15        16-18         426        150  0.3654  0.2783    0.9254
   5%    25         27-28        29-29         123         60  0.3698  0.3052    0.9272
   5%    39         41-42        43-43         110         62  0.3705  0.2597    0.9252
  15%    30         32-37        38-39         238        129  0.3710  0.2834    0.9068
  10%     7          9-12        13-14         230         85  0.3712  0.2855    0.9427
  10%    36         38-41        42-43         241        119  0.3714  0.2850    0.9190
  12%    33         35-39        40-41         257        112  0.3742  0.2882    0.9169
  25%    37         39-49        50-52         601        169  0.3758  0.2766    0.8904
  25%    24         26-36        37-39         552        176  0.3762  0.2789    0.9051
  12%    47         49-53        54-55         284        130  0.3766  0.2668    0.8907
  12%    10         12-16        17-18         221        104  0.3770  0.3027    0.9102
  15%     4          6-11        12-13         391         96  0.3800  0.2892    0.9405
  15%    46         48-53        54-55         332        130  0.3810  0.2678    0.8881
  12%    30         32-36        37-38         191        108  0.3819  0.2825    0.8958
  15%     9         11-16        17-18         275        104  0.3822  0.3037    0.9078
  25%     1          3-13        14-16         700        125  0.3835  0.3052    0.9368
   5%    46         48-49        50-50          99         51  0.3836  0.2936    0.8763
   5%    36         38-39        40-40         129         59  0.3838  0.2875    0.9093
   5%    29         31-32        33-33          93         37  0.3842  0.2766    0.9185
  10%    38         40-43        44-45         231        107  0.3849  0.3162    0.8872
  10%     8         10-13        14-15         209         79  0.3860  0.2944    0.9364
  20%    27         29-36        37-39         365        176  0.3870  0.2879    0.8995
  20%     4          6-13        14-16         487        125  0.3887  0.3065    0.9350
  30%    37         39-50        51-54         652        245  0.3892  0.2912    0.8826
   5%    53         55-56        57-57         135         42  0.3906  0.3323    0.9109
  20%    26         28-35        36-38         381        150  0.3912  0.2875    0.8992
  10%    37         39-42        43-44         237        120  0.3915  0.2891    0.9055
   5%    31         33-34        35-35          73         39  0.3916  0.2913    0.8969
  15%     6          8-13        14-15         347         79  0.3948  0.3086    0.9335
  12%    11         13-17        18-19         220        118  0.3951  0.3157    0.8295
  10%    48         50-53        54-55         233        130  0.3954  0.2665    0.8795
  20%    29         31-38        39-41         355        180  0.3967  0.2968    0.9058
  10%    30         32-35        36-37         149         89  0.3967  0.2822    0.9054
  20%    40         42-49        50-52         421        169  0.3986  0.2804    0.8768
  10%     9         11-14        15-16         189         86  0.4015  0.3091    0.9292
   5%    42         44-45        46-46         107         48  0.4033  0.3150    0.8915
  10%    11         13-16        17-18         171        104  0.4039  0.3250    0.8970
  25%    38         40-50        51-53         584        182  0.4055  0.2990    0.8733
  12%     7          9-13        14-15         276         79  0.4055  0.3221    0.9298
  20%     1          3-10        11-13         550        150  0.4059  0.3181    0.9287
  15%    32         34-39        40-41         293        112  0.4071  0.3133    0.9017
  15%     8         10-15        16-17         288         95  0.4099  0.3158    0.9251
  20%     2          4-11        12-14         532        135  0.4131  0.3162    0.9304
  10%    34         36-39        40-41         218        112  0.4198  0.3197    0.8955
   5%    34         36-37        38-38          89         61  0.4221  0.3455    0.8630
   5%    27         29-30        31-31         118         56  0.4251  0.3264    0.9098
   5%    24         26-27        28-28         129         58  0.4325  0.3572    0.8750
   5%    50         52-53        54-54         129         63  0.4331  0.3582    0.8470
   5%    45         47-48        49-49          96         51  0.4333  0.3447    0.8364
  10%    44         46-49        50-51         195        104  0.4373  0.2428    0.8421
  10%    12         14-17        18-19         174        118  0.4380  0.3476    0.7904
  10%    14         16-19        20-21         213        140  0.4412  0.3433    0.8138
  20%    41         43-50        51-53         415        182  0.4428  0.3142    0.8489
  20%    45         47-54        55-57         443        177  0.4480  0.2858    0.8687
  15%    43         45-50        51-52         295        118  0.4617  0.3292    0.8397
   5%    32         34-35        36-36          75         42  0.4629  0.3601    0.8764
  15%    47         49-54        55-56         347        135  0.4642  0.2833    0.8530
  15%    31         33-38        39-40         262        127  0.4657  0.3399    0.8674
  10%    33         35-38        39-40         189        127  0.4661  0.3460    0.8672
   5%    19         21-22        23-23         143         75  0.4757  0.2759    0.8383
  12%     9         11-15        16-17         229         95  0.4767  0.3837    0.8986
  12%    32         34-38        39-40         225        127  0.4792  0.3486    0.8596
  10%    10         12-15        16-17         175         95  0.4942  0.4051    0.8911
  12%    48         50-54        55-56         296        135  0.5095  0.2808    0.8230
   5%    30         32-33        34-34          74         36  0.5330  0.4412    0.8447
   5%    35         37-38        39-39         108         68  0.5335  0.3884    0.8259
   5%    33         35-36        37-37          81         47  0.5446  0.4002    0.8049
   5%    14         16-17        18-18          95         55  0.5587  0.4211    0.6525
  10%     2           4-7          8-9         281        138  0.5727  0.3693    0.7885
   5%    11         13-14        15-15          85         40  0.5783  0.4802    0.8563
  10%     3           5-8         9-10         278        126  0.5846  0.4039    0.8180
  12%     2           4-8         9-10         352        126  0.6289  0.4204    0.7894
   5%    48         50-51        52-52         104         65  0.6614  0.5196    0.6877
   5%    26         28-29        30-30         118         58  0.8240  0.6154    0.6561
   5%    15         17-18        19-19         104         63  0.8292  0.6239    0.2613
   5%    13         15-16        17-17          86         49  0.8594  0.6262    0.6741
   5%     9         11-12        13-13         104         46  0.8609  0.6084    0.6916
  10%    45         47-50        51-52         198        118  0.9140  0.5061    0.3717
   5%    10         12-13        14-14          96         39  0.9276  0.6675    0.6267
   5%    38         40-41        42-42         112         57  0.9812  0.5181    0.3825
   5%     1           3-4          5-5         146         67  1.0030  0.7827    0.2538
   5%     6           8-9        10-10         138         59  1.0079  0.6324    0.5166
   5%     7          9-10        11-11         126         54  1.2634  1.0152    0.2275
  12%    44         46-50        51-52         246        118  1.3068  0.6590   -0.2844
   5%    47         49-50        51-51         102         53  1.3791  0.5002   -0.5453
   5%     8         10-11        12-12         113         50  1.4851  0.9854    0.0909
   5%    43         45-46        47-47          97         48  2.2704  1.5082   -2.7646
   5%    12         14-15        16-16          79         46  2.2883  1.5336   -1.3626
   5%    16         18-19        20-20         118         70  5.3173  2.7105  -28.1914
  10%    49         51-54        55-56         245        135  5.9832  3.2192  -23.4111
   5%     2           4-5          6-6         141         69 11.8020  6.3178  -85.3494
   5%    51         53-54        55-55         127         67 13.9176  7.0796 -141.5921
   5%     5           7-8          9-9         142         67 23.8638 14.1819 -337.9784
Arquivos .txt salvos em: c:\Users\mpoli\Desktop\UFOP\9 PERIODO\TCC\Scripts\Results\lr_wf_fold_results\bahrain_grand_prix\wf_geral

--- COMPARAÇÃO LINEAR REGRESSION WALK FORWARD (WF) | APENAS 2025 ---
Ano avaliado: 2025 | Voltas consideradas: 55 (3-57) | Treino: todos os anos (exceto a janela de teste de 2025 em cada fold)
Ratio  Laps  Folds  RMSE_Media      IC_95%_RMSE  MAE_Media       IC_95%_MAE  R2_Media        IC_95%_R2
   5%     3     49      0.3097 [0.2829, 0.3365]     0.2550 [0.2293, 0.2808]    0.7487 [0.6765, 0.8209]
  10%     6     47      0.3161 [0.2912, 0.3409]     0.2581 [0.2336, 0.2826]    0.7633 [0.6922, 0.8344]
  12%     7     46      0.3174 [0.2921, 0.3427]     0.2589 [0.2339, 0.2839]    0.7639 [0.6913, 0.8365]
  15%     8     45      0.3168  [0.291, 0.3427]     0.2582 [0.2327, 0.2837]    0.7689 [0.6953, 0.8425]
  20%    11     43      0.3230 [0.2973, 0.3488]     0.2627 [0.2368, 0.2885]    0.7715 [0.6957, 0.8472]
  25%    14     40      0.3249 [0.2973, 0.3525]     0.2648 [0.2371, 0.2925]    0.7631 [0.6822, 0.8441]
  30%    16     39      0.3307  [0.303, 0.3585]     0.2697 [0.2417, 0.2977]    0.7627 [0.6808, 0.8446]
  35%    19     36      0.3256  [0.2961, 0.355]     0.2660  [0.2359, 0.296]    0.7761  [0.689, 0.8632]
  40%    22     34      0.3298  [0.299, 0.3606]     0.2699 [0.2384, 0.3015]    0.7830 [0.6913, 0.8748]
  60%    33     23      0.3234 [0.2891, 0.3576]     0.2636 [0.2293, 0.2978]    0.8332 [0.8103, 0.8561]

--- TODOS OS FOLDS (WF 2025) | MELHOR -> PIOR RMSE ---
Ratio  Fold Voltas_Teste_2025  Train_Regs_Total  Train_Regs_2022_2024  Train_Regs_2025_Passado  Test_Regs_2025   RMSE    MAE      R2
   5%    39             47-47              2974                  2381                      593              16 0.1632 0.1323  0.9398
   5%    40             48-48              2990                  2381                      609              18 0.1658 0.1225  0.9258
  12%    37             47-48              2974                  2381                      593              34 0.1663 0.1281  0.9316
  10%    38             47-48              2974                  2381                      593              34 0.1663 0.1281  0.9316
  15%    36             47-48              2974                  2381                      593              34 0.1663 0.1281  0.9316
   5%    46             54-54              3091                  2381                      710              18 0.1923 0.1567  0.9148
   5%    36             44-44              2927                  2381                      546              15 0.1943 0.1569  0.8950
   5%    34             42-42              2891                  2381                      510              18 0.1978 0.1709  0.9368
   5%    11             15-15              2563                  2381                      182              11 0.2038 0.1805  0.9441
  15%    42             53-54              3074                  2381                      693              35 0.2053 0.1682  0.9022
  10%    44             53-54              3074                  2381                      693              35 0.2053 0.1682  0.9022
  12%    43             53-54              3074                  2381                      693              35 0.2053 0.1682  0.9022
  20%    35             47-49              2974                  2381                      593              51 0.2061 0.1494  0.8751
  25%    32             47-49              2974                  2381                      593              51 0.2061 0.1494  0.8751
   5%     3               7-7              2452                  2381                       71              18 0.2071 0.1726  0.7836
  12%    44             54-55              3091                  2381                      710              36 0.2141 0.1644  0.8969
  15%    43             54-55              3091                  2381                      710              36 0.2141 0.1644  0.8969
  10%    45             54-55              3091                  2381                      710              36 0.2141 0.1644  0.8969
   5%    45             53-53              3074                  2381                      693              17 0.2143 0.1767  0.8917
  20%    41             53-55              3074                  2381                      693              53 0.2152 0.1707  0.8949
  25%    38             53-55              3074                  2381                      693              53 0.2152 0.1707  0.8949
  15%    33             44-45              2927                  2381                      546              30 0.2180 0.1646  0.8683
  10%    35             44-45              2927                  2381                      546              30 0.2180 0.1646  0.8683
  12%    34             44-45              2927                  2381                      546              30 0.2180 0.1646  0.8683
  35%    29             47-50              2974                  2381                      593              67 0.2185 0.1545  0.8574
  30%    32             47-50              2974                  2381                      593              67 0.2185 0.1545  0.8574
  12%    38             48-49              2990                  2381                      609              35 0.2222 0.1568  0.8301
  10%    39             48-49              2990                  2381                      609              35 0.2222 0.1568  0.8301
  15%    37             48-49              2990                  2381                      609              35 0.2222 0.1568  0.8301
  40%    25             44-48              2927                  2381                      546              81 0.2262 0.1693  0.8818
  20%    34             46-48              2957                  2381                      576              51 0.2321 0.1732  0.8803
  25%    31             46-48              2957                  2381                      576              51 0.2321 0.1732  0.8803
  25%    33             48-50              2990                  2381                      609              51 0.2329 0.1615  0.8182
  20%    36             48-50              2990                  2381                      609              51 0.2329 0.1615  0.8182
  60%    14             42-48              2891                  2381                      510             117 0.2336 0.1817  0.9015
  30%    30             45-48              2942                  2381                      561              66 0.2340 0.1729  0.8761
  35%    27             45-48              2942                  2381                      561              66 0.2340 0.1729  0.8761
  25%    27             42-44              2891                  2381                      510              51 0.2348 0.1945  0.9211
  20%    30             42-44              2891                  2381                      510              51 0.2348 0.1945  0.9211
  40%    28             47-51              2974                  2381                      593              84 0.2350 0.1699  0.8414
   5%    47             55-55              3109                  2381                      728              18 0.2358 0.1706  0.8778
  35%    24             42-45              2891                  2381                      510              66 0.2360 0.1899  0.9111
  30%    27             42-45              2891                  2381                      510              66 0.2360 0.1899  0.9111
  60%    16             44-50              2927                  2381                      546             114 0.2372 0.1734  0.8572
  12%     8             15-16              2563                  2381                      182              22 0.2386 0.1978  0.8924
  15%     7             15-16              2563                  2381                      182              22 0.2386 0.1978  0.8924
  10%     9             15-16              2563                  2381                      182              22 0.2386 0.1978  0.8924
   5%     6             10-10              2501                  2381                      120              11 0.2396 0.2196  0.8717
  30%    37             52-55              3058                  2381                      677              69 0.2404 0.1914  0.8679
  35%    34             52-55              3058                  2381                      677              69 0.2404 0.1914  0.8679
  40%    26             45-49              2942                  2381                      561              83 0.2410 0.1770  0.8548
  35%    26             44-47              2927                  2381                      546              63 0.2414 0.1843  0.8698
  30%    29             44-47              2927                  2381                      546              63 0.2414 0.1843  0.8698
  25%    37             52-54              3058                  2381                      677              51 0.2414 0.1952  0.8639
  20%    40             52-54              3058                  2381                      677              51 0.2414 0.1952  0.8639
   5%    37             45-45              2942                  2381                      561              15 0.2416 0.1737  0.8388
  30%    31             46-49              2957                  2381                      576              68 0.2416 0.1784  0.8509
  35%    28             46-49              2957                  2381                      576              68 0.2416 0.1784  0.8509
  60%    15             43-49              2909                  2381                      528             116 0.2436 0.1855  0.8811
  10%     4             10-11              2501                  2381                      120              25 0.2439 0.2091  0.8600
  15%     2             10-11              2501                  2381                      120              25 0.2439 0.2091  0.8600
  12%     3             10-11              2501                  2381                      120              25 0.2439 0.2091  0.8600
  40%    27             46-50              2957                  2381                      576              84 0.2445 0.1773  0.8418
  60%    19             47-53              2974                  2381                      593             117 0.2456 0.1841  0.8502
   5%     7             11-11              2512                  2381                      131              14 0.2476 0.1990  0.8473
  30%    33             48-51              2990                  2381                      609              68 0.2488 0.1786  0.8076
  35%    30             48-51              2990                  2381                      609              68 0.2488 0.1786  0.8076
  20%    31             43-45              2909                  2381                      528              48 0.2493 0.1983  0.9012
  25%    28             43-45              2909                  2381                      528              48 0.2493 0.1983  0.9012
  60%    20             48-54              2990                  2381                      609             119 0.2498 0.1890  0.8481
  60%    17             45-51              2942                  2381                      561             116 0.2501 0.1835  0.8414
  12%    32             42-43              2891                  2381                      510              36 0.2502 0.2097  0.9239
  15%    31             42-43              2891                  2381                      510              36 0.2502 0.2097  0.9239
  10%    33             42-43              2891                  2381                      510              36 0.2502 0.2097  0.9239
   5%     2               6-6              2437                  2381                       56              15 0.2509 0.2105  0.6728
   5%    19             23-23              2674                  2381                      293              17 0.2518 0.1703  0.7773
  10%    34             43-44              2909                  2381                      528              33 0.2532 0.2081  0.9136
  12%    33             43-44              2909                  2381                      528              33 0.2532 0.2081  0.9136
  15%    32             43-44              2909                  2381                      528              33 0.2532 0.2081  0.9136
  40%    24             43-47              2909                  2381                      528              81 0.2535 0.1992  0.8891
  30%    38             53-56              3074                  2381                      693              71 0.2544 0.1998  0.8652
  35%    35             53-56              3074                  2381                      693              71 0.2544 0.1998  0.8652
  40%    32             51-55              3041                  2381                      660              86 0.2549 0.2030  0.8525
  10%     1               7-8              2452                  2381                       71              35 0.2555 0.2231  0.7371
  25%    30             45-47              2942                  2381                      561              48 0.2556 0.1943  0.8601
  20%    33             45-47              2942                  2381                      561              48 0.2556 0.1943  0.8601
  40%    22             41-45              2872                  2381                      491              85 0.2556 0.2080  0.8994
  60%    13             41-47              2872                  2381                      491             118 0.2559 0.2043  0.8924
  10%     5             11-12              2512                  2381                      131              28 0.2562 0.2014  0.8847
  12%     4             11-12              2512                  2381                      131              28 0.2562 0.2014  0.8847
  15%     3             11-12              2512                  2381                      131              28 0.2562 0.2014  0.8847
  40%    31             50-54              3025                  2381                      644              84 0.2567 0.1991  0.8462
  12%    31             41-42              2872                  2381                      491              37 0.2577 0.2150  0.9013
  10%    32             41-42              2872                  2381                      491              37 0.2577 0.2150  0.9013
  15%    30             41-42              2872                  2381                      491              37 0.2577 0.2150  0.9013
  60%    21             49-55              3008                  2381                      627             119 0.2579 0.1983  0.8396
  40%    23             42-46              2891                  2381                      510              83 0.2584 0.2064  0.8910
  30%    36             51-54              3041                  2381                      660              68 0.2585 0.2074  0.8445
  35%    33             51-54              3041                  2381                      660              68 0.2585 0.2074  0.8445
  30%    26             41-44              2872                  2381                      491              70 0.2587 0.2145  0.9051
  35%    23             41-44              2872                  2381                      491              70 0.2587 0.2145  0.9051
  60%    18             46-52              2957                  2381                      576             117 0.2608 0.1953  0.8328
  12%    42             52-53              3058                  2381                      677              33 0.2610 0.2120  0.8381
  10%    43             52-53              3058                  2381                      677              33 0.2610 0.2120  0.8381
  15%    41             52-53              3058                  2381                      677              33 0.2610 0.2120  0.8381
   5%    42             50-50              3025                  2381                      644              16 0.2611 0.1755  0.7834
  40%    21             40-44              2854                  2381                      473              88 0.2611 0.2157  0.9023
  40%    29             48-52              2990                  2381                      609              84 0.2614 0.1933  0.8099
  10%    40             49-50              3008                  2381                      627              33 0.2621 0.1830  0.7245
  12%    39             49-50              3008                  2381                      627              33 0.2621 0.1830  0.7245
  15%    38             49-50              3008                  2381                      627              33 0.2621 0.1830  0.7245
  12%    36             46-47              2957                  2381                      576              33 0.2624 0.2033  0.8606
  10%    37             46-47              2957                  2381                      576              33 0.2624 0.2033  0.8606
  15%    35             46-47              2957                  2381                      576              33 0.2624 0.2033  0.8606
  20%    28             40-42              2854                  2381                      473              55 0.2628 0.2184  0.8971
  25%    25             40-42              2854                  2381                      473              55 0.2628 0.2184  0.8971
  25%    39             54-56              3091                  2381                      710              54 0.2632 0.2029  0.8590
  20%    42             54-56              3091                  2381                      710              54 0.2632 0.2029  0.8590
  20%    32             44-46              2927                  2381                      546              47 0.2643 0.2036  0.8420
  25%    29             44-46              2927                  2381                      546              47 0.2643 0.2036  0.8420
   5%    23             27-27              2743                  2381                      362              16 0.2653 0.2149  0.8848
   5%    12             16-16              2574                  2381                      193              11 0.2655 0.2076  0.7627
   5%     8             12-12              2526                  2381                      145              14 0.2660 0.2091  0.9006
  40%    33             52-56              3058                  2381                      677              87 0.2660 0.2115  0.8502
   5%    41             49-49              3008                  2381                      627              17 0.2670 0.1929  0.6158
  35%    32             50-53              3025                  2381                      644              66 0.2687 0.2076  0.8244
  30%    35             50-53              3025                  2381                      644              66 0.2687 0.2076  0.8244
  60%    12             40-46              2854                  2381                      473             120 0.2695 0.2180  0.8862
  60%    22             50-56              3025                  2381                      644             120 0.2700 0.2109  0.8471
  40%    30             49-53              3008                  2381                      627              83 0.2702 0.2060  0.8025
   5%    32             40-40              2854                  2381                      473              18 0.2715 0.2243  0.8885
  20%    37             49-51              3008                  2381                      627              50 0.2717 0.1984  0.7482
  25%    34             49-51              3008                  2381                      627              50 0.2717 0.1984  0.7482
  35%    25             43-46              2909                  2381                      528              65 0.2724 0.2170  0.8784
  30%    28             43-46              2909                  2381                      528              65 0.2724 0.2170  0.8784
  30%    25             40-43              2854                  2381                      473              73 0.2725 0.2267  0.9023
  35%    22             40-43              2854                  2381                      473              73 0.2725 0.2267  0.9023
  25%    26             41-43              2872                  2381                      491              55 0.2729 0.2278  0.9056
  20%    29             41-43              2872                  2381                      491              55 0.2729 0.2278  0.9056
  12%    40             50-51              3025                  2381                      644              33 0.2736 0.2016  0.7852
  10%    41             50-51              3025                  2381                      644              33 0.2736 0.2016  0.7852
  15%    39             50-51              3025                  2381                      644              33 0.2736 0.2016  0.7852
  20%    39             51-53              3041                  2381                      660              50 0.2739 0.2202  0.8206
  25%    36             51-53              3041                  2381                      660              50 0.2739 0.2202  0.8206
  10%    21             27-28              2743                  2381                      362              28 0.2750 0.2135  0.8828
  12%    20             27-28              2743                  2381                      362              28 0.2750 0.2135  0.8828
  15%    19             27-28              2743                  2381                      362              28 0.2750 0.2135  0.8828
  20%     4             14-16              2554                  2381                      173              31 0.2793 0.2137  0.8772
  25%     1             14-16              2554                  2381                      173              31 0.2793 0.2137  0.8772
   5%    15             19-19              2609                  2381                      228              14 0.2806 0.2359  0.7138
  30%    34             49-52              3008                  2381                      627              66 0.2810 0.2121  0.7677
  35%    31             49-52              3008                  2381                      627              66 0.2810 0.2121  0.7677
  25%    35             50-52              3025                  2381                      644              49 0.2845 0.2181  0.7927
  20%    38             50-52              3025                  2381                      644              49 0.2845 0.2181  0.7927
  10%     8             14-15              2554                  2381                      173              20 0.2849 0.2139  0.9002
  12%     7             14-15              2554                  2381                      173              20 0.2849 0.2139  0.9002
  15%     6             14-15              2554                  2381                      173              20 0.2849 0.2139  0.9002
   5%    17             21-21              2640                  2381                      259              17 0.2860 0.2437  0.7664
  25%    13             26-28              2727                  2381                      346              44 0.2867 0.2289  0.8759
  20%    16             26-28              2727                  2381                      346              44 0.2867 0.2289  0.8759
  20%     1             11-13              2512                  2381                      131              42 0.2868 0.2298  0.8775
   5%    43             51-51              3041                  2381                      660              17 0.2874 0.2282  0.7767
  10%    20             26-27              2727                  2381                      346              32 0.2874 0.2350  0.8729
  12%    19             26-27              2727                  2381                      346              32 0.2874 0.2350  0.8729
  15%    18             26-27              2727                  2381                      346              32 0.2874 0.2350  0.8729
  25%     8             21-23              2640                  2381                      259              51 0.2877 0.2283  0.7578
  20%    11             21-23              2640                  2381                      259              51 0.2877 0.2283  0.7578
  12%    15             22-23              2657                  2381                      276              34 0.2888 0.2207  0.7516
  15%    14             22-23              2657                  2381                      276              34 0.2888 0.2207  0.7516
  10%    16             22-23              2657                  2381                      276              34 0.2888 0.2207  0.7516
  10%    31             40-41              2854                  2381                      473              37 0.2889 0.2395  0.8801
  15%    29             40-41              2854                  2381                      473              37 0.2889 0.2395  0.8801
  12%    30             40-41              2854                  2381                      473              37 0.2889 0.2395  0.8801
  15%    44             55-56              3109                  2381                      728              36 0.2909 0.2226  0.8360
  10%    46             55-56              3109                  2381                      728              36 0.2909 0.2226  0.8360
  12%    45             55-56              3109                  2381                      728              36 0.2909 0.2226  0.8360
  12%    16             23-24              2674                  2381                      293              36 0.2914 0.2233  0.7263
  15%    15             23-24              2674                  2381                      293              36 0.2914 0.2233  0.7263
  10%    17             23-24              2674                  2381                      293              36 0.2914 0.2233  0.7263
   5%    24             28-28              2759                  2381                      378              12 0.2916 0.2150  0.8763
  60%    11             39-45              2837                  2381                      456             120 0.2916 0.2387  0.8710
   5%     4               8-8              2470                  2381                       89              17 0.2925 0.2735  0.6340
  15%    34             45-46              2942                  2381                      561              32 0.2928 0.2273  0.8192
  12%    35             45-46              2942                  2381                      561              32 0.2928 0.2273  0.8192
  10%    36             45-46              2942                  2381                      561              32 0.2928 0.2273  0.8192
  20%     3             13-15              2540                  2381                      159              34 0.2933 0.2282  0.8913
   5%    35             43-43              2909                  2381                      528              18 0.2939 0.2491  0.9151
  40%    34             53-57              3074                  2381                      693              87 0.2964 0.2346  0.8320
  12%    41             51-52              3041                  2381                      660              33 0.2972 0.2400  0.7823
  10%    42             51-52              3041                  2381                      660              33 0.2972 0.2400  0.7823
  15%    40             51-52              3041                  2381                      660              33 0.2972 0.2400  0.7823
  30%     6             20-23              2623                  2381                      242              68 0.2973 0.2325  0.7574
  35%     3             20-23              2623                  2381                      242              68 0.2973 0.2325  0.7574
  35%     4             21-24              2640                  2381                      259              70 0.2981 0.2401  0.7401
  30%     7             21-24              2640                  2381                      259              70 0.2981 0.2401  0.7401
  25%     6             19-21              2609                  2381                      228              48 0.3002 0.2435  0.7483
  20%     9             19-21              2609                  2381                      228              48 0.3002 0.2435  0.7483
  15%     4             12-13              2526                  2381                      145              28 0.3009 0.2433  0.8806
  12%     5             12-13              2526                  2381                      145              28 0.3009 0.2433  0.8806
  10%     6             12-13              2526                  2381                      145              28 0.3009 0.2433  0.8806
  25%     9             22-24              2657                  2381                      276              53 0.3012 0.2384  0.7326
  20%    12             22-24              2657                  2381                      276              53 0.3012 0.2384  0.7326
  40%     1             20-24              2623                  2381                      242              87 0.3031 0.2407  0.7464
   5%    44             52-52              3058                  2381                      677              16 0.3033 0.2499  0.7790
  12%    14             21-22              2640                  2381                      259              34 0.3034 0.2549  0.7509
  10%    15             21-22              2640                  2381                      259              34 0.3034 0.2549  0.7509
  15%    13             21-22              2640                  2381                      259              34 0.3034 0.2549  0.7509
  60%    23             51-57              3041                  2381                      660             120 0.3036 0.2433  0.8213
   5%    33             41-41              2872                  2381                      491              19 0.3044 0.2545  0.8718
  25%     2             15-17              2563                  2381                      182              33 0.3054 0.2434  0.8126
  20%     5             15-17              2563                  2381                      182              33 0.3054 0.2434  0.8126
  40%     4             23-27              2674                  2381                      293              85 0.3057 0.2409  0.8041
  15%    12             20-21              2623                  2381                      242              34 0.3060 0.2455  0.7610
  10%    14             20-21              2623                  2381                      242              34 0.3060 0.2455  0.7610
  12%    13             20-21              2623                  2381                      242              34 0.3060 0.2455  0.7610
   5%    22             26-26              2727                  2381                      346              16 0.3066 0.2539  0.8634
  30%    11             25-28              2710                  2381                      329              61 0.3083 0.2431  0.8399
  35%     8             25-28              2710                  2381                      329              61 0.3083 0.2431  0.8399
  30%     5             19-22              2609                  2381                      228              65 0.3094 0.2525  0.7370
  35%     2             19-22              2609                  2381                      228              65 0.3094 0.2525  0.7370
  40%    20             39-43              2837                  2381                      456              90 0.3099 0.2591  0.8718
  30%    24             39-42              2837                  2381                      456              72 0.3104 0.2615  0.8578
  35%    21             39-42              2837                  2381                      456              72 0.3104 0.2615  0.8578
  12%    12             19-20              2609                  2381                      228              31 0.3105 0.2491  0.7267
  15%    11             19-20              2609                  2381                      228              31 0.3105 0.2491  0.7267
  10%    13             19-20              2609                  2381                      228              31 0.3105 0.2491  0.7267
  35%    36             54-57              3091                  2381                      710              70 0.3106 0.2450  0.8200
  30%    39             54-57              3091                  2381                      710              70 0.3106 0.2450  0.8200
  20%    10             20-22              2623                  2381                      242              51 0.3111 0.2533  0.7508
  25%     7             20-22              2623                  2381                      242              51 0.3111 0.2533  0.7508
  40%     2             21-25              2640                  2381                      259              87 0.3112 0.2496  0.7449
  25%    12             25-27              2710                  2381                      329              49 0.3123 0.2506  0.8279
  20%    15             25-27              2710                  2381                      329              49 0.3123 0.2506  0.8279
  20%     2             12-14              2526                  2381                      145              37 0.3128 0.2448  0.8777
   5%     9             13-13              2540                  2381                      159              14 0.3129 0.2535  0.8711
  40%     5             24-28              2691                  2381                      310              80 0.3133 0.2506  0.8174
  35%     6             23-26              2674                  2381                      293              69 0.3140 0.2459  0.7785
  30%     9             23-26              2674                  2381                      293              69 0.3140 0.2459  0.7785
  25%    10             23-25              2674                  2381                      293              53 0.3157 0.2443  0.7285
  20%    13             23-25              2674                  2381                      293              53 0.3157 0.2443  0.7285
  40%     3             22-26              2657                  2381                      276              86 0.3157 0.2511  0.7779
  30%     8             22-25              2657                  2381                      276              70 0.3168 0.2508  0.7395
  35%     5             22-25              2657                  2381                      276              70 0.3168 0.2508  0.7395
  35%     7             24-27              2691                  2381                      310              68 0.3178 0.2584  0.8019
  30%    10             24-27              2691                  2381                      310              68 0.3178 0.2584  0.8019
   5%    18             22-22              2657                  2381                      276              17 0.3210 0.2676  0.7293
   5%    20             24-24              2691                  2381                      310              19 0.3248 0.2722  0.6774
   5%    26             30-30              2782                  2381                      401              14 0.3254 0.2584  0.9193
  10%     7             13-14              2540                  2381                      159              23 0.3268 0.2506  0.8686
  12%     6             13-14              2540                  2381                      159              23 0.3268 0.2506  0.8686
  15%     5             13-14              2540                  2381                      159              23 0.3268 0.2506  0.8686
  35%     9             26-29              2727                  2381                      346              55 0.3284 0.2627  0.8418
  30%    12             26-29              2727                  2381                      346              55 0.3284 0.2627  0.8418
  40%     7             26-30              2727                  2381                      346              69 0.3289 0.2629  0.8758
   5%    16             20-20              2623                  2381                      242              17 0.3311 0.2566  0.7315
  25%    11             24-26              2691                  2381                      310              52 0.3315 0.2702  0.7705
  20%    14             24-26              2691                  2381                      310              52 0.3315 0.2702  0.7705
   5%    38             46-46              2957                  2381                      576              17 0.3325 0.2742  0.7961
  10%    19             25-26              2710                  2381                      329              33 0.3337 0.2678  0.7947
  15%    17             25-26              2710                  2381                      329              33 0.3337 0.2678  0.7947
  12%    18             25-26              2710                  2381                      329              33 0.3337 0.2678  0.7947
  40%     6             25-29              2710                  2381                      329              72 0.3339 0.2656  0.8216
  30%    13             27-30              2743                  2381                      362              53 0.3342 0.2642  0.8759
  35%    10             27-30              2743                  2381                      362              53 0.3342 0.2642  0.8759
  25%    14             27-29              2743                  2381                      362              39 0.3362 0.2650  0.8311
  20%    17             27-29              2743                  2381                      362              39 0.3362 0.2650  0.8311
  60%    10             38-44              2821                  2381                      440             121 0.3368 0.2785  0.8339
   5%    48             56-56              3127                  2381                      746              18 0.3380 0.2749  0.7977
  20%    43             55-57              3109                  2381                      728              52 0.3400 0.2726  0.7939
  25%    40             55-57              3109                  2381                      728              52 0.3400 0.2726  0.7939
  20%    27             39-41              2837                  2381                      456              54 0.3402 0.2899  0.8341
  25%    24             39-41              2837                  2381                      456              54 0.3402 0.2899  0.8341
  12%     1               8-9              2470                  2381                       89              31 0.3412 0.2902  0.5384
  10%     2               8-9              2470                  2381                       89              31 0.3412 0.2902  0.5384
  10%    10             16-17              2574                  2381                      193              22 0.3421 0.2685  0.6709
  15%     8             16-17              2574                  2381                      193              22 0.3421 0.2685  0.6709
  12%     9             16-17              2574                  2381                      193              22 0.3421 0.2685  0.6709
  12%    17             24-25              2691                  2381                      310              36 0.3422 0.2789  0.6956
  15%    16             24-25              2691                  2381                      310              36 0.3422 0.2789  0.6956
  10%    18             24-25              2691                  2381                      310              36 0.3422 0.2789  0.6956
   5%    29             37-37              2814                  2381                      433               7 0.3423 0.2929  0.8866
  12%     2              9-10              2487                  2381                      106              25 0.3442 0.2691  0.6604
  10%     3              9-10              2487                  2381                      106              25 0.3442 0.2691  0.6604
  15%     1              9-10              2487                  2381                      106              25 0.3442 0.2691  0.6604
  40%     8             27-31              2743                  2381                      362              68 0.3460 0.2771  0.8732
  60%     9             37-43              2814                  2381                      433             113 0.3484 0.2905  0.8425
  30%     4             18-21              2596                  2381                      215              61 0.3535 0.2807  0.6369
  35%     1             18-21              2596                  2381                      215              61 0.3535 0.2807  0.6369
  12%    29             39-40              2837                  2381                      456              35 0.3541 0.3065  0.8159
  10%    30             39-40              2837                  2381                      456              35 0.3541 0.3065  0.8159
  15%    28             39-40              2837                  2381                      456              35 0.3541 0.3065  0.8159
  35%    13             30-33              2782                  2381                      401              29 0.3595 0.2916  0.8930
  40%    11             30-34              2782                  2381                      401              29 0.3595 0.2916  0.8930
  25%    17             30-32              2782                  2381                      401              29 0.3595 0.2916  0.8930
  20%    20             30-32              2782                  2381                      401              29 0.3595 0.2916  0.8930
  30%    16             30-33              2782                  2381                      401              29 0.3595 0.2916  0.8930
  10%    24             30-31              2782                  2381                      401              29 0.3595 0.2916  0.8930
  15%    22             30-31              2782                  2381                      401              29 0.3595 0.2916  0.8930
  12%    23             30-31              2782                  2381                      401              29 0.3595 0.2916  0.8930
   5%    10             14-14              2554                  2381                      173               9 0.3601 0.2572  0.8550
  40%    19             38-42              2821                  2381                      440              88 0.3603 0.3013  0.8035
   5%    21             25-25              2710                  2381                      329              17 0.3606 0.2870  0.6760
  20%    18             28-30              2759                  2381                      378              37 0.3609 0.2870  0.8661
  25%    15             28-30              2759                  2381                      378              37 0.3609 0.2870  0.8661
  40%     9             28-32              2759                  2381                      378              52 0.3679 0.2978  0.8652
  35%    11             28-31              2759                  2381                      378              52 0.3679 0.2978  0.8652
  30%    14             28-31              2759                  2381                      378              52 0.3679 0.2978  0.8652
  60%     8             36-42              2811                  2381                      430              98 0.3706 0.3086  0.8073
  25%     5             18-20              2596                  2381                      215              44 0.3733 0.2993  0.5845
  20%     8             18-20              2596                  2381                      215              44 0.3733 0.2993  0.5845
  30%     1             15-18              2563                  2381                      182              46 0.3758 0.2976  0.7070
  15%    20             28-29              2759                  2381                      378              23 0.3799 0.3023  0.7895
  12%    21             28-29              2759                  2381                      378              23 0.3799 0.3023  0.7895
  10%    22             28-29              2759                  2381                      378              23 0.3799 0.3023  0.7895
  12%    46             56-57              3127                  2381                      746              34 0.3827 0.3256  0.7536
  15%    45             56-57              3127                  2381                      746              34 0.3827 0.3256  0.7536
  10%    47             56-57              3127                  2381                      746              34 0.3827 0.3256  0.7536
  40%    18             37-41              2814                  2381                      433              77 0.3852 0.3272  0.7998
   5%    13             17-17              2585                  2381                      204              11 0.3858 0.3150  0.6356
  25%    16             29-31              2771                  2381                      390              40 0.3873 0.3208  0.8576
  20%    19             29-31              2771                  2381                      390              40 0.3873 0.3208  0.8576
  40%    10             29-33              2771                  2381                      390              40 0.3873 0.3208  0.8576
  60%     1             29-35              2771                  2381                      390              40 0.3873 0.3208  0.8576
  30%    15             29-32              2771                  2381                      390              40 0.3873 0.3208  0.8576
  35%    12             29-32              2771                  2381                      390              40 0.3873 0.3208  0.8576
  15%    21             29-30              2771                  2381                      390              25 0.3883 0.3193  0.8538
  10%    23             29-30              2771                  2381                      390              25 0.3883 0.3193  0.8538
  12%    22             29-30              2771                  2381                      390              25 0.3883 0.3193  0.8538
  12%    11             18-19              2596                  2381                      215              27 0.3901 0.3189  0.4641
  10%    12             18-19              2596                  2381                      215              27 0.3901 0.3189  0.4641
  15%    10             18-19              2596                  2381                      215              27 0.3901 0.3189  0.4641
   5%    27             31-31              2796                  2381                      415              15 0.3904 0.3239  0.8587
  12%    24             31-32              2796                  2381                      415              15 0.3904 0.3239  0.8587
  15%    23             31-32              2796                  2381                      415              15 0.3904 0.3239  0.8587
  40%    12             31-35              2796                  2381                      415              15 0.3904 0.3239  0.8587
  10%    25             31-32              2796                  2381                      415              15 0.3904 0.3239  0.8587
  35%    14             31-34              2796                  2381                      415              15 0.3904 0.3239  0.8587
  25%    18             31-33              2796                  2381                      415              15 0.3904 0.3239  0.8587
  30%    17             31-34              2796                  2381                      415              15 0.3904 0.3239  0.8587
  20%    21             31-33              2796                  2381                      415              15 0.3904 0.3239  0.8587
  30%    23             38-41              2821                  2381                      440              70 0.3915 0.3341  0.7716
  35%    20             38-41              2821                  2381                      440              70 0.3915 0.3341  0.7716
  60%     7             35-41              2811                  2381                      430              80 0.3990 0.3383  0.7830
  60%     2             30-36              2782                  2381                      401              32 0.3991 0.3228  0.8578
  30%     3             17-20              2585                  2381                      204              55 0.3997 0.3212  0.5678
  30%     2             16-19              2574                  2381                      193              49 0.4035 0.3253  0.5318
  35%    19             37-40              2814                  2381                      433              58 0.4083 0.3516  0.7757
  30%    22             37-40              2814                  2381                      433              58 0.4083 0.3516  0.7757
  20%     6             16-18              2574                  2381                      193              35 0.4111 0.3284  0.5370
  25%     3             16-18              2574                  2381                      193              35 0.4111 0.3284  0.5370
  25%     4             17-19              2585                  2381                      204              38 0.4160 0.3411  0.4895
  20%     7             17-19              2585                  2381                      204              38 0.4160 0.3411  0.4895
  25%    23             38-40              2821                  2381                      440              51 0.4180 0.3622  0.7318
  20%    26             38-40              2821                  2381                      440              51 0.4180 0.3622  0.7318
  60%     3             31-37              2796                  2381                      415              25 0.4186 0.3492  0.8728
   5%     5               9-9              2487                  2381                      106              14 0.4188 0.3334  0.3541
   5%    31             39-39              2837                  2381                      456              17 0.4224 0.3848  0.7453
  40%    17             36-40              2811                  2381                      430              61 0.4237 0.3648  0.7557
  60%     6             34-40              2811                  2381                      430              61 0.4237 0.3648  0.7557
   5%    49             57-57              3145                  2381                      764              16 0.4241 0.3815  0.7022
   5%     1               5-5              2420                  2381                       39              17 0.4397 0.3379  0.5593
  12%    10             17-18              2585                  2381                      204              24 0.4443 0.3664  0.4687
  15%     9             17-18              2585                  2381                      204              24 0.4443 0.3664  0.4687
  10%    11             17-18              2585                  2381                      204              24 0.4443 0.3664  0.4687
   5%    14             18-18              2596                  2381                      215              13 0.4454 0.3719  0.3228
  25%    20             35-37              2811                  2381                      430              10 0.4540 0.3866  0.8094
  12%    26             36-37              2811                  2381                      430              10 0.4540 0.3866  0.8094
  20%    23             35-37              2811                  2381                      430              10 0.4540 0.3866  0.8094
  15%    25             36-37              2811                  2381                      430              10 0.4540 0.3866  0.8094
  10%    27             36-37              2811                  2381                      430              10 0.4540 0.3866  0.8094
  35%    16             34-37              2811                  2381                      430              10 0.4540 0.3866  0.8094
  40%    14             33-37              2811                  2381                      430              10 0.4540 0.3866  0.8094
  30%    19             34-37              2811                  2381                      430              10 0.4540 0.3866  0.8094
   5%    25             29-29              2771                  2381                      390              11 0.4544 0.3937  0.6710
  25%    22             37-39              2814                  2381                      433              40 0.4553 0.4082  0.7342
  20%    25             37-39              2814                  2381                      433              40 0.4553 0.4082  0.7342
  40%    16             35-39              2811                  2381                      430              43 0.4718 0.4224  0.7093
  30%    21             36-39              2811                  2381                      430              43 0.4718 0.4224  0.7093
  60%     5             33-39              2811                  2381                      430              43 0.4718 0.4224  0.7093
  35%    18             36-39              2811                  2381                      430              43 0.4718 0.4224  0.7093
  10%    29             38-39              2821                  2381                      440              33 0.4798 0.4357  0.6415
  15%    27             38-39              2821                  2381                      440              33 0.4798 0.4357  0.6415
  12%    28             38-39              2821                  2381                      440              33 0.4798 0.4357  0.6415
  12%    27             37-38              2814                  2381                      433              23 0.4932 0.4424  0.7077
  15%    26             37-38              2814                  2381                      433              23 0.4932 0.4424  0.7077
  10%    28             37-38              2814                  2381                      433              23 0.4932 0.4424  0.7077
  20%    24             36-38              2811                  2381                      430              26 0.5133 0.4607  0.6734
  25%    21             36-38              2811                  2381                      430              26 0.5133 0.4607  0.6734
  30%    20             35-38              2811                  2381                      430              26 0.5133 0.4607  0.6734
  40%    15             34-38              2811                  2381                      430              26 0.5133 0.4607  0.6734
  35%    17             35-38              2811                  2381                      430              26 0.5133 0.4607  0.6734
  60%     4             32-38              2811                  2381                      430              26 0.5133 0.4607  0.6734
   5%    30             38-38              2821                  2381                      440              16 0.5472 0.5065  0.4791
  15%    24             35-36              2811                  2381                      430               3 0.6498 0.6128 -0.7302
  25%    19             34-36              2811                  2381                      430               3 0.6498 0.6128 -0.7302
  30%    18             33-36              2811                  2381                      430               3 0.6498 0.6128 -0.7302
  20%    22             34-36              2811                  2381                      430               3 0.6498 0.6128 -0.7302
  12%    25             35-36              2811                  2381                      430               3 0.6498 0.6128 -0.7302
  40%    13             32-36              2811                  2381                      430               3 0.6498 0.6128 -0.7302
  10%    26             35-36              2811                  2381                      430               3 0.6498 0.6128 -0.7302
  35%    15             33-36              2811                  2381                      430               3 0.6498 0.6128 -0.7302
   5%    28             36-36              2811                  2381                      430               3 0.6498 0.6128 -0.7302
Arquivos .txt salvos em: c:\Users\mpoli\Desktop\UFOP\9 PERIODO\TCC\Scripts\Results\lr_wf_fold_results\bahrain_grand_prix\wf_2025