Carregando dados limpos de:
c:\Users\mpoli\Desktop\UFOP\9 PERIODO\TCC\Scripts\ModelData\Italian Grand Prix\italian_grand_prix_cleaned_data.csv

--- COMPARAÇÃO LINEAR REGRESSION WALK FORWARD (WF) ---
Ratio  Laps  Folds  RMSE_Media      IC_95%_RMSE  MAE_Media       IC_95%_MAE  R2_Media        IC_95%_R2
   5%     3     49      0.5782 [0.4326, 0.7238]     0.4307  [0.335, 0.5264]    0.7214 [0.5211, 0.9217]
  10%     5     47      0.3268 [0.2737, 0.3799]     0.2487  [0.2233, 0.274]    0.9502 [0.9272, 0.9731]
  12%     6     46      0.3600 [0.2865, 0.4334]     0.2640 [0.2307, 0.2973]    0.9372  [0.902, 0.9724]
  15%     8     44      0.2945 [0.2826, 0.3065]     0.2298 [0.2209, 0.2388]    0.9665 [0.9613, 0.9717]
  20%    10     42      0.2860 [0.2747, 0.2972]     0.2231 [0.2149, 0.2314]    0.9688 [0.9637, 0.9739]
  25%    13     39      0.2864 [0.2785, 0.2943]     0.2239   [0.2179, 0.23]    0.9712  [0.9694, 0.973]
  30%    15     37      0.2836   [0.2772, 0.29]     0.2220 [0.2166, 0.2273]    0.9720 [0.9702, 0.9737]
  35%    18     34      0.2864 [0.2785, 0.2943]     0.2245  [0.218, 0.2309]    0.9720    [0.97, 0.974]
  40%    20     32      0.2835 [0.2755, 0.2914]     0.2223 [0.2155, 0.2291]    0.9729  [0.971, 0.9747]
  60%    31     21      0.2814 [0.2734, 0.2894]     0.2182 [0.2123, 0.2242]    0.9752 [0.9744, 0.9759]

--- TODOS OS FOLDS (WF GERAL) | MELHOR -> PIOR RMSE ---
Ratio  Fold Voltas_Treino Voltas_Teste  Train_Regs  Test_Regs   RMSE    MAE      R2
  10%    20         22-25        26-26         258         66 0.2381 0.1949  0.9765
  15%    17         19-24        25-26         357        131 0.2391 0.1909  0.9761
  20%    15         17-24        25-26         481        131 0.2399 0.1896  0.9759
  25%    12         14-23        24-26         603        195 0.2425 0.1915  0.9754
  10%    36         38-41        42-42         220         62 0.2425 0.1951  0.9817
  10%    41         43-46        47-47         240         44 0.2443 0.1834  0.9829
  30%    10         12-23        24-26         709        195 0.2463 0.1936  0.9747
  20%    23         25-32        33-34         522        116 0.2498 0.1947  0.9786
  10%    33         35-38        39-39         237         57 0.2502 0.1969  0.9754
  20%    14         16-23        24-25         477        129 0.2519 0.1961  0.9734
  10%    28         30-33        34-34         246         60 0.2522 0.2008  0.9781
  10%    24         26-29        30-30         267         67 0.2523 0.1838  0.9773
  15%    25         27-32        33-34         391        116 0.2535 0.1980  0.9780
  15%    28         30-35        36-37         364        123 0.2539 0.2044  0.9797
  12%    27         29-32        33-34         260        116 0.2544 0.1976  0.9778
  12%    19         21-24        25-26         247        131 0.2548 0.1960  0.9728
  20%     9         11-18        19-20         481        110 0.2549 0.1997  0.9723
  20%    29         31-38        39-40         476        111 0.2549 0.1943  0.9744
  15%    18         20-25        26-27         364        131 0.2554 0.1989  0.9731
  40%    13         15-30        31-34        1002        239 0.2566 0.2002  0.9777
  30%    12         14-25        26-28         732        197 0.2567 0.2008  0.9737
  40%    19         21-36        37-40        1008        225 0.2567 0.2077  0.9758
  40%    18         20-35        36-39         995        236 0.2571 0.2025  0.9773
  20%    16         18-25        26-27         484        131 0.2572 0.2019  0.9728
  15%    16         18-23        24-25         355        129 0.2573 0.2062  0.9723
  20%     7          9-16        17-18         499        124 0.2575 0.2003  0.9734
  15%    34         36-41        42-43         343        120 0.2577 0.1927  0.9793
  20%    32         34-41        42-43         461        120 0.2578 0.1902  0.9793
  20%    13         15-22        23-24         474        129 0.2580 0.2072  0.9740
  35%    15         17-30        31-34         880        239 0.2581 0.2020  0.9775
  35%     8         10-23        24-27         844        260 0.2581 0.2043  0.9723
  40%     6          8-23        24-27         990        260 0.2582 0.2049  0.9723
  40%    12         14-29        30-33         999        246 0.2586 0.2005  0.9771
  10%    18         20-23        24-24         235         64 0.2587 0.2099  0.9721
  25%    20         22-31        32-34         654        177 0.2596 0.2026  0.9773
  20%    26         28-35        36-37         500        123 0.2598 0.2067  0.9787
  20%    28         30-37        38-39         487        113 0.2602 0.2054  0.9743
  20%    37         39-46        47-48         466         89 0.2604 0.2030  0.9813
  15%    31         33-38        39-40         353        111 0.2605 0.2030  0.9733
  30%    18         20-31        32-34         760        177 0.2606 0.2035  0.9771
  15%    30         32-37        38-39         358        113 0.2606 0.2094  0.9742
  25%    13         15-24        25-27         603        196 0.2607 0.2055  0.9718
  15%    39         41-46        47-48         355         89 0.2607 0.2067  0.9813
  20%     1          3-10        11-12         545        112 0.2608 0.2055  0.9684
  15%    11         13-18        19-20         369        110 0.2611 0.1999  0.9709
  35%    14         16-29        30-33         873        246 0.2615 0.2022  0.9766
  25%     6          8-17        18-20         635        172 0.2617 0.1980  0.9721
  35%    20         22-35        36-39         889        236 0.2619 0.2066  0.9765
  60%     6          8-31        32-38        1515        414 0.2619 0.2055  0.9774
  10%    19         21-24        25-25         247         65 0.2620 0.2026  0.9711
  35%    21         23-36        37-40         890        225 0.2623 0.2118  0.9747
  25%    14         16-25        26-28         606        197 0.2626 0.2070  0.9725
  30%     4          6-17        18-20         774        172 0.2629 0.1993  0.9718
  35%     9         11-24        25-28         838        262 0.2629 0.2080  0.9721
  40%    21         23-38        39-42        1004        226 0.2631 0.2018  0.9754
  12%    28         30-33        34-35         246        118 0.2634 0.2062  0.9768
  40%     7          9-24        25-28         980        262 0.2636 0.2083  0.9719
  12%    20         22-25        26-27         258        131 0.2637 0.2127  0.9713
  25%    26         28-37        38-40         623        167 0.2639 0.2100  0.9733
  60%     7          9-32        33-39        1502        410 0.2639 0.2065  0.9764
  30%    11         13-24        25-27         726        196 0.2643 0.2081  0.9710
  30%    17         19-30        31-33         756        179 0.2644 0.2067  0.9764
  25%    21         23-32        33-35         651        174 0.2646 0.2054  0.9765
  10%     6          8-11        12-12         281         47 0.2646 0.2284  0.9603
  60%     5          7-30        31-37        1525        420 0.2647 0.2048  0.9771
  10%    31         33-36        37-37         239         58 0.2648 0.2203  0.9771
  40%    14         16-31        32-35        1002        235 0.2655 0.2069  0.9765
  35%     7          9-22        23-26         851        260 0.2655 0.2131  0.9715
  10%    29         31-34        35-35         239         58 0.2656 0.1888  0.9771
  15%    24         26-31        32-33         396        117 0.2656 0.2060  0.9765
  20%    22         24-31        32-33         525        117 0.2658 0.2096  0.9764
  20%     8         10-17        18-19         489        120 0.2661 0.2021  0.9709
  35%    23         25-38        39-42         875        226 0.2661 0.2043  0.9748
  25%    19         21-30        31-33         646        179 0.2662 0.2087  0.9761
  40%    11         13-28        29-32         988        260 0.2663 0.2062  0.9752
  60%    10         12-35        36-42        1469        405 0.2665 0.2063  0.9756
  40%    10         12-27        28-31         969        265 0.2665 0.2070  0.9743
  35%    16         18-31        32-35         880        235 0.2665 0.2089  0.9764
  12%    41         43-46        47-48         240         89 0.2667 0.2122  0.9804
  20%    24         26-33        34-35         513        118 0.2668 0.2078  0.9762
  30%    19         21-32        33-35         769        174 0.2668 0.2073  0.9761
  35%    13         15-28        29-32         865        260 0.2670 0.2078  0.9750
  30%    24         26-37        38-40         754        167 0.2674 0.2154  0.9725
  15%    21         23-28        29-30         391        137 0.2675 0.2085  0.9740
  60%     4          6-29        30-36        1525        429 0.2676 0.2049  0.9762
  60%     8         10-33        34-40        1486        408 0.2677 0.2094  0.9752
  25%    23         25-34        35-37         638        181 0.2678 0.2051  0.9772
  30%    22         24-35        36-38         760        179 0.2679 0.2094  0.9763
  12%    32         34-37        38-39         241        113 0.2679 0.2119  0.9728
  10%    11         13-16        17-17         245         62 0.2684 0.2011  0.9703
  30%    14         16-27        28-30         737        203 0.2686 0.2094  0.9735
  12%     5          7-10        11-12         288        112 0.2687 0.2167  0.9665
  60%    11         13-36        37-43        1487        398 0.2687 0.2106  0.9752
  15%     9         11-16        17-18         357        124 0.2688 0.2148  0.9710
  12%    18         20-23        24-25         235        129 0.2688 0.2197  0.9697
  10%    27         29-32        33-33         260         56 0.2693 0.2051  0.9753
  60%     3          5-28        29-35        1522        434 0.2695 0.2094  0.9751
  30%    16         18-29        30-32         751        190 0.2698 0.2075  0.9750
  40%    22         24-39        40-43         996        227 0.2699 0.2061  0.9758
  40%     8         10-25        26-29         973        267 0.2700 0.2132  0.9715
  35%    12         14-27        28-31         863        265 0.2700 0.2101  0.9736
  40%     5          7-22        23-26         997        260 0.2704 0.2164  0.9705
  30%    21         23-34        35-37         767        181 0.2705 0.2069  0.9767
  20%    19         21-28        29-30         509        137 0.2705 0.2077  0.9735
  25%     5          7-16        17-19         645        182 0.2716 0.2091  0.9697
  30%    23         25-36        37-39         761        171 0.2716 0.2208  0.9735
  10%     4           6-9        10-10         285         70 0.2718 0.2252  0.9638
  20%    17         19-26        27-28         488        131 0.2719 0.2161  0.9710
  20%    25         27-34        35-36         507        123 0.2723 0.2036  0.9767
  30%     9         11-22        23-25         709        194 0.2724 0.2175  0.9703
  25%    24         26-35        36-38         631        179 0.2725 0.2131  0.9755
  10%    26         28-31        32-32         265         61 0.2726 0.2126  0.9754
  12%    24         26-29        30-31         267        129 0.2730 0.2026  0.9738
  12%    33         35-38        39-40         237        111 0.2731 0.2068  0.9707
  35%    10         12-25        26-29         838        267 0.2732 0.2161  0.9708
  20%    20         22-29        30-31         525        129 0.2736 0.2081  0.9737
  15%     3          5-10        11-12         422        112 0.2736 0.2131  0.9652
  12%    23         25-28        29-30         262        137 0.2736 0.2111  0.9728
  30%    15         17-28        29-31         743        199 0.2737 0.2100  0.9732
  35%    19         21-34        35-38         885        237 0.2737 0.2126  0.9754
  60%    13         15-38        39-45        1478        406 0.2740 0.2093  0.9759
  20%    21         23-30        31-32         528        123 0.2742 0.2169  0.9746
  35%    11         13-26        27-30         857        268 0.2743 0.2171  0.9717
  12%    13         15-18        19-20         246        110 0.2743 0.2103  0.9679
  15%    29         31-36        37-38         362        114 0.2743 0.2242  0.9740
  60%     2          4-27        28-34        1524        442 0.2743 0.2143  0.9736
  60%    12         14-37        38-44        1486        399 0.2744 0.2111  0.9746
  40%     9         11-26        27-30         969        268 0.2745 0.2178  0.9716
  40%    20         22-37        38-41        1012        220 0.2750 0.2162  0.9717
  60%     9         11-34        35-41        1476        401 0.2750 0.2121  0.9738
  10%    32         34-37        38-38         241         56 0.2751 0.2191  0.9721
  40%    24         26-41        42-45         974        242 0.2752 0.2123  0.9775
  20%    27         29-36        37-38         499        114 0.2752 0.2249  0.9738
  15%    27         29-34        35-36         376        123 0.2755 0.2058  0.9761
  15%    19         21-26        27-28         378        131 0.2756 0.2191  0.9702
  35%    24         26-39        40-43         867        227 0.2756 0.2088  0.9747
  25%    11         13-22        23-25         597        194 0.2757 0.2197  0.9696
  25%    18         20-29        30-32         631        190 0.2760 0.2132  0.9738
  60%    16         18-41        42-48        1458        391 0.2762 0.2163  0.9785
  12%    36         38-41        42-43         220        120 0.2764 0.2151  0.9762
  35%    22         24-37        38-41         883        220 0.2765 0.2180  0.9714
  15%    26         28-33        34-35         382        118 0.2766 0.2156  0.9745
  15%    15         17-22        23-24         352        129 0.2766 0.2190  0.9701
  40%    17         19-34        35-38         995        237 0.2766 0.2160  0.9748
  25%     7          9-18        19-21         623        164 0.2767 0.2108  0.9697
  25%    16         18-27        28-30         615        203 0.2773 0.2127  0.9718
  40%    15         17-32        33-36        1003        239 0.2776 0.2122  0.9748
  10%    21         23-26        27-27         260         65 0.2782 0.2196  0.9683
  25%    17         19-28        29-31         619        199 0.2782 0.2147  0.9724
  25%    30         32-41        42-44         578        179 0.2785 0.2138  0.9762
  30%    25         27-38        39-41         744        164 0.2786 0.2131  0.9707
  30%     3          5-16        17-19         779        182 0.2787 0.2166  0.9681
  15%     2           4-9        10-11         420        135 0.2797 0.2197  0.9637
  25%    15         17-26        27-29         612        201 0.2800 0.2205  0.9699
  35%    18         20-33        34-37         877        241 0.2800 0.2169  0.9746
  60%    15         17-40        41-47        1467        399 0.2806 0.2169  0.9771
  12%    21         23-26        27-28         260        131 0.2806 0.2217  0.9691
  10%    13         15-18        19-19         246         58 0.2807 0.2137  0.9650
   5%    43         45-46        47-47         123         44 0.2807 0.2144  0.9774
   5%    33         35-36        37-37         123         58 0.2807 0.2355  0.9742
  12%    26         28-31        32-33         265        117 0.2808 0.2219  0.9737
  30%    32         34-45        46-48         703        149 0.2808 0.2267  0.9789
  10%     2           4-7          8-8         274         74 0.2808 0.2140  0.9545
  10%    14         16-19        20-20         242         52 0.2808 0.2299  0.9678
  25%    27         29-38        39-41         613        164 0.2810 0.2133  0.9702
  30%    33         35-46        47-49         703        130 0.2812 0.2151  0.9793
  25%    34         36-45        46-48         585        149 0.2812 0.2285  0.9789
  15%    22         24-29        30-31         396        129 0.2813 0.2121  0.9722
  35%    26         28-41        42-45         843        242 0.2817 0.2204  0.9765
  40%    16         18-33        34-37         997        241 0.2819 0.2183  0.9743
  15%     8         10-15        16-17         367        122 0.2820 0.2148  0.9677
  30%    27         29-40        41-43         724        173 0.2823 0.2149  0.9746
  20%    18         20-27        28-29         495        136 0.2825 0.2196  0.9702
  30%    13         15-26        27-29         734        201 0.2825 0.2240  0.9693
  25%     2          4-13        14-16         661        186 0.2827 0.2295  0.9681
  30%    28         30-41        42-44         707        179 0.2827 0.2209  0.9754
  30%     5          7-18        19-21         769        164 0.2828 0.2179  0.9683
  30%    26         28-39        40-42         736        169 0.2831 0.2166  0.9724
  60%    14         16-39        40-46        1473        409 0.2834 0.2187  0.9755
  20%    40         42-49        50-51         432         84 0.2834 0.2239  0.9795
  12%    31         33-36        37-38         239        114 0.2835 0.2351  0.9722
  15%    20         22-27        28-29         389        136 0.2837 0.2211  0.9700
  10%    23         25-28        29-29         262         70 0.2842 0.2290  0.9702
  40%    23         25-40        41-44         986        232 0.2847 0.2189  0.9746
  12%    29         31-34        35-36         239        123 0.2848 0.2148  0.9745
  12%     1           3-6          7-8         257        146 0.2851 0.2227  0.9519
  12%    30         32-35        36-37         235        123 0.2859 0.2279  0.9742
  35%    29         31-44        45-48         819        212 0.2860 0.2274  0.9784
  40%    27         29-44        45-48         956        212 0.2861 0.2271  0.9784
  12%    11         13-16        17-18         245        124 0.2862 0.2236  0.9671
  20%     6          8-15        16-17         513        122 0.2862 0.2191  0.9667
  35%    25         27-40        41-44         855        232 0.2864 0.2182  0.9743
  15%    23         25-30        31-32         399        123 0.2864 0.2256  0.9723
  20%     4          6-13        14-15         526        126 0.2865 0.2346  0.9672
  60%     1          3-26        27-33        1514        447 0.2868 0.2289  0.9704
  25%    35         37-46        47-49         580        130 0.2870 0.2259  0.9784
  35%    17         19-32        33-36         879        239 0.2871 0.2200  0.9730
  25%    22         24-33        34-36         642        183 0.2875 0.2176  0.9733
  10%     3           5-8          9-9         280         72 0.2879 0.2174  0.9589
  25%    28         30-39        40-42         600        169 0.2880 0.2198  0.9714
  15%    38         40-45        46-47         349        104 0.2880 0.2294  0.9777
  30%    20         22-33        34-36         771        183 0.2882 0.2183  0.9732
  25%    38         40-49        50-52         539        116 0.2882 0.2236  0.9757
  25%    25         27-36        37-39         630        171 0.2883 0.2362  0.9701
  12%    40         42-45        46-47         242        104 0.2884 0.2273  0.9776
  15%    12         14-19        20-21         368        106 0.2885 0.2173  0.9689
  15%     1           3-8         9-10         403        142 0.2889 0.2274  0.9589
  20%    33         35-42        43-44         463        117 0.2893 0.2253  0.9742
  40%    29         31-46        47-50         942        175 0.2893 0.2201  0.9787
  12%     3           5-8         9-10         280        142 0.2901 0.2280  0.9586
  25%    29         31-40        41-43         587        173 0.2902 0.2215  0.9731
  20%    10         12-19        20-21         474        106 0.2903 0.2271  0.9685
  12%    17         19-22        23-24         228        129 0.2903 0.2384  0.9671
  10%     5          7-10        11-11         288         65 0.2906 0.2212  0.9630
  35%     2          4-17        18-21         909        226 0.2915 0.2264  0.9667
  35%    31         33-46        47-50         819        175 0.2920 0.2266  0.9783
   5%    22         24-25        26-26         129         66 0.2921 0.2394  0.9646
  20%    36         38-45        46-47         462        104 0.2927 0.2349  0.9769
  10%     1           3-6          7-7         257         72 0.2927 0.2329  0.9479
  30%     2          4-15        16-18         787        184 0.2928 0.2348  0.9656
  35%     1          3-16        17-20         902        234 0.2933 0.2293  0.9649
  25%    31         33-42        43-45         579        180 0.2939 0.2348  0.9747
  10%    17         19-22        23-23         228         65 0.2944 0.2398  0.9681
   5%    18         20-21        22-22         106         64 0.2946 0.2266  0.9668
  40%    28         30-45        46-49         949        190 0.2948 0.2265  0.9774
  10%     9         11-14        15-15         235         62 0.2948 0.2364  0.9662
  10%    42         44-47        48-48         226         45 0.2949 0.2285  0.9770
  25%     3          5-14        15-17         657        184 0.2949 0.2350  0.9653
  30%    31         33-44        45-47         696        167 0.2952 0.2370  0.9768
  20%     2          4-11        12-13         555        106 0.2955 0.2396  0.9584
  20%    31         33-40        41-42         464        115 0.2963 0.2246  0.9714
  30%    29         31-42        43-45         702        180 0.2966 0.2379  0.9742
  10%    34         36-39        40-40         236         54 0.2968 0.2318  0.9653
  25%     4          6-15        16-18         652        184 0.2977 0.2400  0.9644
  10%    45         47-50        51-51         175         39 0.2978 0.2417  0.9738
  30%    36         38-49        50-52         652        116 0.2981 0.2330  0.9740
  60%    17         19-42        43-49        1458        370 0.2982 0.2312  0.9758
  35%    30         32-45        46-49         820        190 0.2984 0.2335  0.9768
  25%    33         35-44        45-47         580        167 0.2985 0.2413  0.9762
  40%    25         27-42        43-46         970        240 0.2987 0.2371  0.9744
  15%     4          6-11        12-13         420        106 0.2989 0.2468  0.9574
  40%    26         28-43        44-47         963        226 0.2992 0.2364  0.9754
  35%    28         30-43        44-47         827        226 0.2995 0.2370  0.9754
  30%    34         36-47        48-50         689        131 0.2999 0.2317  0.9779
  15%     7          9-14        15-16         377        122 0.3005 0.2347  0.9644
  12%     9         11-14        15-16         235        122 0.3013 0.2362  0.9642
  20%    34         36-43        44-45         463        122 0.3014 0.2407  0.9743
  20%     5          7-14        15-16         523        122 0.3016 0.2399  0.9641
  30%     8         10-21        22-24         715        193 0.3017 0.2382  0.9647
  15%     6          8-13        14-15         387        126 0.3021 0.2465  0.9635
  25%    36         38-47        48-50         566        131 0.3022 0.2311  0.9776
  30%     1          3-14        15-17         780        184 0.3023 0.2421  0.9635
  20%    41         43-50        51-52         415         71 0.3024 0.2414  0.9639
  20%     3          5-12        13-14         534        123 0.3032 0.2465  0.9610
  25%     8         10-19        20-22         609        170 0.3033 0.2354  0.9653
  15%    40         42-47        48-49         346         86 0.3033 0.2284  0.9769
  25%     1          3-12        13-15         657        185 0.3036 0.2441  0.9621
  35%    27         29-42        43-46         839        240 0.3041 0.2432  0.9735
  15%    35         37-42        43-44         340        117 0.3050 0.2382  0.9714
  20%    30         32-39        40-41         471        107 0.3051 0.2308  0.9656
  60%    21         23-46        47-53        1470        270 0.3052 0.2317  0.9739
  30%    30         32-43        44-46         698        182 0.3055 0.2464  0.9740
  10%    37         39-42        43-43         226         58 0.3064 0.2384  0.9703
  35%    32         34-47        48-51         807        170 0.3065 0.2384  0.9762
  12%     8         10-13        14-15         241        126 0.3070 0.2472  0.9623
  40%    30         32-47        48-51         924        170 0.3075 0.2366  0.9760
  20%    38         40-47        48-49         453         86 0.3075 0.2335  0.9762
  40%     4          6-21        22-25        1000        258 0.3075 0.2455  0.9626
  25%    32         34-43        44-46         581        182 0.3076 0.2488  0.9737
  12%    22         24-27        28-29         260        136 0.3078 0.2448  0.9647
  60%    20         22-45        46-52        1474        306 0.3081 0.2376  0.9747
   5%    35         37-38        39-39         114         57 0.3084 0.2276  0.9626
  10%     8         10-13        14-14         241         64 0.3084 0.2461  0.9609
  15%     5          7-12        13-14         400        123 0.3089 0.2486  0.9595
  10%    16         18-21        22-22         226         64 0.3103 0.2178  0.9631
  25%    10         12-21        22-24         580        193 0.3108 0.2416  0.9626
   5%    30         32-33        34-34         117         60 0.3125 0.2433  0.9664
  10%    30         32-35        36-36         235         65 0.3125 0.2500  0.9701
  40%     1          3-18        19-22        1026        228 0.3130 0.2502  0.9616
  12%    10         12-15        16-17         232        122 0.3153 0.2462  0.9596
  15%    33         35-40        41-42         348        115 0.3158 0.2355  0.9675
  12%     2           4-7          8-9         274        146 0.3160 0.2415  0.9467
  10%    40         42-45        46-46         242         60 0.3162 0.2573  0.9731
  35%    34         36-49        50-53         775        140 0.3163 0.2494  0.9687
  35%     3          5-18        19-22         903        228 0.3165 0.2493  0.9607
   5%    36         38-39        40-40         113         54 0.3167 0.2469  0.9605
  60%    18         20-43        44-50        1458        357 0.3169 0.2464  0.9738
  40%    32         34-49        50-53         893        140 0.3171 0.2509  0.9685
  12%     4           6-9        10-11         285        135 0.3183 0.2454  0.9531
  30%     6          8-19        20-22         755        170 0.3192 0.2517  0.9616
  25%    39         41-50        51-53         530         95 0.3192 0.2537  0.9552
  30%    37         39-50        51-53         641         95 0.3201 0.2500  0.9549
  10%    22         24-27        28-28         260         66 0.3222 0.2640  0.9609
  35%     4          6-19        20-23         894        235 0.3229 0.2582  0.9609
  15%    32         34-39        40-41         354        107 0.3236 0.2419  0.9613
  15%    43         45-50        51-52         298         71 0.3237 0.2606  0.9586
  12%    16         18-21        22-23         226        129 0.3240 0.2355  0.9606
  40%     2          4-19        20-23        1029        235 0.3245 0.2635  0.9605
  20%    35         37-44        45-46         457        123 0.3258 0.2710  0.9714
  10%    10         12-15        16-16         232         60 0.3259 0.2599  0.9574
  35%    33         35-48        49-52         792        157 0.3260 0.2498  0.9709
  35%     6          8-21        22-25         861        258 0.3263 0.2560  0.9579
  10%    39         41-44        45-45         232         63 0.3265 0.2657  0.9711
  60%    19         21-44        45-51        1465        337 0.3266 0.2509  0.9726
  10%    12         14-17        18-18         248         62 0.3272 0.2688  0.9580
  30%    35         37-48        49-51         669        125 0.3273 0.2494  0.9732
  12%    14         16-19        20-21         242        106 0.3282 0.2552  0.9597
  30%     7          9-20        21-23         733        183 0.3284 0.2599  0.9605
  15%    41         43-48        49-50         329         86 0.3287 0.2450  0.9744
  12%    35         37-40        41-42         225        115 0.3298 0.2487  0.9645
  40%     3          5-20        21-24        1013        247 0.3310 0.2704  0.9586
   5%    32         34-35        36-36         118         65 0.3315 0.2675  0.9664
  15%    14         16-21        22-23         348        129 0.3322 0.2503  0.9586
   5%    20         22-23        24-24         129         64 0.3331 0.2530  0.9538
  10%    15         17-20        21-21         234         54 0.3336 0.2607  0.9614
   5%    11         13-14        15-15         123         62 0.3339 0.2514  0.9567
  40%    31         33-48        49-52         908        157 0.3342 0.2563  0.9695
  12%    42         44-47        48-49         226         86 0.3352 0.2518  0.9717
   5%     5           7-8          9-9         146         72 0.3353 0.2603  0.9442
  10%    38         40-43        44-44         227         59 0.3355 0.2648  0.9663
  15%    37         39-44        45-46         343        123 0.3367 0.2788  0.9695
   5%     3           5-6          7-7         134         72 0.3372 0.2698  0.9309
  25%     9         11-20        21-23         591        183 0.3373 0.2587  0.9583
  15%    10         12-17        18-19         354        120 0.3384 0.2585  0.9529
  12%    34         36-39        40-41         236        107 0.3405 0.2561  0.9572
  12%    39         41-44        45-46         232        123 0.3408 0.2736  0.9687
   5%    23         25-26        27-27         131         65 0.3409 0.2756  0.9524
  15%    36         38-43        44-45         340        122 0.3412 0.2778  0.9670
   5%    26         28-29        30-30         136         67 0.3418 0.2671  0.9584
  12%    37         39-42        43-44         226        117 0.3421 0.2691  0.9640
  12%     6          8-11        12-13         281        106 0.3421 0.2760  0.9442
  20%    12         14-21        22-23         474        129 0.3427 0.2540  0.9559
   5%    21         23-24        25-25         129         65 0.3442 0.2593  0.9500
   5%    34         36-37        38-38         123         56 0.3447 0.2705  0.9563
   5%    13         15-16        17-17         122         62 0.3466 0.2752  0.9505
   5%     6           8-9        10-10         146         70 0.3478 0.2882  0.9408
  20%    11         13-20        21-22         479        118 0.3486 0.2625  0.9556
  35%     5          7-20        21-24         879        247 0.3498 0.2811  0.9538
  12%    12         14-17        18-19         248        120 0.3512 0.2697  0.9493
  12%     7          9-12        13-14         254        123 0.3516 0.2821  0.9476
   5%    47         49-50        51-51          86         39 0.3555 0.2537  0.9627
  12%    38         40-43        44-45         227        122 0.3555 0.2887  0.9642
  12%    45         47-50        51-52         175         71 0.3597 0.2948  0.9489
   5%    14         16-17        18-18         122         62 0.3626 0.2889  0.9485
   5%    29         31-32        33-33         123         56 0.3628 0.2956  0.9551
   5%    40         42-43        44-44         120         59 0.3636 0.2891  0.9604
   5%    17         19-20        21-21         110         54 0.3650 0.2931  0.9538
   5%    31         33-34        35-35         116         58 0.3659 0.2738  0.9565
   5%    37         39-40        41-41         111         53 0.3665 0.2919  0.9533
  20%    42         44-51        52-53         396         56 0.3669 0.2968  0.8716
  12%    15         17-20        21-22         234        118 0.3669 0.2748  0.9509
  10%    35         37-40        41-41         225         53 0.3694 0.2756  0.9526
   5%    10         12-13        14-14         106         64 0.3696 0.2878  0.9438
  15%    44         46-51        52-53         274         56 0.3746 0.3062  0.8661
   5%    19         21-22        23-23         118         65 0.3787 0.3045  0.9472
  10%    47         49-52        53-53         157         24 0.3789 0.3082  0.8714
  15%    13         15-20        21-22         356        118 0.3798 0.2811  0.9474
   5%    39         41-42        43-43         115         58 0.3804 0.2855  0.9541
  25%    37         39-48        49-51         555        125 0.3900 0.2921  0.9620
  10%    43         45-48        49-49         212         41 0.3903 0.2815  0.9637
   5%    25         27-28        29-29         131         70 0.3932 0.2980  0.9429
  10%     7          9-12        13-13         254         59 0.3934 0.3137  0.9317
   5%    41         43-44        45-45         117         63 0.4088 0.3178  0.9547
   5%    42         44-45        46-46         122         60 0.4168 0.3656  0.9533
  12%    25         27-30        31-32         268        123 0.4171 0.3362  0.9412
   5%    24         26-27        28-28         131         66 0.4216 0.3399  0.9331
  10%    46         48-51        52-52         170         32 0.4283 0.3632  0.8131
  10%    25         27-30        31-31         268         62 0.4341 0.3453  0.9349
   5%    38         40-41        42-42         107         62 0.4348 0.3443  0.9411
  20%    39         41-48        49-50         444         86 0.4429 0.3147  0.9535
   5%    28         30-31        32-32         129         61 0.4465 0.3526  0.9341
  15%    42         44-49        50-51         312         84 0.4525 0.3308  0.9476
   5%    44         46-47        48-48         104         45 0.4655 0.3618  0.9426
   5%     7          9-10        11-11         142         65 0.4674 0.3755  0.9042
   5%    27         29-30        31-31         137         62 0.4692 0.3887  0.9240
   5%    12         14-15        16-16         126         60 0.4811 0.3963  0.9072
  12%    46         48-51        52-53         170         56 0.4835 0.4003  0.7770
   5%     8         10-11        12-12         135         47 0.4847 0.4137  0.8667
   5%    48         50-51        52-52          84         32 0.5043 0.4074  0.7409
   5%    49         51-52        53-53          71         24 0.9124 0.7217  0.2544
   5%     9         11-12        13-13         112         59 0.9302 0.7204  0.6180
   5%    16         18-19        20-20         120         52 1.0072 0.7354  0.5852
   5%    45         47-48        49-49          89         41 1.0428 0.6636  0.7409
   5%     1           3-4          5-5         123         67 1.1267 0.9254  0.1855
  12%    43         45-48        49-50         212         86 1.2453 0.5852  0.6327
  10%    44         46-49        50-50         190         45 1.5330 0.7834  0.4447
   5%    15         17-18        19-19         124         58 1.5402 1.0474 -0.0540
  12%    44         46-49        50-51         190         84 1.7448 0.9045  0.2214
   5%     2           4-5          6-6         135         67 1.8409 1.4125 -1.0229
   5%    46         48-49        50-50          86         45 2.2618 1.0975 -0.2089
   5%     4           6-7          8-8         139         74 2.7807 1.9824 -3.4617
Arquivos .txt salvos em: c:\Users\mpoli\Desktop\UFOP\9 PERIODO\TCC\Scripts\Results\lr_wf_fold_results\italian_grand_prix\wf_geral

--- COMPARAÇÃO LINEAR REGRESSION WALK FORWARD (WF) | APENAS 2025 ---
Ano avaliado: 2025 | Voltas consideradas: 51 (3-53) | Treino: todos os anos (exceto a janela de teste de 2025 em cada fold)
Ratio  Laps  Folds  RMSE_Media      IC_95%_RMSE  MAE_Media       IC_95%_MAE  R2_Media        IC_95%_R2
   5%     3     49      0.2572 [0.2409, 0.2735]     0.2084 [0.1934, 0.2233]    0.7069 [0.6591, 0.7546]
  10%     5     47      0.2529 [0.2374, 0.2683]     0.2050 [0.1903, 0.2197]    0.7195 [0.6734, 0.7655]
  12%     6     46      0.2553  [0.243, 0.2676]     0.2058 [0.1945, 0.2171]    0.7231  [0.6822, 0.764]
  15%     8     44      0.2555 [0.2427, 0.2684]     0.2061  [0.1943, 0.218]    0.7218  [0.679, 0.7645]
  20%    10     42      0.2572  [0.244, 0.2703]     0.2080  [0.196, 0.2199]    0.7191 [0.6746, 0.7636]
  25%    13     39      0.2639 [0.2526, 0.2753]     0.2142 [0.2038, 0.2245]    0.7128 [0.6701, 0.7555]
  30%    15     37      0.2664 [0.2549, 0.2778]     0.2166  [0.2063, 0.227]    0.7070 [0.6628, 0.7512]
  35%    18     34      0.2734 [0.2637, 0.2831]     0.2225 [0.2134, 0.2316]    0.6956 [0.6538, 0.7374]
  40%    20     32      0.2742  [0.264, 0.2844]     0.2230 [0.2134, 0.2326]    0.6924 [0.6482, 0.7366]
  60%    31     21      0.2796  [0.269, 0.2902]     0.2255 [0.2148, 0.2362]    0.7012 [0.6492, 0.7531]

--- TODOS OS FOLDS (WF 2025) | MELHOR -> PIOR RMSE ---
Ratio  Fold Voltas_Teste_2025  Train_Regs_Total  Train_Regs_2022_2024  Train_Regs_2025_Passado  Test_Regs_2025   RMSE    MAE     R2
  10%     5             11-11              2314                  2178                      136              18 0.1340 0.1005 0.9141
   5%     7             11-11              2314                  2178                      136              18 0.1340 0.1005 0.9141
   5%    12             16-16              2406                  2178                      228              18 0.1615 0.1338 0.9157
  10%    10             16-16              2406                  2178                      228              18 0.1615 0.1338 0.9157
   5%    43             47-47              2889                  2178                      711              16 0.1658 0.1166 0.9198
  10%    41             47-47              2889                  2178                      711              16 0.1658 0.1166 0.9198
  10%    17             23-23              2523                  2178                      345              18 0.1671 0.1457 0.8847
   5%    19             23-23              2523                  2178                      345              18 0.1671 0.1457 0.8847
  12%     5             11-12              2314                  2178                      136              37 0.1689 0.1248 0.8764
  20%     1             11-12              2314                  2178                      136              37 0.1689 0.1248 0.8764
  15%     3             11-12              2314                  2178                      136              37 0.1689 0.1248 0.8764
  10%    38             44-44              2840                  2178                      662              17 0.1848 0.1236 0.8842
   5%    40             44-44              2840                  2178                      662              17 0.1848 0.1236 0.8842
  15%     8             16-17              2406                  2178                      228              37 0.1883 0.1502 0.8631
  12%    10             16-17              2406                  2178                      228              37 0.1883 0.1502 0.8631
  20%     6             16-17              2406                  2178                      228              37 0.1883 0.1502 0.8631
  15%     2             10-11              2296                  2178                      118              36 0.1900 0.1349 0.8342
  12%     4             10-11              2296                  2178                      118              36 0.1900 0.1349 0.8342
   5%     8             12-12              2332                  2178                      154              19 0.1947 0.1460 0.8493
  10%     6             12-12              2332                  2178                      154              19 0.1947 0.1460 0.8493
  15%    15             23-24              2523                  2178                      345              36 0.1973 0.1612 0.8346
  20%    13             23-24              2523                  2178                      345              36 0.1973 0.1612 0.8346
  12%    17             23-24              2523                  2178                      345              36 0.1973 0.1612 0.8346
  20%    34             44-45              2840                  2178                      662              33 0.1988 0.1462 0.8684
  15%    36             44-45              2840                  2178                      662              33 0.1988 0.1462 0.8684
  12%    38             44-45              2840                  2178                      662              33 0.1988 0.1462 0.8684
  12%     9             15-16              2387                  2178                      209              37 0.1989 0.1568 0.8788
  15%     7             15-16              2387                  2178                      209              37 0.1989 0.1568 0.8788
  20%     5             15-16              2387                  2178                      209              37 0.1989 0.1568 0.8788
  30%     1             15-17              2387                  2178                      209              56 0.2050 0.1608 0.8542
  25%     3             15-17              2387                  2178                      209              56 0.2050 0.1608 0.8542
  12%    37             43-44              2823                  2178                      645              34 0.2053 0.1554 0.8615
  20%    33             43-44              2823                  2178                      645              34 0.2053 0.1554 0.8615
  15%    35             43-44              2823                  2178                      645              34 0.2053 0.1554 0.8615
  15%     4             12-13              2332                  2178                      154              37 0.2062 0.1532 0.8240
  12%     6             12-13              2332                  2178                      154              37 0.2062 0.1532 0.8240
  20%     2             12-13              2332                  2178                      154              37 0.2062 0.1532 0.8240
  12%    40             46-47              2873                  2178                      695              32 0.2064 0.1629 0.8721
  15%    38             46-47              2873                  2178                      695              32 0.2064 0.1629 0.8721
  20%    36             46-47              2873                  2178                      695              32 0.2064 0.1629 0.8721
  35%    28             44-47              2840                  2178                      662              65 0.2072 0.1582 0.8659
  40%    26             44-47              2840                  2178                      662              65 0.2072 0.1582 0.8659
   5%    41             45-45              2857                  2178                      679              16 0.2086 0.1665 0.8563
  10%    39             45-45              2857                  2178                      679              16 0.2086 0.1665 0.8563
  25%     4             16-18              2406                  2178                      228              54 0.2102 0.1730 0.8483
  30%     2             16-18              2406                  2178                      228              54 0.2102 0.1730 0.8483
   5%    27             31-31              2647                  2178                      469              16 0.2102 0.1694 0.7390
  10%    25             31-31              2647                  2178                      469              16 0.2102 0.1694 0.7390
  10%    11             17-17              2424                  2178                      246              19 0.2105 0.1634 0.7894
   5%    13             17-17              2424                  2178                      246              19 0.2105 0.1634 0.7894
  25%    31             43-45              2823                  2178                      645              50 0.2107 0.1634 0.8549
  30%    29             43-45              2823                  2178                      645              50 0.2107 0.1634 0.8549
  25%     2             14-16              2369                  2178                      191              55 0.2110 0.1623 0.8419
  30%    31             45-47              2857                  2178                      679              48 0.2111 0.1675 0.8626
  25%    33             45-47              2857                  2178                      679              48 0.2111 0.1675 0.8626
  10%     7             13-13              2351                  2178                      173              18 0.2120 0.1583 0.8015
   5%     9             13-13              2351                  2178                      173              18 0.2120 0.1583 0.8015
  20%    21             31-32              2647                  2178                      469              32 0.2136 0.1670 0.7910
  12%    25             31-32              2647                  2178                      469              32 0.2136 0.1670 0.7910
  15%    23             31-32              2647                  2178                      469              32 0.2136 0.1670 0.7910
  30%    30             44-46              2840                  2178                      662              49 0.2147 0.1668 0.8511
  25%    32             44-46              2840                  2178                      662              49 0.2147 0.1668 0.8511
  15%    22             30-31              2632                  2178                      454              31 0.2149 0.1873 0.7130
  12%    24             30-31              2632                  2178                      454              31 0.2149 0.1873 0.7130
  20%    20             30-31              2632                  2178                      454              31 0.2149 0.1873 0.7130
  30%    16             30-32              2632                  2178                      454              47 0.2158 0.1803 0.7636
  25%    18             30-32              2632                  2178                      454              47 0.2158 0.1803 0.7636
  10%    18             24-24              2541                  2178                      363              18 0.2163 0.1693 0.7952
   5%    20             24-24              2541                  2178                      363              18 0.2163 0.1693 0.7952
   5%    26             30-30              2632                  2178                      454              15 0.2165 0.2014 0.6904
  10%    24             30-30              2632                  2178                      454              15 0.2165 0.2014 0.6904
  10%    26             32-32              2663                  2178                      485              16 0.2166 0.1623 0.8237
   5%    28             32-32              2663                  2178                      485              16 0.2166 0.1623 0.8237
   5%    39             43-43              2823                  2178                      645              17 0.2187 0.1821 0.8474
  10%    37             43-43              2823                  2178                      645              17 0.2187 0.1821 0.8474
  12%     7             13-14              2351                  2178                      173              36 0.2197 0.1692 0.7696
  20%     3             13-14              2351                  2178                      173              36 0.2197 0.1692 0.7696
  15%     5             13-14              2351                  2178                      173              36 0.2197 0.1692 0.7696
  40%    25             43-46              2823                  2178                      645              66 0.2204 0.1750 0.8446
  35%    27             43-46              2823                  2178                      645              66 0.2204 0.1750 0.8446
  10%    31             37-37              2742                  2178                      564              17 0.2227 0.1973 0.6426
   5%    33             37-37              2742                  2178                      564              17 0.2227 0.1973 0.6426
  25%    11             23-25              2523                  2178                      345              52 0.2238 0.1855 0.7828
  30%     9             23-25              2523                  2178                      345              52 0.2238 0.1855 0.7828
  20%    35             45-46              2857                  2178                      679              32 0.2256 0.1872 0.8374
  15%    37             45-46              2857                  2178                      679              32 0.2256 0.1872 0.8374
  12%    39             45-46              2857                  2178                      679              32 0.2256 0.1872 0.8374
  25%     1             13-15              2351                  2178                      173              55 0.2259 0.1751 0.7995
   5%    10             14-14              2369                  2178                      191              18 0.2266 0.1727 0.7299
  10%     8             14-14              2369                  2178                      191              18 0.2266 0.1727 0.7299
  10%     9             15-15              2387                  2178                      209              19 0.2294 0.1804 0.8453
   5%    11             15-15              2387                  2178                      209              19 0.2294 0.1804 0.8453
  15%     6             14-15              2369                  2178                      191              37 0.2301 0.1776 0.8019
  12%     8             14-15              2369                  2178                      191              37 0.2301 0.1776 0.8019
  20%     4             14-15              2369                  2178                      191              37 0.2301 0.1776 0.8019
  15%     9             17-18              2424                  2178                      246              36 0.2304 0.1905 0.8115
  12%    11             17-18              2424                  2178                      246              36 0.2304 0.1905 0.8115
  20%     7             17-18              2424                  2178                      246              36 0.2304 0.1905 0.8115
   5%    24             28-28              2604                  2178                      426              13 0.2310 0.1751 0.6141
  10%    22             28-28              2604                  2178                      426              13 0.2310 0.1751 0.6141
  35%    26             42-45              2807                  2178                      629              66 0.2350 0.1832 0.8359
  40%    24             42-45              2807                  2178                      629              66 0.2350 0.1832 0.8359
  25%    30             42-44              2807                  2178                      629              50 0.2358 0.1807 0.8375
  30%    28             42-44              2807                  2178                      629              50 0.2358 0.1807 0.8375
  60%    15             41-47              2797                  2178                      619             108 0.2362 0.1848 0.8519
  40%     5             23-26              2523                  2178                      345              67 0.2364 0.1923 0.7599
  35%     7             23-26              2523                  2178                      345              67 0.2364 0.1923 0.7599
  35%    14             30-33              2632                  2178                      454              62 0.2365 0.1966 0.7416
  40%    12             30-33              2632                  2178                      454              62 0.2365 0.1966 0.7416
   5%    42             46-46              2873                  2178                      695              16 0.2367 0.2050 0.8259
  10%    40             46-46              2873                  2178                      695              16 0.2367 0.2050 0.8259
  10%    14             20-20              2477                  2178                      299              15 0.2375 0.2031 0.7454
   5%    16             20-20              2477                  2178                      299              15 0.2375 0.2031 0.7454
  10%     4             10-10              2296                  2178                      118              18 0.2377 0.1731 0.7505
   5%     6             10-10              2296                  2178                      118              18 0.2377 0.1731 0.7505
  35%    25             41-44              2797                  2178                      619              60 0.2406 0.1833 0.8536
  40%    23             41-44              2797                  2178                      619              60 0.2406 0.1833 0.8536
  25%    19             31-33              2647                  2178                      469              47 0.2407 0.1916 0.7553
  30%    17             31-33              2647                  2178                      469              47 0.2407 0.1916 0.7553
  12%     2               8-9              2261                  2178                       83              35 0.2412 0.1949 0.7699
  20%    14             24-25              2541                  2178                      363              34 0.2416 0.1992 0.7397
  15%    16             24-25              2541                  2178                      363              34 0.2416 0.1992 0.7397
  12%    18             24-25              2541                  2178                      363              34 0.2416 0.1992 0.7397
  25%     5             17-19              2424                  2178                      246              53 0.2425 0.1917 0.7784
  30%     3             17-19              2424                  2178                      246              53 0.2425 0.1917 0.7784
  10%     2               8-8              2261                  2178                       83              18 0.2434 0.1861 0.7763
   5%     4               8-8              2261                  2178                       83              18 0.2434 0.1861 0.7763
  30%     8             22-24              2506                  2178                      328              53 0.2464 0.2048 0.7774
  25%    10             22-24              2506                  2178                      328              53 0.2464 0.2048 0.7774
  10%    45             51-51              2949                  2178                      771              15 0.2465 0.2076 0.8749
   5%    47             51-51              2949                  2178                      771              15 0.2465 0.2076 0.8749
  10%    12             18-18              2443                  2178                      265              17 0.2472 0.2134 0.8307
   5%    14             18-18              2443                  2178                      265              17 0.2472 0.2134 0.8307
  60%    14             40-46              2788                  2178                      610             101 0.2482 0.1956 0.8365
  15%    43             51-52              2949                  2178                      771              31 0.2490 0.2058 0.8349
  20%    41             51-52              2949                  2178                      771              31 0.2490 0.2058 0.8349
  12%    45             51-52              2949                  2178                      771              31 0.2490 0.2058 0.8349
  12%    12             18-19              2443                  2178                      265              34 0.2495 0.1950 0.7891
  15%    10             18-19              2443                  2178                      265              34 0.2495 0.1950 0.7891
  20%     8             18-19              2443                  2178                      265              34 0.2495 0.1950 0.7891
  12%    16             22-23              2506                  2178                      328              35 0.2499 0.2120 0.7886
  15%    14             22-23              2506                  2178                      328              35 0.2499 0.2120 0.7886
  20%    12             22-23              2506                  2178                      328              35 0.2499 0.2120 0.7886
  35%    29             45-48              2857                  2178                      679              65 0.2509 0.2008 0.7944
  40%    27             45-48              2857                  2178                      679              65 0.2509 0.2008 0.7944
  30%    10             24-26              2541                  2178                      363              49 0.2509 0.2035 0.7254
  25%    12             24-26              2541                  2178                      363              49 0.2509 0.2035 0.7254
  12%     3              9-10              2279                  2178                      101              35 0.2523 0.2006 0.7205
  15%     1              9-10              2279                  2178                      101              35 0.2523 0.2006 0.7205
  60%    17             43-49              2823                  2178                      645             113 0.2524 0.1948 0.7975
  60%    13             39-45              2775                  2178                      597              98 0.2525 0.2022 0.8240
  12%    31             37-38              2742                  2178                      564              33 0.2530 0.2137 0.6275
  15%    29             37-38              2742                  2178                      564              33 0.2530 0.2137 0.6275
  20%    27             37-38              2742                  2178                      564              33 0.2530 0.2137 0.6275
  12%    36             42-43              2807                  2178                      629              33 0.2535 0.2047 0.8231
  20%    32             42-43              2807                  2178                      629              33 0.2535 0.2047 0.8231
  15%    34             42-43              2807                  2178                      629              33 0.2535 0.2047 0.8231
  20%    22             32-33              2663                  2178                      485              31 0.2542 0.2007 0.7620
  15%    24             32-33              2663                  2178                      485              31 0.2542 0.2007 0.7620
  12%    26             32-33              2663                  2178                      485              31 0.2542 0.2007 0.7620
  10%    46             52-52              2964                  2178                      786              16 0.2543 0.2064 0.7369
   5%    48             52-52              2964                  2178                      786              16 0.2543 0.2064 0.7369
  10%    13             19-19              2460                  2178                      282              17 0.2547 0.1769 0.7124
   5%    15             19-19              2460                  2178                      282              17 0.2547 0.1769 0.7124
  25%     6             18-20              2443                  2178                      265              49 0.2548 0.2075 0.7691
  35%     1             17-20              2424                  2178                      246              68 0.2548 0.2081 0.7539
  30%     4             18-20              2443                  2178                      265              49 0.2548 0.2075 0.7691
  60%    16             42-48              2807                  2178                      629             115 0.2550 0.2034 0.8057
   5%    21             25-25              2559                  2178                      381              16 0.2551 0.2200 0.7031
  10%    19             25-25              2559                  2178                      381              16 0.2551 0.2200 0.7031
  35%     6             22-25              2506                  2178                      328              69 0.2556 0.2147 0.7491
  40%     4             22-25              2506                  2178                      328              69 0.2556 0.2147 0.7491
  15%    11             19-20              2460                  2178                      282              32 0.2563 0.2008 0.7141
  12%    13             19-20              2460                  2178                      282              32 0.2563 0.2008 0.7141
  20%     9             19-20              2460                  2178                      282              32 0.2563 0.2008 0.7141
  30%    27             41-43              2797                  2178                      619              43 0.2565 0.2037 0.8471
  25%    29             41-43              2797                  2178                      619              43 0.2565 0.2037 0.8471
  20%    40             50-51              2936                  2178                      758              28 0.2569 0.2077 0.8501
  12%    44             50-51              2936                  2178                      758              28 0.2569 0.2077 0.8501
  15%    42             50-51              2936                  2178                      758              28 0.2569 0.2077 0.8501
  60%    18             44-50              2840                  2178                      662             109 0.2576 0.1950 0.7957
  12%    19             25-26              2559                  2178                      381              31 0.2580 0.2131 0.7101
  20%    15             25-26              2559                  2178                      381              31 0.2580 0.2131 0.7101
  15%    17             25-26              2559                  2178                      381              31 0.2580 0.2131 0.7101
  40%    11             29-32              2617                  2178                      439              62 0.2581 0.2183 0.6684
  35%    13             29-32              2617                  2178                      439              62 0.2581 0.2183 0.6684
  30%    36             50-52              2936                  2178                      758              44 0.2583 0.2099 0.8224
  25%    38             50-52              2936                  2178                      758              44 0.2583 0.2099 0.8224
  25%    34             46-48              2873                  2178                      695              49 0.2588 0.2069 0.7797
  12%     1               7-8              2243                  2178                       65              36 0.2588 0.2034 0.7353
  30%    32             46-48              2873                  2178                      695              49 0.2588 0.2069 0.7797
   5%    22             26-26              2575                  2178                      397              15 0.2598 0.2068 0.7194
  10%    20             26-26              2575                  2178                      397              15 0.2598 0.2068 0.7194
   5%     5               9-9              2279                  2178                      101              17 0.2599 0.2188 0.7050
  10%     3               9-9              2279                  2178                      101              17 0.2599 0.2188 0.7050
  25%    25             37-39              2742                  2178                      564              46 0.2614 0.2277 0.5854
  30%    23             37-39              2742                  2178                      564              46 0.2614 0.2277 0.5854
  15%    12             20-21              2477                  2178                      299              29 0.2616 0.2224 0.6880
  20%    10             20-21              2477                  2178                      299              29 0.2616 0.2224 0.6880
  12%    14             20-21              2477                  2178                      299              29 0.2616 0.2224 0.6880
  60%    12             38-44              2759                  2178                      581              98 0.2630 0.2117 0.8017
  40%     3             21-24              2492                  2178                      314              67 0.2631 0.2208 0.7340
  35%     5             21-24              2492                  2178                      314              67 0.2631 0.2208 0.7340
  30%     7             21-23              2492                  2178                      314              49 0.2639 0.2244 0.7436
  25%     9             21-23              2492                  2178                      314              49 0.2639 0.2244 0.7436
  60%    19             45-51              2857                  2178                      679             107 0.2640 0.2064 0.7987
  35%    24             40-43              2788                  2178                      610              52 0.2650 0.2114 0.8335
  40%    22             40-43              2788                  2178                      610              52 0.2650 0.2114 0.8335
  35%    12             28-31              2604                  2178                      426              59 0.2651 0.2255 0.5882
  40%    10             28-31              2604                  2178                      426              59 0.2651 0.2255 0.5882
   5%    17             21-21              2492                  2178                      314              14 0.2659 0.2194 0.6643
  10%    15             21-21              2492                  2178                      314              14 0.2659 0.2194 0.6643
  20%    37             47-48              2889                  2178                      711              33 0.2660 0.2030 0.7589
  15%    39             47-48              2889                  2178                      711              33 0.2660 0.2030 0.7589
  12%    41             47-48              2889                  2178                      711              33 0.2660 0.2030 0.7589
  35%     2             18-21              2443                  2178                      265              63 0.2668 0.2209 0.7422
  25%    17             29-31              2617                  2178                      439              46 0.2681 0.2342 0.5968
  30%    15             29-31              2617                  2178                      439              46 0.2681 0.2342 0.5968
  60%    20             46-52              2873                  2178                      695             107 0.2686 0.2102 0.7890
  60%    11             37-43              2742                  2178                      564              98 0.2687 0.2240 0.7740
  40%    19             37-40              2742                  2178                      564              55 0.2693 0.2330 0.6566
  35%    21             37-40              2742                  2178                      564              55 0.2693 0.2330 0.6566
   5%    46             50-50              2936                  2178                      758              13 0.2700 0.2093 0.8058
  10%    44             50-50              2936                  2178                      758              13 0.2700 0.2093 0.8058
  35%    30             46-49              2873                  2178                      695              63 0.2712 0.2067 0.7583
  40%    28             46-49              2873                  2178                      695              63 0.2712 0.2067 0.7583
   5%    37             41-41              2797                  2178                      619              10 0.2713 0.2067 0.8849
  10%    35             41-41              2797                  2178                      619              10 0.2713 0.2067 0.8849
  30%     5             19-21              2460                  2178                      282              46 0.2715 0.2194 0.6821
  25%     7             19-21              2460                  2178                      282              46 0.2715 0.2194 0.6821
  40%    31             49-52              2922                  2178                      744              58 0.2727 0.2082 0.7928
  35%    33             49-52              2922                  2178                      744              58 0.2727 0.2082 0.7928
  40%     2             20-23              2477                  2178                      299              64 0.2728 0.2350 0.7149
  35%     4             20-23              2477                  2178                      299              64 0.2728 0.2350 0.7149
  40%    13             31-34              2647                  2178                      469              62 0.2734 0.2139 0.6818
  35%    15             31-34              2647                  2178                      469              62 0.2734 0.2139 0.6818
  20%    31             41-42              2797                  2178                      619              26 0.2760 0.2171 0.8469
  12%    35             41-42              2797                  2178                      619              26 0.2760 0.2171 0.8469
  15%    33             41-42              2797                  2178                      619              26 0.2760 0.2171 0.8469
  30%    35             49-51              2922                  2178                      744              42 0.2765 0.2047 0.8056
  25%    37             49-51              2922                  2178                      744              42 0.2765 0.2047 0.8056
  10%    33             39-39              2775                  2178                      597              13 0.2767 0.2563 0.4777
   5%    35             39-39              2775                  2178                      597              13 0.2767 0.2563 0.4777
  15%    30             38-39              2759                  2178                      581              29 0.2781 0.2427 0.5704
  20%    28             38-39              2759                  2178                      581              29 0.2781 0.2427 0.5704
  12%    32             38-39              2759                  2178                      581              29 0.2781 0.2427 0.5704
   5%     3               7-7              2243                  2178                       65              18 0.2782 0.2233 0.6784
  40%    29             47-50              2889                  2178                      711              60 0.2782 0.2032 0.7570
  35%    31             47-50              2889                  2178                      711              60 0.2782 0.2032 0.7570
  10%     1               7-7              2243                  2178                       65              18 0.2782 0.2233 0.6784
  25%    16             28-30              2604                  2178                      426              43 0.2783 0.2392 0.5407
  30%    14             28-30              2604                  2178                      426              43 0.2783 0.2392 0.5407
  25%    35             47-49              2889                  2178                      711              47 0.2795 0.2012 0.7358
  30%    33             47-49              2889                  2178                      711              47 0.2795 0.2012 0.7358
  40%    20             38-41              2759                  2178                      581              48 0.2799 0.2352 0.7600
   5%    34             38-38              2759                  2178                      581              16 0.2799 0.2304 0.6217
  35%    22             38-41              2759                  2178                      581              48 0.2799 0.2352 0.7600
  10%    32             38-38              2759                  2178                      581              16 0.2799 0.2304 0.6217
   5%    38             42-42              2807                  2178                      629              16 0.2801 0.2249 0.8073
  10%    36             42-42              2807                  2178                      629              16 0.2801 0.2249 0.8073
  25%    27             39-41              2775                  2178                      597              32 0.2812 0.2372 0.7916
  30%    25             39-41              2775                  2178                      597              32 0.2812 0.2372 0.7916
  25%    28             40-42              2788                  2178                      610              35 0.2824 0.2245 0.8297
  30%    26             40-42              2788                  2178                      610              35 0.2824 0.2245 0.8297
  35%    23             39-42              2775                  2178                      597              48 0.2825 0.2346 0.7957
  40%    21             39-42              2775                  2178                      597              48 0.2825 0.2346 0.7957
  20%    30             40-41              2788                  2178                      610              19 0.2829 0.2226 0.8460
  15%    32             40-41              2788                  2178                      610              19 0.2829 0.2226 0.8460
  12%    34             40-41              2788                  2178                      610              19 0.2829 0.2226 0.8460
  25%    26             38-40              2759                  2178                      581              38 0.2838 0.2449 0.6672
  30%    24             38-40              2759                  2178                      581              38 0.2838 0.2449 0.6672
  60%    21             47-53              2889                  2178                      711             105 0.2861 0.2213 0.7825
  12%    33             39-40              2775                  2178                      597              22 0.2873 0.2531 0.6834
  15%    31             39-40              2775                  2178                      597              22 0.2873 0.2531 0.6834
  20%    29             39-40              2775                  2178                      597              22 0.2873 0.2531 0.6834
   5%    29             33-33              2679                  2178                      501              15 0.2881 0.2394 0.6942
  10%    27             33-33              2679                  2178                      501              15 0.2881 0.2394 0.6942
  60%     2             28-34              2604                  2178                      426             105 0.2887 0.2375 0.6095
  25%    20             32-34              2663                  2178                      485              46 0.2889 0.2257 0.6741
  30%    18             32-34              2663                  2178                      485              46 0.2889 0.2257 0.6741
  40%     6             24-27              2541                  2178                      363              63 0.2898 0.2366 0.6359
  35%     8             24-27              2541                  2178                      363              63 0.2898 0.2366 0.6359
  40%     7             25-28              2559                  2178                      381              58 0.2905 0.2374 0.6221
  35%     9             25-28              2559                  2178                      381              58 0.2905 0.2374 0.6221
  12%    30             36-37              2724                  2178                      546              35 0.2907 0.2397 0.5316
  20%    26             36-37              2724                  2178                      546              35 0.2907 0.2397 0.5316
  15%    28             36-37              2724                  2178                      546              35 0.2907 0.2397 0.5316
  20%    39             49-50              2922                  2178                      744              27 0.2909 0.2018 0.7505
  12%    43             49-50              2922                  2178                      744              27 0.2909 0.2018 0.7505
  15%    41             49-50              2922                  2178                      744              27 0.2909 0.2018 0.7505
  60%     1             27-33              2590                  2178                      412             104 0.2911 0.2454 0.5952
  15%    21             29-30              2617                  2178                      439              30 0.2911 0.2616 0.5313
  12%    23             29-30              2617                  2178                      439              30 0.2911 0.2616 0.5313
  20%    19             29-30              2617                  2178                      439              30 0.2911 0.2616 0.5313
  40%    18             36-39              2724                  2178                      546              64 0.2912 0.2466 0.5298
  35%    20             36-39              2724                  2178                      546              64 0.2912 0.2466 0.5298
  25%    24             36-38              2724                  2178                      546              51 0.2921 0.2404 0.5485
  30%    22             36-38              2724                  2178                      546              51 0.2921 0.2404 0.5485
  35%    34             50-53              2936                  2178                      758              58 0.2929 0.2396 0.7978
  40%    32             50-53              2936                  2178                      758              58 0.2929 0.2396 0.7978
  30%    37             51-53              2949                  2178                      771              45 0.2932 0.2429 0.8039
  25%    39             51-53              2949                  2178                      771              45 0.2932 0.2429 0.8039
  40%    30             48-51              2905                  2178                      727              59 0.2941 0.2261 0.7545
  35%    32             48-51              2905                  2178                      727              59 0.2941 0.2261 0.7545
  60%    10             36-42              2724                  2178                      546              99 0.2945 0.2453 0.7037
  10%    29             35-35              2709                  2178                      531              15 0.2949 0.2399 0.2188
   5%    31             35-35              2709                  2178                      531              15 0.2949 0.2399 0.2188
  30%     6             20-22              2477                  2178                      299              46 0.2973 0.2597 0.6706
  25%     8             20-22              2477                  2178                      299              46 0.2973 0.2597 0.6706
   5%    36             40-40              2788                  2178                      610               9 0.2973 0.2425 0.7669
  10%    34             40-40              2788                  2178                      610               9 0.2973 0.2425 0.7669
  60%     9             35-41              2709                  2178                      531              98 0.2978 0.2487 0.6344
  35%    16             32-35              2663                  2178                      485              61 0.2984 0.2375 0.6196
  40%    14             32-35              2663                  2178                      485              61 0.2984 0.2375 0.6196
  30%    12             26-28              2575                  2178                      397              42 0.2989 0.2407 0.5835
  60%     4             30-36              2632                  2178                      454             110 0.2989 0.2397 0.6062
  25%    14             26-28              2575                  2178                      397              42 0.2989 0.2407 0.5835
  35%     3             19-22              2460                  2178                      282              63 0.2989 0.2517 0.6641
  40%     1             19-22              2460                  2178                      282              63 0.2989 0.2517 0.6641
  60%     3             29-35              2617                  2178                      439             107 0.2993 0.2487 0.5916
  25%    23             35-37              2709                  2178                      531              50 0.2997 0.2457 0.4378
  30%    21             35-37              2709                  2178                      531              50 0.2997 0.2457 0.4378
  60%     5             31-37              2647                  2178                      469             112 0.3002 0.2393 0.5950
  40%    17             35-38              2709                  2178                      531              66 0.3007 0.2465 0.4723
  35%    19             35-38              2709                  2178                      531              66 0.3007 0.2465 0.4723
  12%    15             21-22              2492                  2178                      314              31 0.3016 0.2621 0.6848
  15%    13             21-22              2492                  2178                      314              31 0.3016 0.2621 0.6848
  20%    11             21-22              2492                  2178                      314              31 0.3016 0.2621 0.6848
  25%    13             25-27              2559                  2178                      381              45 0.3022 0.2512 0.6041
  30%    11             25-27              2559                  2178                      381              45 0.3022 0.2512 0.6041
  12%    22             28-29              2604                  2178                      426              28 0.3032 0.2566 0.4734
  20%    18             28-29              2604                  2178                      426              28 0.3032 0.2566 0.4734
  15%    20             28-29              2604                  2178                      426              28 0.3032 0.2566 0.4734
   5%     2               6-6              2226                  2178                       48              17 0.3062 0.2531 0.5140
  25%    36             48-50              2905                  2178                      727              44 0.3077 0.2314 0.6908
  30%    34             48-50              2905                  2178                      727              44 0.3077 0.2314 0.6908
  10%    43             49-49              2922                  2178                      744              14 0.3089 0.1944 0.6793
   5%    45             49-49              2922                  2178                      744              14 0.3089 0.1944 0.6793
  35%    11             27-30              2590                  2178                      412              57 0.3100 0.2657 0.4611
  40%     9             27-30              2590                  2178                      412              57 0.3100 0.2657 0.4611
  60%     6             32-38              2663                  2178                      485             112 0.3106 0.2498 0.5681
  10%    16             22-22              2506                  2178                      328              17 0.3132 0.2783 0.7212
   5%    18             22-22              2506                  2178                      328              17 0.3132 0.2783 0.7212
  20%    17             27-28              2590                  2178                      412              27 0.3158 0.2562 0.4093
  15%    19             27-28              2590                  2178                      412              27 0.3158 0.2562 0.4093
  12%    21             27-28              2590                  2178                      412              27 0.3158 0.2562 0.4093
  20%    42             52-53              2964                  2178                      786              30 0.3160 0.2619 0.7452
  12%    46             52-53              2964                  2178                      786              30 0.3160 0.2619 0.7452
  15%    44             52-53              2964                  2178                      786              30 0.3160 0.2619 0.7452
  20%    23             33-34              2679                  2178                      501              30 0.3180 0.2573 0.5765
  12%    27             33-34              2679                  2178                      501              30 0.3180 0.2573 0.5765
  15%    25             33-34              2679                  2178                      501              30 0.3180 0.2573 0.5765
  40%     8             26-29              2575                  2178                      397              57 0.3181 0.2675 0.5360
  35%    10             26-29              2575                  2178                      397              57 0.3181 0.2675 0.5360
  25%    21             33-35              2679                  2178                      501              45 0.3186 0.2608 0.5069
  30%    19             33-35              2679                  2178                      501              45 0.3186 0.2608 0.5069
  60%     7             33-39              2679                  2178                      501             109 0.3187 0.2648 0.4791
  60%     8             34-40              2694                  2178                      516             103 0.3198 0.2672 0.4842
  12%    20             26-27              2575                  2178                      397              29 0.3207 0.2648 0.5562
  15%    18             26-27              2575                  2178                      397              29 0.3207 0.2648 0.5562
  20%    16             26-27              2575                  2178                      397              29 0.3207 0.2648 0.5562
  35%    18             34-37              2694                  2178                      516              65 0.3213 0.2612 0.3939
  40%    16             34-37              2694                  2178                      516              65 0.3213 0.2612 0.3939
  12%    42             48-49              2905                  2178                      727              31 0.3221 0.2412 0.6158
  20%    38             48-49              2905                  2178                      727              31 0.3221 0.2412 0.6158
  15%    40             48-49              2905                  2178                      727              31 0.3221 0.2412 0.6158
  20%    25             35-36              2709                  2178                      531              33 0.3250 0.2621 0.3789
  15%    27             35-36              2709                  2178                      531              33 0.3250 0.2621 0.3789
  12%    29             35-36              2709                  2178                      531              33 0.3250 0.2621 0.3789
  15%    26             34-35              2694                  2178                      516              30 0.3277 0.2658 0.3132
  20%    24             34-35              2694                  2178                      516              30 0.3277 0.2658 0.3132
  12%    28             34-35              2694                  2178                      516              30 0.3277 0.2658 0.3132
   5%    44             48-48              2905                  2178                      727              17 0.3331 0.2812 0.5494
  10%    42             48-48              2905                  2178                      727              17 0.3331 0.2812 0.5494
  30%    13             27-29              2590                  2178                      412              42 0.3334 0.2855 0.3929
  25%    15             27-29              2590                  2178                      412              42 0.3334 0.2855 0.3929
  40%    15             33-36              2679                  2178                      501              63 0.3336 0.2703 0.4824
  35%    17             33-36              2679                  2178                      501              63 0.3336 0.2703 0.4824
   5%    32             36-36              2724                  2178                      546              18 0.3375 0.2731 0.4790
  10%    30             36-36              2724                  2178                      546              18 0.3375 0.2731 0.4790
  10%    28             34-34              2694                  2178                      516              15 0.3410 0.2706 0.3982
   5%    30             34-34              2694                  2178                      516              15 0.3410 0.2706 0.3982
  25%    22             34-36              2694                  2178                      516              48 0.3419 0.2756 0.3563
  30%    20             34-36              2694                  2178                      516              48 0.3419 0.2756 0.3563
  10%    23             29-29              2617                  2178                      439              15 0.3487 0.3204 0.4098
   5%    25             29-29              2617                  2178                      439              15 0.3487 0.3204 0.4098
  10%    47             53-53              2980                  2178                      802              14 0.3682 0.3199 0.7566
   5%    49             53-53              2980                  2178                      802              14 0.3682 0.3199 0.7566
  10%    21             27-27              2590                  2178                      412              14 0.3719 0.3221 0.2778
   5%    23             27-27              2590                  2178                      412              14 0.3719 0.3221 0.2778
   5%     1               5-5              2208                  2178                       30              18 0.4129 0.3227 0.3083
Arquivos .txt salvos em: c:\Users\mpoli\Desktop\UFOP\9 PERIODO\TCC\Scripts\Results\lr_wf_fold_results\italian_grand_prix\wf_2025