Carregando dados limpos de:
c:\Users\mpoli\Desktop\UFOP\9 PERIODO\TCC\Scripts\ModelData\Saudi Arabian Grand Prix\saudi_arabian_grand_prix_cleaned_data.csv

--- COMPARAÇÃO LINEAR REGRESSION WALK FORWARD (WF) ---
Ratio  Laps  Folds  RMSE_Media         IC_95%_RMSE  MAE_Media           IC_95%_MAE      R2_Media                    IC_95%_R2
   5%     2     47    134.3604 [-123.34, 392.0608]    56.1748 [-49.9102, 162.2599] -1.013469e+06 [-2999762.1955, 972824.9306]
  10%     5     44      0.4894    [0.3173, 0.6615]     0.3485     [0.2604, 0.4366]  6.211000e-01             [0.2289, 1.0134]
  12%     6     43      0.5361    [0.3317, 0.7405]     0.3818      [0.2686, 0.495]  4.913000e-01            [-0.0476, 1.0302]
  15%     7     42      0.3929    [0.3588, 0.4271]     0.3027     [0.2762, 0.3293]  8.399000e-01             [0.8166, 0.8632]
  20%    10     39      0.3552    [0.3383, 0.3722]     0.2749     [0.2612, 0.2886]  8.678000e-01             [0.8572, 0.8784]
  25%    12     37      0.3541    [0.3375, 0.3707]     0.2758     [0.2622, 0.2893]  8.707000e-01              [0.862, 0.8793]
  30%    14     35      0.3471    [0.3314, 0.3628]     0.2703     [0.2569, 0.2836]  8.765000e-01             [0.8684, 0.8845]
  35%    17     32      0.3457    [0.3289, 0.3624]     0.2700     [0.2555, 0.2845]  8.808000e-01             [0.8741, 0.8876]
  40%    19     30      0.3446    [0.3275, 0.3617]     0.2693      [0.255, 0.2837]  8.831000e-01             [0.8755, 0.8906]
  60%    29     20      0.3235    [0.3167, 0.3302]     0.2511     [0.2446, 0.2577]  8.860000e-01             [0.8774, 0.8945]

--- TODOS OS FOLDS (WF GERAL) | MELHOR -> PIOR RMSE ---
Ratio  Fold Voltas_Treino Voltas_Teste  Train_Regs  Test_Regs      RMSE       MAE            R2
  10%    14         16-19        20-20         148         30    0.2674    0.2205  9.130000e-01
  40%    13         15-29        30-33         751        267    0.2868    0.2212  9.268000e-01
  60%     6          8-30        31-36        1219        388    0.2938    0.2219  9.164000e-01
  10%    25         27-30        31-31         267         65    0.2966    0.2324  9.232000e-01
  40%    14         16-30        31-34         753        264    0.2995    0.2276  9.194000e-01
  60%     7          9-31        32-37        1233        382    0.3001    0.2270  9.081000e-01
  20%    24         26-33        34-35         535        124    0.3007    0.2236  8.998000e-01
  20%    29         31-38        39-40         498         99    0.3010    0.2427  8.824000e-01
  60%     5          7-29        30-35        1206        391    0.3027    0.2316  9.141000e-01
  20%    20         22-29        30-31         484        130    0.3032    0.2324  9.161000e-01
  10%     6          8-11        12-12         205         69    0.3036    0.2444  9.139000e-01
  40%    15         17-31        32-35         768        261    0.3045    0.2305  9.103000e-01
  15%    27         29-33        34-35         335        124    0.3046    0.2316  8.971000e-01
  35%    15         17-29        30-33         638        267    0.3049    0.2346  9.173000e-01
  30%    17         19-29        30-32         570        199    0.3062    0.2397  9.161000e-01
  10%    40         42-45        46-46         252         60    0.3063    0.2419  8.399000e-01
  20%    28         30-37        38-39         512        101    0.3065    0.2431  8.822000e-01
  30%    25         27-37        38-40         714        150    0.3071    0.2433  8.785000e-01
  30%    18         20-30        31-33         605        202    0.3077    0.2341  9.173000e-01
  10%    33         35-38        39-39         234         50    0.3088    0.2492  8.850000e-01
  20%    33         35-42        43-44         446        125    0.3091    0.2447  8.788000e-01
  40%    26         28-42        43-46         910        250    0.3095    0.2392  8.804000e-01
  25%    23         25-33        34-36         598        186    0.3095    0.2364  8.900000e-01
  25%    19         21-29        30-32         510        199    0.3096    0.2412  9.143000e-01
  40%    12         14-28        29-32         748        267    0.3096    0.2454  9.140000e-01
  35%    16         18-30        31-34         664        264    0.3099    0.2371  9.136000e-01
  40%    24         26-40        41-44         930        238    0.3102    0.2386  8.861000e-01
  10%    29         31-34        35-35         264         62    0.3107    0.2429  8.807000e-01
  60%     8         10-32        33-38        1255        364    0.3108    0.2355  8.946000e-01
  35%    26         28-40        41-44         797        238    0.3109    0.2370  8.856000e-01
  30%    20         22-32        33-35         683        192    0.3110    0.2339  9.019000e-01
  25%    31         33-41        42-44         514        187    0.3111    0.2401  8.833000e-01
  40%    16         18-32        33-36         798        254    0.3111    0.2322  8.980000e-01
  15%    32         34-38        39-40         296         99    0.3116    0.2510  8.739000e-01
  35%    17         19-31        32-35         700        261    0.3117    0.2386  9.060000e-01
  30%    29         31-41        42-44         648        187    0.3122    0.2414  8.825000e-01
  25%    27         29-37        38-40         580        150    0.3128    0.2505  8.740000e-01
  40%    17         19-33        34-37         837        245    0.3129    0.2421  8.863000e-01
  35%    28         30-42        43-46         775        250    0.3131    0.2416  8.776000e-01
  60%     9         11-33        34-39        1268        346    0.3133    0.2415  8.857000e-01
  40%    27         29-43        44-47         906        249    0.3134    0.2423  8.840000e-01
  20%    36         38-45        46-47         453        122    0.3137    0.2455  8.764000e-01
  30%    26         28-38        39-41         698        150    0.3137    0.2485  8.790000e-01
  40%    22         24-38        39-42         960        212    0.3137    0.2468  8.833000e-01
  40%    11         13-27        28-31         745        265    0.3138    0.2487  9.130000e-01
  35%    19         21-33        34-37         777        245    0.3139    0.2428  8.855000e-01
  30%    24         26-36        37-39         721        160    0.3141    0.2480  8.772000e-01
  25%    20         22-30        31-33         549        202    0.3145    0.2389  9.136000e-01
  35%    23         25-37        38-41         843        201    0.3147    0.2482  8.775000e-01
  35%    18         20-32        33-36         739        254    0.3147    0.2357  8.956000e-01
  20%     9         11-18        19-20         431         60    0.3149    0.2615  8.603000e-01
  20%    32         34-41        42-43         446        125    0.3153    0.2347  8.848000e-01
  35%    13         15-27        28-31         616        265    0.3154    0.2484  9.121000e-01
  25%    28         30-38        39-41         563        150    0.3154    0.2514  8.778000e-01
  35%    24         26-38        39-42         831        212    0.3159    0.2488  8.817000e-01
  30%    31         33-43        44-46         639        187    0.3160    0.2420  8.744000e-01
  25%    32         34-42        43-45         508        190    0.3167    0.2413  8.844000e-01
  30%    22         24-34        35-37         726        183    0.3168    0.2389  8.753000e-01
  12%    28         30-33        34-35         267        124    0.3169    0.2405  8.887000e-01
  15%    26         28-32        33-34         334        130    0.3175    0.2404  9.052000e-01
  20%    22         24-31        32-33         527        137    0.3176    0.2483  9.114000e-01
  30%    21         23-33        34-36         716        186    0.3176    0.2418  8.842000e-01
  25%    30         32-40        41-43         532        176    0.3176    0.2406  8.845000e-01
  25%     7          9-17        18-20         504         89    0.3177    0.2489  8.617000e-01
  25%    26         28-36        37-39         588        160    0.3178    0.2500  8.743000e-01
  35%    29         31-43        44-47         773        249    0.3178    0.2449  8.807000e-01
  20%    23         25-32        33-34         530        130    0.3183    0.2426  9.047000e-01
  30%     5          7-17        18-20         607         89    0.3183    0.2512  8.612000e-01
  20%    21         23-30        31-32         514        134    0.3185    0.2472  9.118000e-01
  30%    19         21-31        32-34         640        199    0.3188    0.2409  9.072000e-01
  35%    27         29-41        42-45         781        252    0.3191    0.2409  8.841000e-01
  35%    22         24-36        37-40         850        209    0.3195    0.2535  8.714000e-01
  60%    17         19-41        42-47        1283        374    0.3203    0.2469  8.798000e-01
  35%     3          5-17        18-21         732        115    0.3203    0.2568  8.750000e-01
  40%    25         27-41        42-45         915        252    0.3204    0.2424  8.831000e-01
  10%    28         30-33        34-34         267         62    0.3210    0.2401  8.958000e-01
  60%    14         16-38        39-44        1251        337    0.3219    0.2525  8.743000e-01
  60%     4          6-28        29-34        1207        397    0.3219    0.2508  9.064000e-01
  30%    16         18-28        29-31         531        198    0.3226    0.2540  9.049000e-01
  60%    10         12-34        35-40        1278        333    0.3228    0.2522  8.722000e-01
  60%    16         18-40        41-46        1261        363    0.3231    0.2487  8.748000e-01
  60%    11         13-35        36-41        1271        322    0.3232    0.2564  8.725000e-01
  15%    31         33-37        38-39         313        101    0.3234    0.2438  8.689000e-01
  35%    31         33-45        46-49         766        234    0.3239    0.2486  8.701000e-01
  35%    14         16-28        29-32         620        267    0.3241    0.2567  9.057000e-01
  20%    30         32-39        40-41         483        100    0.3241    0.2508  8.682000e-01
  40%    23         25-39        40-43         944        225    0.3242    0.2488  8.739000e-01
  60%     3          5-27        28-33        1196        402    0.3244    0.2565  9.082000e-01
  20%    31         33-40        41-42         463        113    0.3245    0.2407  8.838000e-01
  35%    25         27-39        40-43         815        225    0.3245    0.2478  8.737000e-01
  15%    38         40-44        45-46         287        125    0.3247    0.2465  8.703000e-01
  30%    30         32-42        43-45         645        190    0.3248    0.2471  8.784000e-01
  30%    28         30-40        41-43         662        176    0.3249    0.2460  8.792000e-01
  30%    32         34-44        45-47         633        187    0.3250    0.2450  8.794000e-01
  35%     1          3-15        16-19         729        148    0.3250    0.2553  8.662000e-01
  25%    22         24-32        33-35         596        192    0.3252    0.2479  8.928000e-01
  15%    24         26-30        31-32         333        134    0.3252    0.2549  9.080000e-01
  60%    13         15-37        38-43        1263        326    0.3253    0.2560  8.729000e-01
  20%     5          7-14        15-16         455        113    0.3254    0.2490  8.674000e-01
  25%    33         35-43        44-46         509        187    0.3256    0.2482  8.667000e-01
  40%    21         23-37        38-41         961        201    0.3257    0.2598  8.688000e-01
  25%    29         31-39        40-42         548        162    0.3258    0.2530  8.738000e-01
  15%    23         25-29        30-31         331        130    0.3260    0.2528  9.030000e-01
  35%    21         23-35        36-39         840        222    0.3262    0.2545  8.671000e-01
  30%    15         17-27        28-30         503        200    0.3262    0.2572  9.052000e-01
  12%    33         35-38        39-40         234         99    0.3262    0.2620  8.619000e-01
  60%    18         20-42        43-48        1315        368    0.3267    0.2486  8.728000e-01
  40%    29         31-45        46-49         900        234    0.3268    0.2514  8.678000e-01
  20%    25         27-34        35-36         531        124    0.3276    0.2402  8.660000e-01
  12%    14         16-19        20-21         148         56    0.3278    0.2476  8.882000e-01
  40%    10         12-26        27-30         747        267    0.3281    0.2584  9.087000e-01
  60%    12         14-36        37-42        1269        322    0.3285    0.2614  8.717000e-01
  25%    18         20-28        29-31         472        198    0.3285    0.2554  9.014000e-01
  12%    27         29-32        33-34         267        130    0.3287    0.2553  8.984000e-01
  10%     9         11-14        15-15         250         63    0.3289    0.2677  8.606000e-01
  40%    18         20-34        35-38         869        234    0.3299    0.2548  8.640000e-01
  40%    20         22-36        37-40         937        209    0.3308    0.2680  8.622000e-01
  30%     1          3-13        14-16         601        178    0.3309    0.2626  8.694000e-01
  35%     2          4-16        17-20         744        128    0.3310    0.2480  8.593000e-01
  25%     3          5-13        14-16         515        178    0.3310    0.2614  8.693000e-01
  60%     2          4-26        27-32        1180        401    0.3312    0.2613  9.073000e-01
  30%    33         35-45        46-48         636        178    0.3312    0.2487  8.634000e-01
  12%     6          8-11        12-13         205        133    0.3314    0.2614  8.817000e-01
  30%    23         25-35        36-38         722        172    0.3316    0.2518  8.600000e-01
  30%    27         29-39        40-42         681        162    0.3328    0.2589  8.683000e-01
  12%    24         26-29        30-31         268        130    0.3331    0.2592  8.987000e-01
  25%    24         26-34        35-37         597        183    0.3333    0.2489  8.620000e-01
  35%    20         22-34        35-38         813        234    0.3333    0.2584  8.613000e-01
  10%    22         24-27        28-28         262         67    0.3335    0.2681  9.090000e-01
  15%    39         41-45        46-47         303        122    0.3340    0.2588  8.598000e-01
  12%    39         41-44        45-46         238        125    0.3340    0.2467  8.628000e-01
  15%     8         10-14        15-16         305        113    0.3341    0.2602  8.602000e-01
  15%    33         35-39        40-41         284        100    0.3344    0.2594  8.597000e-01
  60%    15         17-39        40-45        1251        352    0.3345    0.2563  8.692000e-01
  25%    35         37-45        46-48         512        178    0.3347    0.2513  8.605000e-01
  15%    13         15-19        20-21         211         56    0.3348    0.2391  8.834000e-01
  40%     1          3-17        18-21         818        115    0.3354    0.2779  8.629000e-01
  35%    12         14-26        27-30         614        267    0.3357    0.2640  9.044000e-01
  35%    30         32-44        45-48         770        243    0.3360    0.2534  8.693000e-01
  20%    34         36-43        44-45         447        127    0.3365    0.2507  8.732000e-01
  40%    28         30-44        45-48         900        243    0.3365    0.2551  8.689000e-01
  12%    25         27-30        31-32         267        134    0.3368    0.2631  9.013000e-01
  12%     9         11-14        15-16         250        113    0.3370    0.2650  8.577000e-01
  12%    13         15-18        19-20         181         60    0.3370    0.2628  8.400000e-01
  40%    19         21-35        36-39         901        222    0.3372    0.2646  8.580000e-01
  60%    19         21-43        44-49        1348        361    0.3373    0.2585  8.645000e-01
  10%    27         29-32        33-33         267         68    0.3374    0.2631  8.990000e-01
  25%    17         19-27        28-30         435        200    0.3375    0.2678  8.985000e-01
  25%    25         27-35        36-38         593        172    0.3376    0.2578  8.549000e-01
  25%    34         36-44        45-47         509        187    0.3388    0.2536  8.689000e-01
  15%    30         32-36        37-38         323        110    0.3391    0.2547  8.536000e-01
  12%    40         42-45        46-47         252        122    0.3393    0.2603  8.554000e-01
  12%    22         24-27        28-29         262        135    0.3403    0.2756  8.998000e-01
  20%    35         37-44        45-46         447        125    0.3403    0.2562  8.575000e-01
  20%     4          6-13        14-15         459        128    0.3404    0.2686  8.624000e-01
  20%    17         19-26        27-28         368        134    0.3405    0.2671  9.089000e-01
  30%     6          8-18        19-21         584         86    0.3414    0.2829  8.607000e-01
  25%     8         10-18        19-21         486         86    0.3423    0.2843  8.600000e-01
  10%    23         25-28        29-29         263         68    0.3423    0.2829  8.919000e-01
  10%    10         12-15        16-16         261         50    0.3429    0.2568  8.534000e-01
  20%     8         10-17        18-19         457         59    0.3430    0.2642  8.278000e-01
  30%     4          6-16        17-19         637         98    0.3432    0.2622  8.459000e-01
  15%    21         23-27        28-29         314        135    0.3440    0.2734  8.976000e-01
  30%     3          5-15        16-18         643        118    0.3443    0.2636  8.578000e-01
  15%    22         24-28        29-30         329        133    0.3449    0.2760  8.884000e-01
  60%     1          3-25        26-31        1149        398    0.3452    0.2787  9.034000e-01
  10%    26         28-31        32-32         265         69    0.3453    0.2638  8.962000e-01
  12%    23         25-28        29-30         263        133    0.3461    0.2733  8.876000e-01
  20%    10         12-19        20-21         409         56    0.3466    0.2860  8.750000e-01
  12%    42         44-47        48-49         249        112    0.3466    0.2558  8.535000e-01
  10%    43         45-48        49-49         243         56    0.3467    0.2700  8.541000e-01
  40%     9         11-25        26-29         733        268    0.3469    0.2825  9.062000e-01
  35%    11         13-25        26-29         612        268    0.3475    0.2797  9.059000e-01
  15%    28         30-34        35-36         329        124    0.3477    0.2611  8.491000e-01
  20%    19         21-28        29-30         442        133    0.3480    0.2726  8.864000e-01
  30%    14         16-26        27-29         486        202    0.3483    0.2744  9.002000e-01
  20%    26         28-35        36-37         526        121    0.3483    0.2643  8.467000e-01
  15%    41         43-47        48-49         312        112    0.3484    0.2681  8.519000e-01
  20%     2          4-11        12-13         433        133    0.3486    0.2715  8.691000e-01
  25%     1          3-11        12-14         468        198    0.3497    0.2798  8.674000e-01
  25%    16         18-26        27-29         397        202    0.3499    0.2756  8.992000e-01
  20%     3          5-12        13-14         451        129    0.3508    0.2792  8.541000e-01
  35%     4          6-18        19-22         705        121    0.3510    0.2862  8.949000e-01
  25%     5          7-15        16-18         518        118    0.3513    0.2627  8.519000e-01
  10%    24         26-29        30-30         268         65    0.3513    0.2703  8.817000e-01
  15%     5          7-11        12-13         257        133    0.3514    0.2667  8.670000e-01
  30%     7          9-19        20-22         563         91    0.3514    0.2866  9.093000e-01
  10%    34         36-39        40-40         222         49    0.3520    0.2701  8.202000e-01
  20%    18         20-27        28-29         405        135    0.3521    0.2801  8.927000e-01
  30%    34         36-46        47-49         634        174    0.3530    0.2654  8.590000e-01
  12%    32         34-37        38-39         245        101    0.3542    0.2597  8.426000e-01
  15%    35         37-41        42-43         260        125    0.3545    0.2519  8.544000e-01
  25%     9         11-19        20-22         461         91    0.3549    0.2948  9.075000e-01
  25%    21         23-31        32-34         579        199    0.3556    0.2768  8.845000e-01
  30%    13         15-25        26-28         483        200    0.3561    0.2825  9.055000e-01
  12%    31         33-36        37-38         254        110    0.3562    0.2689  8.384000e-01
  20%    11         13-20        21-22         370         61    0.3563    0.2920  9.219000e-01
  10%    31         33-36        37-37         254         59    0.3564    0.2817  8.417000e-01
  15%    29         31-35        36-37         326        121    0.3578    0.2819  8.383000e-01
  25%    36         38-46        47-49         513        174    0.3581    0.2698  8.548000e-01
  15%    37         39-43        44-45         275        127    0.3582    0.2604  8.563000e-01
   5%    18         20-20        21-21          30         26    0.3586    0.2808  8.841000e-01
  20%    37         39-46        47-48         462        118    0.3591    0.2659  8.585000e-01
  10%    39         41-44        45-45         238         65    0.3595    0.2575  8.733000e-01
  15%    12         14-18        19-20         246         60    0.3599    0.2934  8.176000e-01
  10%    37         39-42        43-43         212         63    0.3613    0.2709  8.398000e-01
  25%     4          6-14        15-17         524        152    0.3622    0.2795  8.422000e-01
  15%    36         38-42        43-44         263        125    0.3622    0.2580  8.336000e-01
  60%    20         22-44        45-50        1384        343    0.3624    0.2807  8.501000e-01
  20%    38         40-47        48-49         474        112    0.3629    0.2753  8.394000e-01
  15%     7          9-13        14-15         287        128    0.3635    0.2885  8.432000e-01
  12%    34         36-39        40-41         222        100    0.3635    0.2790  8.342000e-01
  15%     6          8-12        13-14         274        129    0.3641    0.2871  8.428000e-01
  25%     2          4-12        13-15         502        192    0.3643    0.2889  8.384000e-01
  12%    30         32-35        36-37         261        121    0.3646    0.2914  8.321000e-01
  20%    27         29-36        37-38         521        110    0.3652    0.2669  8.302000e-01
  15%    20         22-26        27-28         282        134    0.3660    0.2871  8.948000e-01
  25%     6          8-16        17-19         516         98    0.3661    0.2770  8.247000e-01
  40%     2          4-18        19-22         812        121    0.3665    0.2846  8.854000e-01
  10%     2           4-7          8-8         228         51    0.3671    0.2858  9.082000e-01
  10%    32         34-37        38-38         245         51    0.3674    0.2609  8.227000e-01
  40%    30         32-46        47-50         895        218    0.3690    0.2853  8.499000e-01
  30%     2          4-14        15-17         631        152    0.3698    0.2828  8.355000e-01
  25%    15         17-25        26-28         370        200    0.3703    0.2927  8.978000e-01
  12%    26         28-31        32-33         265        137    0.3729    0.2894  8.779000e-01
  20%     6          8-15        16-17         466         89    0.3731    0.2789  8.343000e-01
  12%    29         31-34        35-36         264        124    0.3733    0.2875  8.260000e-01
  10%    36         38-41        42-42         201         62    0.3747    0.2805  8.460000e-01
  35%    32         34-46        47-50         758        218    0.3748    0.2862  8.451000e-01
  10%    41         43-46        47-47         250         62    0.3751    0.2897  8.590000e-01
  15%    25         27-31        32-33         332        137    0.3753    0.2952  8.763000e-01
  20%    16         18-25        26-27         331        133    0.3759    0.2936  8.988000e-01
  40%     8         10-24        25-28         725        263    0.3768    0.2913  8.987000e-01
  15%     9         11-15        16-17         313         89    0.3769    0.2835  8.309000e-01
  10%     7          9-12        13-13         223         64    0.3786    0.3058  8.149000e-01
  12%    37         39-42        43-44         212        125    0.3794    0.2726  8.174000e-01
  15%    40         42-46        47-48         312        118    0.3799    0.2803  8.417000e-01
  12%    21         23-26        27-28         247        134    0.3820    0.3061  8.853000e-01
  35%    10         12-24        25-28         618        263    0.3825    0.2983  8.956000e-01
  20%     7          9-16        17-18         465         68    0.3832    0.2791  8.246000e-01
  10%    35         37-40        41-41         209         51    0.3835    0.2804  8.361000e-01
  10%    42         44-47        48-48         249         56    0.3844    0.2741  8.187000e-01
  12%    35         37-40        41-42         209        113    0.3851    0.2734  8.363000e-01
  15%    14         16-20        21-22         178         61    0.3886    0.2938  9.071000e-01
  12%    36         38-41        42-43         201        125    0.3908    0.2870  8.230000e-01
  15%    42         44-48        49-50         305        100    0.3909    0.3055  8.306000e-01
  12%    38         40-43        44-45         225        127    0.3930    0.2811  8.271000e-01
  15%    34         36-40        41-42         271        113    0.3933    0.2860  8.293000e-01
   5%    41         43-43        44-44          63         62    0.3944    0.2935  7.948000e-01
  10%    30         32-35        36-36         261         62    0.3950    0.3013  8.000000e-01
  12%    41         43-46        47-48         250        118    0.3954    0.2928  8.285000e-01
  15%    10         12-16        17-18         311         68    0.3956    0.2932  8.131000e-01
  30%    35         37-47        48-50         634        156    0.3961    0.3051  8.198000e-01
  30%    12         14-24        25-27         485        196    0.3961    0.3103  8.921000e-01
  12%     7          9-12        13-14         223        129    0.3968    0.3198  8.133000e-01
  12%    11         13-16        17-18         242         68    0.3976    0.2803  8.112000e-01
  10%     8         10-13        14-14         240         65    0.4007    0.3267  8.228000e-01
  12%     8         10-13        14-15         240        128    0.4013    0.3255  8.088000e-01
  25%    37         39-47        48-50         524        156    0.4015    0.3115  8.149000e-01
  20%    39         41-48        49-50         481        100    0.4052    0.3245  8.179000e-01
  10%    12         14-17        18-18         217         29    0.4056    0.3138  7.867000e-01
  15%     3           5-9        10-11         275        107    0.4064    0.3280  8.379000e-01
  12%    10         12-15        16-17         261         89    0.4082    0.3028  8.017000e-01
  10%    13         15-18        19-19         181         30    0.4114    0.3326  7.168000e-01
  20%    12         14-21        22-23         332         87    0.4139    0.3255  8.988000e-01
  40%     6          8-22        23-26         705        247    0.4209    0.3342  8.780000e-01
  25%    14         16-24        25-27         357        196    0.4217    0.3308  8.777000e-01
  15%    11         13-17        18-19         281         59    0.4239    0.3378  7.370000e-01
  15%    18         20-24        25-26         209        129    0.4248    0.3284  8.815000e-01
   5%    13         15-15        16-16          63         50    0.4263    0.3578  7.735000e-01
  10%    21         23-26        27-27         247         67    0.4274    0.3483  8.612000e-01
  10%    19         21-24        25-25         179         63    0.4282    0.3246  8.819000e-01
  25%    11         13-21        22-24         396        153    0.4283    0.3443  8.785000e-01
  20%    15         17-24        25-26         307        129    0.4297    0.3270  8.788000e-01
  12%    19         21-24        25-26         179        129    0.4300    0.3307  8.786000e-01
  15%    19         21-25        26-27         242        133    0.4301    0.3326  8.675000e-01
  10%     1           3-6          7-7         211         52    0.4316    0.3326  8.453000e-01
  10%    11         13-16        17-17         242         39    0.4319    0.3113  7.871000e-01
  12%     1           3-6          7-8         211        103    0.4330    0.3509  8.596000e-01
  35%     8         10-22        23-26         607        247    0.4330    0.3447  8.709000e-01
  30%     9         11-21        22-24         517        153    0.4336    0.3556  8.755000e-01
  12%    43         45-48        49-50         243        100    0.4353    0.3364  7.898000e-01
  40%     3          5-19        20-23         791        143    0.4357    0.3390  8.654000e-01
  40%     4          6-20        21-24         765        179    0.4373    0.3529  8.686000e-01
  12%    12         14-17        18-19         217         59    0.4401    0.3518  7.164000e-01
  12%     4           6-9        10-11         219        107    0.4403    0.3474  8.097000e-01
  35%     5          7-19        20-23         666        143    0.4412    0.3523  8.620000e-01
  35%     7          9-21        22-25         619        216    0.4429    0.3610  8.713000e-01
  25%    10         12-20        21-23         439        113    0.4429    0.3596  8.748000e-01
  15%     2           4-8         9-10         279        102    0.4442    0.3530  8.276000e-01
  30%     8         10-20        21-23         546        113    0.4454    0.3618  8.734000e-01
  40%     5          7-21        22-25         722        216    0.4489    0.3643  8.677000e-01
  10%    38         40-43        44-44         225         62    0.4489    0.3125  7.342000e-01
  10%     4           6-9        10-10         219         55    0.4497    0.3554  8.014000e-01
  30%    10         12-22        23-25         500        181    0.4550    0.3598  8.553000e-01
  40%     7          9-23        24-27         706        262    0.4564    0.3504  8.526000e-01
   5%    31         33-33        34-34          68         62    0.4594    0.3628  7.866000e-01
  35%     6          8-20        21-24         644        179    0.4619    0.3759  8.534000e-01
  12%     2           4-7          8-9         228         98    0.4633    0.3518  8.452000e-01
  35%     9         11-23        24-27         604        262    0.4648    0.3593  8.471000e-01
  12%    20         22-25        26-27         216        133    0.4664    0.3628  8.442000e-01
  25%    12         14-22        23-25         367        181    0.4677    0.3584  8.472000e-01
  12%     3           5-8         9-10         228        102    0.4679    0.3790  8.087000e-01
  20%     1          3-10        11-12         416        121    0.4710    0.3799  7.878000e-01
  10%    20         22-25        26-26         216         66    0.4716    0.3523  8.495000e-01
  15%    16         18-22        23-24         150        118    0.4776    0.3708  8.330000e-01
  10%     5          7-10        11-11         205         52    0.4776    0.3888  7.736000e-01
  10%     3           5-8          9-9         228         47    0.4802    0.3881  8.215000e-01
   5%    26         28-28        29-29          67         68    0.4820    0.3581  7.858000e-01
  20%    13         15-22        23-24         302        118    0.4883    0.3697  8.255000e-01
   5%    17         19-19        20-20          30         30    0.4887    0.3909  7.095000e-01
  10%    44         46-49        50-50         234         44    0.4891    0.4015  7.599000e-01
   5%    32         34-34        35-35          62         62    0.4915    0.3918  7.015000e-01
  15%     1           3-7          8-9         263         98    0.5003    0.3885  8.194000e-01
  30%    11         13-23        24-26         483        195    0.5048    0.3910  8.231000e-01
   5%     4           6-6          7-7          69         52    0.5083    0.3858  7.854000e-01
  12%     5          7-10        11-12         205        121    0.5101    0.4051  7.511000e-01
  15%     4          6-10        11-12         274        121    0.5265    0.4323  7.349000e-01
  20%    14         16-23        24-25         291        129    0.5548    0.4369  7.811000e-01
  25%    13         15-23        24-26         354        195    0.5549    0.4322  7.863000e-01
   5%    47         49-49        50-50          56         44    0.5576    0.4307  6.879000e-01
   5%    10         12-12        13-13          69         64    0.5679    0.4517  5.835000e-01
   5%    33         35-35        36-36          62         62    0.5748    0.4594  5.765000e-01
   5%    23         25-25        26-26          63         66    0.6132    0.4589  7.456000e-01
  10%    17         19-22        23-23         121         52    0.6259    0.4404  7.376000e-01
  12%    17         19-22        23-24         121        118    0.6287    0.4786  7.107000e-01
   5%    45         47-47        48-48          62         56    0.6455    0.5287  4.890000e-01
  10%    18         20-23        24-24         143         66    0.6461    0.5127  6.702000e-01
   5%     3           5-5          6-6          56         69    0.6524    0.5409  6.377000e-01
   5%    46         48-48        49-49          56         56    0.6594    0.4781  4.723000e-01
  15%    17         19-23        24-25         173        129    0.6708    0.5384  6.800000e-01
   5%    42         44-44        45-45          62         65    0.6751    0.5158  5.530000e-01
   5%     1           3-3          4-4          35         51    0.6875    0.5810  5.972000e-01
   5%    15         17-17        18-18          39         29    0.7011    0.6192  3.625000e-01
   5%    24         26-26        27-27          66         67    0.7218    0.5466  6.041000e-01
  12%    18         20-23        24-25         143        129    0.7250    0.5789  6.262000e-01
   5%    20         22-22        23-23          35         52    0.7999    0.6074  5.715000e-01
   5%    36         38-38        39-39          51         50    0.8759    0.6706  7.450000e-02
   5%     8         10-10        11-11          55         52    0.8927    0.6005  2.092000e-01
   5%    43         45-45        46-46          65         60    0.9269    0.6632 -4.661000e-01
   5%    14         16-16        17-17          50         39    0.9545    0.7517 -3.980000e-02
   5%    16         18-18        19-19          29         30    0.9574    0.7944 -5.335000e-01
  15%    15         17-21        22-23         154         87    0.9665    0.7212  4.483000e-01
  10%    15         17-20        21-21         128         26    1.0298    0.4849  4.390000e-02
   5%    37         39-39        40-40          50         49    1.0493    0.8429 -5.978000e-01
   5%    27         29-29        30-30          68         65    1.0562    0.8447 -6.930000e-02
   5%     7           9-9        10-10          47         55    1.0928    0.7215 -1.730000e-01
   5%    38         40-40        41-41          49         51    1.6499    0.8817 -2.033700e+00
   5%    11         13-13        14-14          64         65    1.7731    1.3125 -2.468800e+00
   5%     9         11-11        12-12          52         69    1.7956    1.4195 -2.013100e+00
   5%    21         23-23        24-24          52         66    2.0591    1.7079 -2.350100e+00
   5%    22         24-24        25-25          66         63    2.1237    1.6171 -1.905500e+00
   5%     5           7-7          8-8          52         51    2.2178    1.4596 -2.349000e+00
   5%     2           4-4          5-5          51         56    2.2379    1.6337 -2.373600e+00
  12%    15         17-20        21-22         128         61    2.3905    1.3594 -2.515900e+00
   5%     6           8-8          9-9          51         47    2.6399    2.0411 -4.394400e+00
   5%    19         21-21        22-22          26         35    2.6480    1.7636 -2.587400e+00
   5%    12         14-14        15-15          65         63    2.7185    2.0892 -8.521900e+00
   5%    40         42-42        43-43          62         63    3.8425    2.7272 -1.712460e+01
   5%    25         27-27        28-28          67         67    4.0533    3.0387 -1.244140e+01
  10%    16         18-21        22-22         115         35    4.1806    2.2352 -7.941800e+00
  12%    16         18-21        22-23         115         87    4.4274    2.5392 -1.057820e+01
   5%    28         30-30        31-31          65         65    4.9560    3.5853 -2.043950e+01
   5%    29         31-31        32-32          65         69    6.2640    3.7340 -3.314250e+01
   5%    44         46-46        47-47          60         62   10.3114    6.6876 -1.055711e+02
   5%    35         37-37        38-38          59         51   13.2367   10.2391 -2.291187e+02
   5%    39         41-41        42-42          51         62   19.7940   10.8792 -4.286626e+02
   5%    30         32-32        33-33          69         68   28.9092   22.6314 -7.406666e+02
   5%    34         36-36        37-37          62         59 6182.4380 2545.8401 -4.763142e+07
Arquivos .txt salvos em: c:\Users\mpoli\Desktop\UFOP\9 PERIODO\TCC\Scripts\Results\lr_wf_fold_results\saudi_arabian_grand_prix\wf_geral

--- COMPARAÇÃO LINEAR REGRESSION WALK FORWARD (WF) | APENAS 2025 ---
Ano avaliado: 2025 | Voltas consideradas: 46 (5-50) | Treino: todos os anos (exceto a janela de teste de 2025 em cada fold)
Ratio  Laps  Folds  RMSE_Media      IC_95%_RMSE  MAE_Media       IC_95%_MAE  R2_Media        IC_95%_R2
   5%     2     45      0.3261 [0.3077, 0.3444]     0.2558 [0.2401, 0.2714]    0.8401 [0.8148, 0.8654]
  10%     5     42      0.3189 [0.3012, 0.3365]     0.2493 [0.2344, 0.2642]    0.8508 [0.8271, 0.8744]
  12%     6     41      0.3241 [0.3109, 0.3372]     0.2515  [0.2399, 0.263]    0.8567 [0.8366, 0.8767]
  15%     7     40      0.3206  [0.309, 0.3322]     0.2486  [0.2383, 0.259]    0.8632  [0.8474, 0.879]
  20%     9     38      0.3179 [0.3072, 0.3287]     0.2471 [0.2369, 0.2573]    0.8693 [0.8564, 0.8822]
  25%    12     35      0.3191 [0.3096, 0.3285]     0.2477 [0.2378, 0.2576]    0.8751 [0.8646, 0.8856]
  30%    14     33      0.3196 [0.3098, 0.3294]     0.2486 [0.2383, 0.2589]    0.8767 [0.8659, 0.8875]
  35%    16     31      0.3239 [0.3153, 0.3325]     0.2532 [0.2436, 0.2628]    0.8784  [0.869, 0.8879]
  40%    18     29      0.3247 [0.3157, 0.3337]     0.2544 [0.2444, 0.2645]    0.8802 [0.8705, 0.8899]
  60%    28     19      0.3244 [0.3133, 0.3355]     0.2533 [0.2405, 0.2661]    0.8674 [0.8599, 0.8748]

--- TODOS OS FOLDS (WF 2025) | MELHOR -> PIOR RMSE ---
Ratio  Fold Voltas_Teste_2025  Train_Regs_Total  Train_Regs_2022_2024  Train_Regs_2025_Passado  Test_Regs_2025   RMSE    MAE     R2
   5%    37             42-42              2517                  1947                      570              17 0.1683 0.1346 0.9665
  10%    34             42-42              2517                  1947                      570              17 0.1683 0.1346 0.9665
  10%    28             36-36              2421                  1947                      474              16 0.1996 0.1491 0.9320
   5%    31             36-36              2421                  1947                      474              16 0.1996 0.1491 0.9320
  12%     8             16-17              2125                  1947                      178              36 0.2209 0.1728 0.9158
  20%     5             16-17              2125                  1947                      178              36 0.2209 0.1728 0.9158
  15%     7             16-17              2125                  1947                      178              36 0.2209 0.1728 0.9158
  10%     9             17-17              2143                  1947                      196              18 0.2220 0.1737 0.9091
   5%    12             17-17              2143                  1947                      196              18 0.2220 0.1737 0.9091
   5%    11             16-16              2125                  1947                      178              18 0.2227 0.1724 0.9196
  10%     8             16-16              2125                  1947                      178              18 0.2227 0.1724 0.9196
  25%     3             16-18              2125                  1947                      178              53 0.2439 0.1785 0.8985
  30%     1             16-18              2125                  1947                      178              53 0.2439 0.1785 0.8985
  10%    38             46-46              2585                  1947                      638              15 0.2482 0.2106 0.8663
   5%    41             46-46              2585                  1947                      638              15 0.2482 0.2106 0.8663
  20%     6             17-18              2143                  1947                      196              35 0.2566 0.1841 0.8844
  12%     9             17-18              2143                  1947                      196              35 0.2566 0.1841 0.8844
  15%     8             17-18              2143                  1947                      196              35 0.2566 0.1841 0.8844
   5%    39             44-44              2551                  1947                      604              17 0.2567 0.2113 0.8818
  10%    36             44-44              2551                  1947                      604              17 0.2567 0.2113 0.8818
  12%    27             35-36              2407                  1947                      460              30 0.2608 0.1872 0.8903
  15%    26             35-36              2407                  1947                      460              30 0.2608 0.1872 0.8903
  20%    25             36-37              2421                  1947                      474              33 0.2608 0.2035 0.8870
  12%    28             36-37              2421                  1947                      474              33 0.2608 0.2035 0.8870
  15%    27             36-37              2421                  1947                      474              33 0.2608 0.2035 0.8870
  20%    24             35-36              2407                  1947                      460              30 0.2608 0.1872 0.8903
   5%     7             12-12              2057                  1947                      110              17 0.2639 0.1965 0.8757
  10%     4             12-12              2057                  1947                      110              17 0.2639 0.1965 0.8757
  25%    21             34-36              2393                  1947                      446              44 0.2659 0.2019 0.9011
  30%    19             34-36              2393                  1947                      446              44 0.2659 0.2019 0.9011
   5%    44             49-49              2634                  1947                      687              15 0.2672 0.2191 0.8878
  10%    41             49-49              2634                  1947                      687              15 0.2672 0.2191 0.8878
  40%    15             33-36              2377                  1947                      430              60 0.2758 0.2021 0.9013
  35%    17             33-36              2377                  1947                      430              60 0.2758 0.2021 0.9013
  12%    33             41-42              2502                  1947                      555              32 0.2765 0.2069 0.9044
  15%    32             41-42              2502                  1947                      555              32 0.2765 0.2069 0.9044
  20%    30             41-42              2502                  1947                      555              32 0.2765 0.2069 0.9044
  30%     2             17-19              2143                  1947                      196              48 0.2786 0.2118 0.8646
  25%     4             17-19              2143                  1947                      196              48 0.2786 0.2118 0.8646
  40%    16             34-37              2393                  1947                      446              61 0.2792 0.2176 0.8876
  35%    18             34-37              2393                  1947                      446              61 0.2792 0.2176 0.8876
  15%    37             46-47              2585                  1947                      638              33 0.2810 0.2195 0.9310
  12%    38             46-47              2585                  1947                      638              33 0.2810 0.2195 0.9310
  20%    35             46-47              2585                  1947                      638              33 0.2810 0.2195 0.9310
  25%    22             35-37              2407                  1947                      460              47 0.2812 0.2146 0.8721
  30%    20             35-37              2407                  1947                      460              47 0.2812 0.2146 0.8721
   5%    29             34-34              2393                  1947                      446              14 0.2825 0.2389 0.9094
  10%    26             34-34              2393                  1947                      446              14 0.2825 0.2389 0.9094
  30%    21             36-38              2421                  1947                      474              50 0.2841 0.2208 0.8700
  25%    23             36-38              2421                  1947                      474              50 0.2841 0.2208 0.8700
  10%    10             18-18              2161                  1947                      214              17 0.2846 0.1912 0.8647
   5%    13             18-18              2161                  1947                      214              17 0.2846 0.1912 0.8647
  25%    29             42-44              2517                  1947                      570              51 0.2867 0.2205 0.8790
  30%    27             42-44              2517                  1947                      570              51 0.2867 0.2205 0.8790
  25%     2             15-17              2109                  1947                      162              52 0.2886 0.2143 0.8703
  10%    17             25-25              2251                  1947                      304              14 0.2896 0.2290 0.9433
   5%    20             25-25              2251                  1947                      304              14 0.2896 0.2290 0.9433
  20%    22             33-34              2377                  1947                      430              30 0.2905 0.2187 0.9066
  15%    24             33-34              2377                  1947                      430              30 0.2905 0.2187 0.9066
  12%    25             33-34              2377                  1947                      430              30 0.2905 0.2187 0.9066
  10%    23             31-31              2346                  1947                      399              14 0.2909 0.2516 0.9136
   5%    26             31-31              2346                  1947                      399              14 0.2909 0.2516 0.9136
  25%    27             40-42              2487                  1947                      540              47 0.2929 0.2117 0.8764
  30%    25             40-42              2487                  1947                      540              47 0.2929 0.2117 0.8764
  60%     7             33-38              2377                  1947                      430              94 0.2942 0.2240 0.8815
  40%    17             35-38              2407                  1947                      460              64 0.2946 0.2276 0.8620
  35%    19             35-38              2407                  1947                      460              64 0.2946 0.2276 0.8620
  20%    38             49-50              2634                  1947                      687              26 0.2960 0.2368 0.8338
  15%    40             49-50              2634                  1947                      687              26 0.2960 0.2368 0.8338
  12%    41             49-50              2634                  1947                      687              26 0.2960 0.2368 0.8338
  25%    31             44-46              2551                  1947                      604              49 0.2963 0.2314 0.8831
  30%    29             44-46              2551                  1947                      604              49 0.2963 0.2314 0.8831
  35%     1             17-20              2143                  1947                      196              60 0.2968 0.2226 0.8601
  10%    25             33-33              2377                  1947                      430              16 0.2970 0.2014 0.9040
   5%    28             33-33              2377                  1947                      430              16 0.2970 0.2014 0.9040
  40%    18             36-39              2421                  1947                      474              66 0.2976 0.2324 0.8568
  35%    20             36-39              2421                  1947                      474              66 0.2976 0.2324 0.8568
  12%    26             34-35              2393                  1947                      446              28 0.2982 0.2350 0.8870
  15%    25             34-35              2393                  1947                      446              28 0.2982 0.2350 0.8870
  20%    23             34-35              2393                  1947                      446              28 0.2982 0.2350 0.8870
  25%    20             33-35              2377                  1947                      430              44 0.2987 0.2228 0.8932
  30%    18             33-35              2377                  1947                      430              44 0.2987 0.2228 0.8932
  60%     8             34-39              2393                  1947                      446              94 0.2990 0.2335 0.8679
  35%    28             44-47              2551                  1947                      604              67 0.2995 0.2301 0.9111
  40%    26             44-47              2551                  1947                      604              67 0.2995 0.2301 0.9111
  60%    16             42-47              2517                  1947                      570             101 0.2999 0.2285 0.9018
  40%    21             39-42              2471                  1947                      524              63 0.3000 0.2237 0.8656
  35%    23             39-42              2471                  1947                      524              63 0.3000 0.2237 0.8656
  12%    34             42-43              2517                  1947                      570              34 0.3004 0.2251 0.8772
  20%    31             42-43              2517                  1947                      570              34 0.3004 0.2251 0.8772
  15%    33             42-43              2517                  1947                      570              34 0.3004 0.2251 0.8772
  35%    30             46-49              2585                  1947                      638              64 0.3010 0.2221 0.8960
  40%    28             46-49              2585                  1947                      638              64 0.3010 0.2221 0.8960
  15%     9             18-19              2161                  1947                      214              30 0.3020 0.2298 0.8459
  20%     7             18-19              2161                  1947                      214              30 0.3020 0.2298 0.8459
  12%    10             18-19              2161                  1947                      214              30 0.3020 0.2298 0.8459
  35%    25             41-44              2502                  1947                      555              66 0.3046 0.2361 0.8668
  40%    23             41-44              2502                  1947                      555              66 0.3046 0.2361 0.8668
   5%    42             47-47              2600                  1947                      653              18 0.3053 0.2263 0.9450
  10%    39             47-47              2600                  1947                      653              18 0.3053 0.2263 0.9450
  10%    20             28-28              2298                  1947                      351              15 0.3057 0.2307 0.9209
   5%    23             28-28              2298                  1947                      351              15 0.3057 0.2307 0.9209
  60%    18             44-49              2551                  1947                      604              98 0.3062 0.2288 0.8928
  35%    26             42-45              2517                  1947                      570              68 0.3066 0.2320 0.8833
  40%    24             42-45              2517                  1947                      570              68 0.3066 0.2320 0.8833
  60%    15             41-46              2502                  1947                      555              98 0.3076 0.2376 0.8731
  10%    14             22-22              2212                  1947                      265              12 0.3082 0.2623 0.9050
   5%    17             22-22              2212                  1947                      265              12 0.3082 0.2623 0.9050
  60%     9             35-40              2407                  1947                      460              95 0.3083 0.2362 0.8434
  15%     3             12-13              2057                  1947                      110              34 0.3087 0.2361 0.8276
  20%     1             12-13              2057                  1947                      110              34 0.3087 0.2361 0.8276
  12%     4             12-13              2057                  1947                      110              34 0.3087 0.2361 0.8276
  60%    11             37-42              2437                  1947                      490              97 0.3104 0.2395 0.8537
  25%    33             46-48              2585                  1947                      638              49 0.3113 0.2227 0.8964
  30%    31             46-48              2585                  1947                      638              49 0.3113 0.2227 0.8964
  10%    29             37-37              2437                  1947                      490              17 0.3115 0.2601 0.8379
   5%    32             37-37              2437                  1947                      490              17 0.3115 0.2601 0.8379
  60%    13             39-44              2471                  1947                      524              97 0.3116 0.2384 0.8493
  60%    10             36-41              2421                  1947                      474              96 0.3116 0.2386 0.8436
  25%    32             45-47              2568                  1947                      621              50 0.3128 0.2363 0.9152
  30%    30             45-47              2568                  1947                      621              50 0.3128 0.2363 0.9152
  12%    14             22-23              2212                  1947                      265              24 0.3130 0.2420 0.9096
  15%    13             22-23              2212                  1947                      265              24 0.3130 0.2420 0.9096
  20%    11             22-23              2212                  1947                      265              24 0.3130 0.2420 0.9096
  20%     4             15-16              2109                  1947                      162              34 0.3135 0.2297 0.8585
  12%     7             15-16              2109                  1947                      162              34 0.3135 0.2297 0.8585
  15%     6             15-16              2109                  1947                      162              34 0.3135 0.2297 0.8585
  12%     3             11-12              2039                  1947                       92              35 0.3137 0.2323 0.8249
  15%     2             11-12              2039                  1947                       92              35 0.3137 0.2323 0.8249
  30%    32             47-49              2600                  1947                      653              49 0.3147 0.2248 0.9006
  25%    34             47-49              2600                  1947                      653              49 0.3147 0.2248 0.9006
  20%    33             44-45              2551                  1947                      604              34 0.3154 0.2410 0.8865
  15%    35             44-45              2551                  1947                      604              34 0.3154 0.2410 0.8865
  12%    36             44-45              2551                  1947                      604              34 0.3154 0.2410 0.8865
  20%    17             28-29              2298                  1947                      351              32 0.3161 0.2570 0.9118
  12%    20             28-29              2298                  1947                      351              32 0.3161 0.2570 0.9118
  15%    19             28-29              2298                  1947                      351              32 0.3161 0.2570 0.9118
  20%    34             45-46              2568                  1947                      621              32 0.3164 0.2426 0.8817
  15%    36             45-46              2568                  1947                      621              32 0.3164 0.2426 0.8817
  12%    37             45-46              2568                  1947                      621              32 0.3164 0.2426 0.8817
   5%    18             23-23              2224                  1947                      277              12 0.3166 0.2123 0.9119
  10%    15             23-23              2224                  1947                      277              12 0.3166 0.2123 0.9119
  25%     5             18-20              2161                  1947                      214              42 0.3170 0.2376 0.8491
  30%     3             18-20              2161                  1947                      214              42 0.3170 0.2376 0.8491
  35%     6             22-25              2212                  1947                      265              53 0.3177 0.2545 0.9220
  20%    13             24-25              2236                  1947                      289              29 0.3177 0.2631 0.9294
  40%     4             22-25              2212                  1947                      265              53 0.3177 0.2545 0.9220
  15%    15             24-25              2236                  1947                      289              29 0.3177 0.2631 0.9294
  12%    16             24-25              2236                  1947                      289              29 0.3177 0.2631 0.9294
  60%    14             40-45              2487                  1947                      540              98 0.3180 0.2387 0.8642
  40%    29             47-50              2600                  1947                      653              60 0.3184 0.2318 0.8875
  35%    31             47-50              2600                  1947                      653              60 0.3184 0.2318 0.8875
   5%     8             13-13              2074                  1947                      127              17 0.3185 0.2542 0.8097
  10%     5             13-13              2074                  1947                      127              17 0.3185 0.2542 0.8097
  60%    19             45-50              2568                  1947                      621              92 0.3188 0.2368 0.8858
  20%    26             37-38              2437                  1947                      490              34 0.3194 0.2584 0.8379
  25%    28             41-43              2502                  1947                      555              49 0.3194 0.2440 0.8619
  30%    26             41-43              2502                  1947                      555              49 0.3194 0.2440 0.8619
  12%    29             37-38              2437                  1947                      490              34 0.3194 0.2584 0.8379
  15%    28             37-38              2437                  1947                      490              34 0.3194 0.2584 0.8379
   5%    30             35-35              2407                  1947                      460              14 0.3200 0.2350 0.8439
  10%    27             35-35              2407                  1947                      460              14 0.3200 0.2350 0.8439
   5%    33             38-38              2454                  1947                      507              17 0.3205 0.2493 0.8437
  10%    30             38-38              2454                  1947                      507              17 0.3205 0.2493 0.8437
  20%    37             48-49              2618                  1947                      671              31 0.3208 0.2245 0.8154
  25%    10             23-25              2224                  1947                      277              41 0.3208 0.2505 0.9237
  35%    24             40-43              2487                  1947                      540              64 0.3208 0.2389 0.8473
  40%    22             40-43              2487                  1947                      540              64 0.3208 0.2389 0.8473
  15%    39             48-49              2618                  1947                      671              31 0.3208 0.2245 0.8154
  12%    40             48-49              2618                  1947                      671              31 0.3208 0.2245 0.8154
  30%     8             23-25              2224                  1947                      277              41 0.3208 0.2505 0.9237
  35%    27             43-46              2534                  1947                      587              66 0.3211 0.2516 0.8560
  40%    25             43-46              2534                  1947                      587              66 0.3211 0.2516 0.8560
  15%    30             39-40              2471                  1947                      524              31 0.3235 0.2406 0.8034
  20%    28             39-40              2471                  1947                      524              31 0.3235 0.2406 0.8034
  12%    31             39-40              2471                  1947                      524              31 0.3235 0.2406 0.8034
  25%    35             48-50              2618                  1947                      671              42 0.3239 0.2343 0.7970
  30%    33             48-50              2618                  1947                      671              42 0.3239 0.2343 0.7970
  30%     7             22-24              2212                  1947                      265              39 0.3240 0.2616 0.9132
  25%     9             22-24              2212                  1947                      265              39 0.3240 0.2616 0.9132
  30%    23             38-40              2454                  1947                      507              48 0.3243 0.2463 0.8201
   5%     6             11-11              2039                  1947                       92              18 0.3243 0.2327 0.8128
  10%     3             11-11              2039                  1947                       92              18 0.3243 0.2327 0.8128
  25%    25             38-40              2454                  1947                      507              48 0.3243 0.2463 0.8201
  60%    12             38-43              2454                  1947                      507              97 0.3244 0.2472 0.8414
  20%    27             38-39              2454                  1947                      507              33 0.3250 0.2573 0.8328
  12%    30             38-39              2454                  1947                      507              33 0.3250 0.2573 0.8328
  15%    29             38-39              2454                  1947                      507              33 0.3250 0.2573 0.8328
   5%    35             40-40              2487                  1947                      540              15 0.3255 0.2207 0.7672
  10%    32             40-40              2487                  1947                      540              15 0.3255 0.2207 0.7672
  40%    27             45-48              2568                  1947                      621              66 0.3256 0.2350 0.8940
  35%    29             45-48              2568                  1947                      621              66 0.3256 0.2350 0.8940
  35%    21             37-40              2437                  1947                      490              65 0.3257 0.2548 0.8198
  40%    19             37-40              2437                  1947                      490              65 0.3257 0.2548 0.8198
   5%    14             19-19              2178                  1947                      231              13 0.3259 0.2831 0.8176
  10%    11             19-19              2178                  1947                      231              13 0.3259 0.2831 0.8176
  25%    24             37-39              2437                  1947                      490              50 0.3262 0.2630 0.8284
  30%    22             37-39              2437                  1947                      490              50 0.3262 0.2630 0.8284
   5%    34             39-39              2471                  1947                      524              16 0.3270 0.2631 0.8205
  10%    31             39-39              2471                  1947                      524              16 0.3270 0.2631 0.8205
  60%     6             32-37              2360                  1947                      413              94 0.3273 0.2577 0.8670
  60%    17             43-48              2534                  1947                      587             100 0.3276 0.2447 0.8754
  35%     2             18-21              2161                  1947                      214              51 0.3293 0.2485 0.8454
  40%    10             28-31              2298                  1947                      351              62 0.3293 0.2727 0.8937
  35%    12             28-31              2298                  1947                      351              62 0.3293 0.2727 0.8937
  15%    34             43-44              2534                  1947                      587              34 0.3295 0.2627 0.8150
  20%    32             43-44              2534                  1947                      587              34 0.3295 0.2627 0.8150
  12%    35             43-44              2534                  1947                      587              34 0.3295 0.2627 0.8150
  20%    19             30-31              2330                  1947                      383              30 0.3304 0.2773 0.8788
  15%    21             30-31              2330                  1947                      383              30 0.3304 0.2773 0.8788
  12%    22             30-31              2330                  1947                      383              30 0.3304 0.2773 0.8788
   5%    24             29-29              2313                  1947                      366              17 0.3305 0.2861 0.8981
  10%    21             29-29              2313                  1947                      366              17 0.3305 0.2861 0.8981
   5%    45             50-50              2649                  1947                      702              11 0.3306 0.2606 0.6761
  12%    15             23-24              2224                  1947                      277              27 0.3306 0.2580 0.9141
  10%    42             50-50              2649                  1947                      702              11 0.3306 0.2606 0.6761
  20%    12             23-24              2224                  1947                      277              27 0.3306 0.2580 0.9141
  15%    14             23-24              2224                  1947                      277              27 0.3306 0.2580 0.9141
  25%    15             28-30              2298                  1947                      351              48 0.3318 0.2722 0.8932
  30%    13             28-30              2298                  1947                      351              48 0.3318 0.2722 0.8932
  25%     1             14-16              2091                  1947                      144              52 0.3319 0.2505 0.8274
  40%    20             38-41              2454                  1947                      507              63 0.3321 0.2549 0.8231
  35%    22             38-41              2454                  1947                      507              63 0.3321 0.2549 0.8231
  30%     6             21-23              2203                  1947                      256              33 0.3327 0.2582 0.8957
  25%     8             21-23              2203                  1947                      256              33 0.3327 0.2582 0.8957
  60%     5             31-36              2346                  1947                      399              91 0.3330 0.2702 0.8732
  20%     8             19-20              2178                  1947                      231              25 0.3336 0.2668 0.8418
  15%    10             19-20              2178                  1947                      231              25 0.3336 0.2668 0.8418
  12%    11             19-20              2178                  1947                      231              25 0.3336 0.2668 0.8418
  12%    39             47-48              2600                  1947                      653              34 0.3352 0.2277 0.9018
  20%    36             47-48              2600                  1947                      653              34 0.3352 0.2277 0.9018
  15%    38             47-48              2600                  1947                      653              34 0.3352 0.2277 0.9018
  25%    26             39-41              2471                  1947                      524              46 0.3357 0.2562 0.8131
  30%    24             39-41              2471                  1947                      524              46 0.3357 0.2562 0.8131
  40%     3             21-24              2203                  1947                      256              48 0.3363 0.2701 0.9047
  35%     5             21-24              2203                  1947                      256              48 0.3363 0.2701 0.9047
  10%    16             24-24              2236                  1947                      289              15 0.3367 0.2927 0.9176
   5%    19             24-24              2236                  1947                      289              15 0.3367 0.2927 0.9176
  40%     2             20-23              2191                  1947                      244              45 0.3368 0.2567 0.8899
  35%     4             20-23              2191                  1947                      244              45 0.3368 0.2567 0.8899
  35%     7             23-26              2224                  1947                      277              57 0.3370 0.2678 0.9166
  40%     5             23-26              2224                  1947                      277              57 0.3370 0.2678 0.9166
  15%     4             13-14              2074                  1947                      127              35 0.3375 0.2708 0.7857
  20%     2             13-14              2074                  1947                      127              35 0.3375 0.2708 0.7857
  12%     5             13-14              2074                  1947                      127              35 0.3375 0.2708 0.7857
  25%    14             27-29              2281                  1947                      334              49 0.3376 0.2703 0.9035
  30%    12             27-29              2281                  1947                      334              49 0.3376 0.2703 0.9035
  12%    17             25-26              2251                  1947                      304              30 0.3385 0.2726 0.9196
  15%    16             25-26              2251                  1947                      304              30 0.3385 0.2726 0.9196
  20%    14             25-26              2251                  1947                      304              30 0.3385 0.2726 0.9196
  25%    19             32-34              2360                  1947                      413              47 0.3388 0.2687 0.8792
  30%    17             32-34              2360                  1947                      413              47 0.3388 0.2687 0.8792
  20%    10             21-22              2203                  1947                      256              21 0.3396 0.2796 0.8805
  15%    12             21-22              2203                  1947                      256              21 0.3396 0.2796 0.8805
  25%    30             43-45              2534                  1947                      587              51 0.3396 0.2642 0.8540
  30%    28             43-45              2534                  1947                      587              51 0.3396 0.2642 0.8540
  12%    13             21-22              2203                  1947                      256              21 0.3396 0.2796 0.8805
  40%     7             25-28              2251                  1947                      304              62 0.3399 0.2716 0.9132
  35%     9             25-28              2251                  1947                      304              62 0.3399 0.2716 0.9132
  30%     9             24-26              2236                  1947                      289              45 0.3399 0.2805 0.9182
  25%    11             24-26              2236                  1947                      289              45 0.3399 0.2805 0.9182
  40%     1             19-22              2178                  1947                      231              46 0.3400 0.2731 0.8610
  35%     3             19-22              2178                  1947                      231              46 0.3400 0.2731 0.8610
  10%    12             20-20              2191                  1947                      244              12 0.3401 0.2434 0.8585
   5%    15             20-20              2191                  1947                      244              12 0.3401 0.2434 0.8585
  25%     7             20-22              2191                  1947                      244              33 0.3412 0.2666 0.8748
  30%     5             20-22              2191                  1947                      244              33 0.3412 0.2666 0.8748
  30%    14             29-31              2313                  1947                      366              47 0.3413 0.2893 0.8795
  25%    16             29-31              2313                  1947                      366              47 0.3413 0.2893 0.8795
  40%    14             32-35              2360                  1947                      413              61 0.3422 0.2687 0.8692
  35%    16             32-35              2360                  1947                      413              61 0.3422 0.2687 0.8692
  40%    13             31-34              2346                  1947                      399              61 0.3424 0.2820 0.8792
  35%    15             31-34              2346                  1947                      399              61 0.3424 0.2820 0.8792
  15%    18             27-28              2281                  1947                      334              32 0.3435 0.2650 0.9045
  20%    16             27-28              2281                  1947                      334              32 0.3435 0.2650 0.9045
  12%    19             27-28              2281                  1947                      334              32 0.3435 0.2650 0.9045
  12%    32             40-41              2487                  1947                      540              30 0.3440 0.2547 0.8046
  15%    31             40-41              2487                  1947                      540              30 0.3440 0.2547 0.8046
  20%    29             40-41              2487                  1947                      540              30 0.3440 0.2547 0.8046
  40%     9             27-30              2281                  1947                      334              65 0.3442 0.2794 0.8917
  35%    11             27-30              2281                  1947                      334              65 0.3442 0.2794 0.8917
  25%     6             19-21              2178                  1947                      231              34 0.3465 0.2761 0.8392
  30%     4             19-21              2178                  1947                      231              34 0.3465 0.2761 0.8392
  40%     8             26-29              2265                  1947                      318              65 0.3471 0.2791 0.9020
  35%    10             26-29              2265                  1947                      318              65 0.3471 0.2791 0.9020
  12%    21             29-30              2313                  1947                      366              33 0.3489 0.2955 0.8725
  15%    20             29-30              2313                  1947                      366              33 0.3489 0.2955 0.8725
  20%    18             29-30              2313                  1947                      366              33 0.3489 0.2955 0.8725
  25%    12             25-27              2251                  1947                      304              47 0.3491 0.2805 0.9108
  30%    10             25-27              2251                  1947                      304              47 0.3491 0.2805 0.9108
  35%     8             24-27              2236                  1947                      289              62 0.3493 0.2861 0.9111
  40%     6             24-27              2236                  1947                      289              62 0.3493 0.2861 0.9111
   5%     9             14-14              2091                  1947                      144              18 0.3497 0.2750 0.7691
  10%     6             14-14              2091                  1947                      144              18 0.3497 0.2750 0.7691
  15%    11             20-21              2191                  1947                      244              21 0.3535 0.2665 0.8514
  12%    12             20-21              2191                  1947                      244              21 0.3535 0.2665 0.8514
  20%     9             20-21              2191                  1947                      244              21 0.3535 0.2665 0.8514
  30%    11             26-28              2265                  1947                      318              48 0.3542 0.2786 0.9023
  25%    13             26-28              2265                  1947                      318              48 0.3542 0.2786 0.9023
  10%    22             30-30              2330                  1947                      383              16 0.3562 0.2972 0.8467
   5%    25             30-30              2330                  1947                      383              16 0.3562 0.2972 0.8467
  60%     4             30-35              2330                  1947                      383              91 0.3582 0.2945 0.8622
  25%    18             31-33              2346                  1947                      399              47 0.3623 0.2990 0.8682
  30%    16             31-33              2346                  1947                      399              47 0.3623 0.2990 0.8682
  10%    33             41-41              2502                  1947                      555              15 0.3636 0.2914 0.8229
   5%    36             41-41              2502                  1947                      555              15 0.3636 0.2914 0.8229
   5%    43             48-48              2618                  1947                      671              16 0.3660 0.2302 0.7219
  10%    40             48-48              2618                  1947                      671              16 0.3660 0.2302 0.7219
  20%    21             32-33              2360                  1947                      413              33 0.3661 0.2891 0.8632
  15%    23             32-33              2360                  1947                      413              33 0.3661 0.2891 0.8632
  12%    24             32-33              2360                  1947                      413              33 0.3661 0.2891 0.8632
   5%    40             45-45              2568                  1947                      621              17 0.3672 0.2730 0.8842
  10%    37             45-45              2568                  1947                      621              17 0.3672 0.2730 0.8842
  60%     1             27-32              2281                  1947                      334              96 0.3680 0.2994 0.8745
  40%    12             30-33              2330                  1947                      383              63 0.3689 0.3068 0.8596
  35%    14             30-33              2330                  1947                      383              63 0.3689 0.3068 0.8596
  10%    19             27-27              2281                  1947                      334              17 0.3696 0.2925 0.8921
   5%    22             27-27              2281                  1947                      334              17 0.3696 0.2925 0.8921
  20%    20             31-32              2346                  1947                      399              31 0.3696 0.3054 0.8653
  15%    22             31-32              2346                  1947                      399              31 0.3696 0.3054 0.8653
   5%    16             21-21              2203                  1947                      256               9 0.3696 0.3008 0.8422
  10%    13             21-21              2203                  1947                      256               9 0.3696 0.3008 0.8422
  12%    23             31-32              2346                  1947                      399              31 0.3696 0.3054 0.8653
  60%     2             28-33              2298                  1947                      351              95 0.3698 0.3074 0.8677
  60%     3             29-34              2313                  1947                      366              94 0.3706 0.3111 0.8617
   5%     4               9-9              2004                  1947                       57              17 0.3709 0.3057 0.7121
  10%     1               9-9              2004                  1947                       57              17 0.3709 0.3057 0.7121
  30%    15             30-32              2330                  1947                      383              47 0.3732 0.3085 0.8550
  25%    17             30-32              2330                  1947                      383              47 0.3732 0.3085 0.8550
  20%    15             26-27              2265                  1947                      318              33 0.3739 0.3011 0.8940
  12%    18             26-27              2265                  1947                      318              33 0.3739 0.3011 0.8940
  15%    17             26-27              2265                  1947                      318              33 0.3739 0.3011 0.8940
  20%     3             14-15              2091                  1947                      144              34 0.3741 0.2854 0.7836
  12%     6             14-15              2091                  1947                      144              34 0.3741 0.2854 0.7836
  15%     5             14-15              2091                  1947                      144              34 0.3741 0.2854 0.7836
  10%    18             26-26              2265                  1947                      318              16 0.3794 0.3107 0.8955
   5%    21             26-26              2265                  1947                      318              16 0.3794 0.3107 0.8955
  40%    11             29-32              2313                  1947                      366              64 0.3820 0.3185 0.8539
  35%    13             29-32              2313                  1947                      366              64 0.3820 0.3185 0.8539
   5%    38             43-43              2534                  1947                      587              17 0.3889 0.3141 0.7537
  10%    35             43-43              2534                  1947                      587              17 0.3889 0.3141 0.7537
   5%    10             15-15              2109                  1947                      162              16 0.3941 0.2923 0.8005
  10%     7             15-15              2109                  1947                      162              16 0.3941 0.2923 0.8005
   5%    27             32-32              2360                  1947                      413              17 0.3994 0.3242 0.8442
  10%    24             32-32              2360                  1947                      413              17 0.3994 0.3242 0.8442
   5%     3               8-8              1986                  1947                       39              18 0.4062 0.3384 0.7160
   5%     1               6-6              1950                  1947                        3              18 0.4206 0.3527 0.7326
  12%     2             10-11              2021                  1947                       74              36 0.4294 0.3241 0.6685
  15%     1             10-11              2021                  1947                       74              36 0.4294 0.3241 0.6685
   5%     2               7-7              1968                  1947                       21              18 0.4537 0.3476 0.6229
  12%     1              9-10              2004                  1947                       57              35 0.4622 0.3641 0.5962
   5%     5             10-10              2021                  1947                       74              18 0.4771 0.3712 0.5863
  10%     2             10-10              2021                  1947                       74              18 0.4771 0.3712 0.5863
Arquivos .txt salvos em: c:\Users\mpoli\Desktop\UFOP\9 PERIODO\TCC\Scripts\Results\lr_wf_fold_results\saudi_arabian_grand_prix\wf_2025