Carregando dados limpos de:
c:\Users\mpoli\Desktop\UFOP\9 PERIODO\TCC\Scripts\ModelData\United States Grand Prix\united_states_grand_prix_cleaned_data.csv

--- COMPARAÇÃO LINEAR REGRESSION WALK FORWARD (WF) ---
Ratio  Laps  Folds  RMSE_Media              IC_95%_RMSE  MAE_Media               IC_95%_MAE      R2_Media                         IC_95%_R2
   5%     3     52   7090.5547 [-6780.4097, 20961.5192]  3547.2623 [-3393.0306, 10487.5552] -1.436416e+09 [-4251736584.6463, 1378904113.32]
  10%     5     50      0.5169         [0.3533, 0.6805]     0.3879         [0.2821, 0.4938]  6.747000e-01                  [0.2357, 1.1138]
  12%     6     49      0.5800         [0.3432, 0.8169]     0.4439         [0.2652, 0.6225]  4.858000e-01                  [-0.3005, 1.272]
  15%     8     47      0.3851          [0.3663, 0.404]     0.3042           [0.2884, 0.32]  9.270000e-01                  [0.9168, 0.9372]
  20%    11     44      0.3784         [0.3583, 0.3984]     0.2924          [0.2828, 0.302]  9.255000e-01                  [0.9075, 0.9434]
  25%    14     41      0.3569          [0.3467, 0.367]     0.2801         [0.2727, 0.2875]  9.371000e-01                   [0.929, 0.9452]
  30%    16     39      0.3554         [0.3462, 0.3647]     0.2783          [0.2717, 0.285]  9.380000e-01                  [0.9301, 0.9458]
  35%    19     36      0.3609         [0.3398, 0.3821]     0.2767          [0.2694, 0.284]  9.320000e-01                  [0.9121, 0.9519]
  40%    22     33      0.3742         [0.3474, 0.4011]     0.2776         [0.2705, 0.2848]  9.262000e-01                  [0.9026, 0.9499]
  60%    32     23      0.3421         [0.3337, 0.3505]     0.2678         [0.2627, 0.2729]  9.527000e-01                   [0.9504, 0.955]

--- TODOS OS FOLDS (WF GERAL) | MELHOR -> PIOR RMSE ---
Ratio  Fold Voltas_Treino Voltas_Teste  Train_Regs  Test_Regs        RMSE         MAE            R2
  10%    43         45-48        49-49         256         65      0.2895      0.2276  9.640000e-01
  10%    14         16-19        20-20         218         45      0.2925      0.2356  9.172000e-01
  15%    16         18-23        24-25         272        101      0.2959      0.2340  9.301000e-01
  15%    41         43-48        49-50         389        131      0.2995      0.2309  9.619000e-01
  15%    40         42-47        48-49         385        131      0.3091      0.2491  9.584000e-01
  30%    22         24-35        36-39         664        233      0.3097      0.2448  9.634000e-01
  25%    29         31-41        42-44         631        195      0.3105      0.2341  9.607000e-01
  15%    11         13-18        19-20         366         90      0.3121      0.2397  9.215000e-01
  40%    17         19-35        36-40         892        291      0.3124      0.2478  9.621000e-01
  35%    30         32-46        47-50         893        260      0.3142      0.2480  9.583000e-01
  25%    35         37-47        48-50         679        197      0.3142      0.2498  9.575000e-01
  35%    20         22-36        37-40         813        236      0.3148      0.2488  9.607000e-01
  35%    19         21-35        36-39         802        233      0.3155      0.2489  9.620000e-01
  15%     7          9-14        15-16         367        131      0.3168      0.2613  9.434000e-01
  60%    16         18-42        43-49        1347        454      0.3174      0.2507  9.584000e-01
  30%    32         34-45        46-49         713        258      0.3180      0.2510  9.576000e-01
  25%    34         36-46        47-49         671        194      0.3183      0.2538  9.571000e-01
  30%    33         35-46        47-50         724        260      0.3186      0.2534  9.571000e-01
  25%    16         18-28        29-31         539        175      0.3189      0.2580  9.551000e-01
  35%    29         31-45        46-49         889        258      0.3191      0.2516  9.573000e-01
  20%    38         40-47        48-50         501        197      0.3196      0.2524  9.560000e-01
  35%    25         27-41        42-45         860        258      0.3206      0.2502  9.584000e-01
  30%    28         30-41        42-45         688        258      0.3210      0.2491  9.583000e-01
  40%    27         29-45        46-50        1004        324      0.3214      0.2504  9.566000e-01
  20%    37         39-46        47-49         497        194      0.3226      0.2544  9.560000e-01
  25%    25         27-37        38-40         625        177      0.3228      0.2553  9.571000e-01
  25%    22         24-34        35-37         611        167      0.3228      0.2591  9.614000e-01
  35%    11         13-27        28-31         805        231      0.3229      0.2555  9.550000e-01
  25%    10         12-22        23-25         608        149      0.3230      0.2545  9.166000e-01
  30%    23         25-36        37-40         668        236      0.3231      0.2575  9.587000e-01
  25%    24         26-36        37-39         618        178      0.3238      0.2544  9.592000e-01
  35%    12         14-28        29-32         796        235      0.3241      0.2600  9.537000e-01
  30%    14         16-27        28-31         612        231      0.3243      0.2569  9.546000e-01
  40%    20         22-38        39-43         932        304      0.3243      0.2520  9.561000e-01
  30%     1          3-14        15-18         659        236      0.3247      0.2652  9.476000e-01
  12%    43         45-48        49-50         256        131      0.3249      0.2475  9.551000e-01
  40%    23         25-41        42-46         962        322      0.3251      0.2524  9.572000e-01
  40%    16         18-34        35-39         883        286      0.3252      0.2611  9.597000e-01
  40%    26         28-44        45-49         997        321      0.3255      0.2599  9.562000e-01
  60%    17         19-43        44-50        1370        453      0.3255      0.2555  9.566000e-01
  25%    23         25-35        36-38         613        174      0.3256      0.2604  9.599000e-01
  12%    13         15-18        19-20         236         90      0.3259      0.2445  9.144000e-01
  60%    12         14-38        39-45        1367        433      0.3267      0.2571  9.565000e-01
  25%    30         32-42        43-45         633        196      0.3267      0.2579  9.568000e-01
  25%    17         19-29        30-32         553        177      0.3274      0.2605  9.536000e-01
  30%    16         18-29        30-33         597        233      0.3276      0.2626  9.541000e-01
  20%    34         36-43        44-46         478        193      0.3277      0.2548  9.577000e-01
  60%    15         17-41        42-48        1346        451      0.3278      0.2567  9.561000e-01
  30%    21         23-34        35-38         659        227      0.3279      0.2660  9.592000e-01
  60%    11         13-37        38-44        1372        430      0.3280      0.2571  9.559000e-01
  20%    19         21-28        29-31         405        175      0.3280      0.2641  9.525000e-01
  35%    26         28-42        43-46         864        260      0.3280      0.2576  9.564000e-01
  30%    29         31-42        43-46         693        260      0.3289      0.2549  9.561000e-01
  15%    27         29-34        35-36         344        108      0.3292      0.2574  9.596000e-01
  60%     8         10-34        35-41        1386        402      0.3293      0.2616  9.576000e-01
  25%    31         33-43        44-46         640        193      0.3296      0.2570  9.572000e-01
  35%    18         20-34        35-38         794        227      0.3296      0.2653  9.588000e-01
  20%    28         30-37        38-40         453        177      0.3298      0.2602  9.553000e-01
  60%    10         12-36        37-43        1375        423      0.3298      0.2590  9.559000e-01
  30%    15         17-28        29-32         600        235      0.3304      0.2705  9.519000e-01
  15%    21         23-28        29-30         315        115      0.3313      0.2574  9.497000e-01
  40%    24         26-42        43-47         974        323      0.3313      0.2601  9.556000e-01
  60%     4          6-30        31-37        1369        396      0.3314      0.2640  9.582000e-01
  40%     9         11-27        28-32         924        291      0.3316      0.2624  9.523000e-01
  35%    22         24-38        39-42         838        237      0.3317      0.2595  9.548000e-01
  60%     3          5-29        30-36        1356        394      0.3318      0.2646  9.566000e-01
  60%     9         11-35        36-42        1377        411      0.3324      0.2610  9.564000e-01
  20%    36         38-45        46-48         493        193      0.3325      0.2637  9.540000e-01
  30%    25         27-38        39-42         685        237      0.3330      0.2606  9.544000e-01
  25%    33         35-45        46-48         660        193      0.3330      0.2634  9.539000e-01
  40%    18         20-36        37-41         902        294      0.3331      0.2645  9.556000e-01
  20%    32         34-41        42-44         455        195      0.3333      0.2592  9.547000e-01
  35%    13         15-29        30-33         789        233      0.3335      0.2670  9.525000e-01
  20%     8         10-17        18-20         503        134      0.3337      0.2690  9.202000e-01
  30%    30         32-43        44-47         700        256      0.3340      0.2624  9.559000e-01
  35%    31         33-47        48-51         896        260      0.3340      0.2638  9.503000e-01
  20%    26         28-35        36-38         453        174      0.3342      0.2590  9.578000e-01
  40%    25         27-43        44-48         989        322      0.3342      0.2660  9.549000e-01
  40%    10         12-28        29-33         923        291      0.3343      0.2666  9.515000e-01
  20%    25         27-34        35-37         458        167      0.3344      0.2700  9.586000e-01
  40%    28         30-46        47-51        1010        323      0.3348      0.2615  9.512000e-01
  35%    21         23-37        38-41         826        235      0.3350      0.2646  9.538000e-01
  60%     7          9-33        34-40        1389        397      0.3353      0.2710  9.566000e-01
  35%    27         29-43        44-47         875        256      0.3354      0.2626  9.555000e-01
  40%    19         21-37        38-42         916        297      0.3354      0.2650  9.538000e-01
  12%    40         42-45        46-47         258        127      0.3357      0.2606  9.545000e-01
  15%    36         38-43        44-45         364        129      0.3358      0.2655  9.563000e-01
  20%     5          7-14        15-17         463        192      0.3358      0.2709  9.417000e-01
  25%     3          5-15        16-18         630        173      0.3363      0.2647  9.455000e-01
  25%    36         38-48        49-51         686        194      0.3371      0.2521  9.492000e-01
  35%     1          3-17        18-21         851        178      0.3376      0.2698  9.169000e-01
  30%    34         36-47        48-51         734        260      0.3377      0.2665  9.491000e-01
  60%    14         16-40        41-47        1356        443      0.3379      0.2629  9.538000e-01
  15%    30         32-37        38-39         336        119      0.3382      0.2711  9.534000e-01
  25%     5          7-17        18-20         655        134      0.3383      0.2730  9.180000e-01
  60%    13         15-39        40-46        1361        438      0.3387      0.2652  9.533000e-01
  60%     6          8-32        33-39        1384        395      0.3388      0.2714  9.565000e-01
  40%    21         23-39        40-44         945        311      0.3391      0.2645  9.528000e-01
  25%     2          4-14        15-17         614        192      0.3394      0.2717  9.404000e-01
  15%    31         33-38        39-40         336        117      0.3395      0.2630  9.522000e-01
  60%    18         20-44        45-51        1391        450      0.3396      0.2661  9.510000e-01
  10%    40         42-45        46-46         258         64      0.3403      0.2527  9.528000e-01
  60%     2          4-28        29-35        1345        397      0.3403      0.2684  9.521000e-01
  35%    28         30-44        45-48         883        256      0.3410      0.2723  9.523000e-01
  15%     8         10-15        16-17         374        129      0.3416      0.2754  9.424000e-01
  20%    35         37-44        45-47         489        190      0.3421      0.2702  9.531000e-01
  25%    15         17-27        28-30         544        171      0.3421      0.2718  9.486000e-01
  30%    24         26-37        38-41         677        235      0.3426      0.2707  9.516000e-01
  30%    31         33-44        45-48         706        256      0.3427      0.2731  9.518000e-01
  30%     2          4-15        16-19         677        218      0.3430      0.2654  9.414000e-01
  20%    18         20-27        28-30         394        171      0.3434      0.2701  9.482000e-01
  15%    38         40-45        46-47         374        127      0.3437      0.2692  9.523000e-01
  40%    22         24-40        41-45         955        316      0.3446      0.2716  9.518000e-01
  20%    27         29-36        37-39         452        178      0.3452      0.2727  9.536000e-01
  10%    41         43-46        47-47         260         63      0.3458      0.2578  9.522000e-01
  10%    33         35-38        39-39         227         59      0.3461      0.2546  9.507000e-01
  25%    26         28-38        39-41         627        175      0.3465      0.2719  9.504000e-01
  40%    11         13-29        30-34         919        286      0.3465      0.2765  9.497000e-01
  15%    35         37-42        43-44         356        133      0.3467      0.2742  9.507000e-01
  12%    42         44-47        48-49         256        131      0.3468      0.2752  9.476000e-01
  35%    24         26-40        41-44         854        253      0.3468      0.2710  9.508000e-01
  40%    29         31-47        48-52        1016        320      0.3468      0.2696  9.470000e-01
  20%    20         22-29        30-32         419        177      0.3469      0.2760  9.479000e-01
  60%     5          7-31        32-38        1369        396      0.3469      0.2803  9.542000e-01
  40%    14         16-32        33-37         903        276      0.3470      0.2804  9.547000e-01
  20%    33         35-42        43-45         464        196      0.3471      0.2722  9.512000e-01
  30%    27         29-40        41-44         688        253      0.3474      0.2683  9.506000e-01
  10%     6          8-11        12-12         226         62      0.3475      0.2662  9.416000e-01
  40%     8         10-26        27-31         928        289      0.3482      0.2745  9.482000e-01
  20%    39         41-48        49-51         509        194      0.3482      0.2579  9.458000e-01
  60%    19         21-45        46-52        1409        447      0.3484      0.2674  9.479000e-01
  35%    23         25-39        40-43         846        245      0.3489      0.2736  9.490000e-01
  15%    22         24-29        30-31         325        117      0.3496      0.2799  9.474000e-01
  10%    31         33-36        37-37         217         59      0.3499      0.2707  9.553000e-01
  15%    37         39-44        45-46         370        127      0.3499      0.2755  9.509000e-01
  10%    47         49-52        53-53         254         60      0.3500      0.2897  9.520000e-01
  60%     1          3-27        28-34        1334        400      0.3501      0.2736  9.482000e-01
  20%    31         33-40        41-43         453        187      0.3503      0.2673  9.486000e-01
  40%    12         14-30        31-35         911        282      0.3503      0.2859  9.511000e-01
  40%    30         32-48        49-53        1022        314      0.3505      0.2637  9.472000e-01
  35%     3          5-19        20-23         848        183      0.3506      0.2721  8.960000e-01
  12%    31         33-36        37-38         217        119      0.3506      0.2812  9.526000e-01
  15%    39         41-46        47-48         380        129      0.3510      0.2821  9.482000e-01
  12%     9         11-14        15-16         249        131      0.3510      0.2887  9.306000e-01
  35%    32         34-48        49-52         906        254      0.3513      0.2707  9.456000e-01
  60%    20         22-46        47-53        1429        443      0.3518      0.2691  9.472000e-01
  25%    32         34-44        45-47         650        190      0.3518      0.2748  9.505000e-01
  35%    17         19-33        34-37         786        220      0.3521      0.2867  9.533000e-01
  25%    28         30-40        41-43         630        187      0.3524      0.2723  9.479000e-01
  20%     4          6-13        14-16         458        196      0.3524      0.2757  9.336000e-01
  30%     3          5-16        17-20         698        195      0.3525      0.2732  9.313000e-01
  40%    15         17-33        34-38         891        280      0.3535      0.2873  9.522000e-01
  35%    16         18-32        33-36         774        217      0.3536      0.2882  9.523000e-01
  10%    44         46-49        50-50         258         66      0.3536      0.2692  9.473000e-01
  15%    28         30-35        36-37         339        114      0.3539      0.2630  9.544000e-01
  25%     6          8-18        19-21         654        134      0.3539      0.2732  9.006000e-01
  15%    34         36-41        42-43         349        129      0.3541      0.2759  9.469000e-01
  30%    19         21-32        33-36         640        217      0.3543      0.2882  9.521000e-01
  30%     4          6-17        18-21         715        178      0.3545      0.2711  9.084000e-01
  25%    18         20-30        31-33         565        176      0.3557      0.2878  9.469000e-01
  20%     6          8-15        16-18         481        173      0.3558      0.2871  9.390000e-01
  35%     2          4-18        19-22         850        180      0.3565      0.2644  8.967000e-01
  30%    13         15-26        27-30         617        229      0.3569      0.2809  9.450000e-01
  20%    10         12-19        20-22         473        135      0.3569      0.2819  8.901000e-01
  30%    26         28-39        40-43         686        245      0.3572      0.2775  9.465000e-01
   5%    34         36-37        38-38         114         60      0.3573      0.2870  9.476000e-01
  25%     7          9-19        20-22         648        135      0.3578      0.2845  8.895000e-01
  30%    35         37-48        49-52         745        254      0.3578      0.2720  9.436000e-01
  20%    21         23-30        31-33         430        176      0.3580      0.2906  9.462000e-01
  20%    29         31-38        39-41         456        175      0.3587      0.2796  9.468000e-01
  30%    20         22-33        34-37         652        220      0.3593      0.2951  9.513000e-01
  12%    41         43-46        47-48         260        129      0.3598      0.2818  9.456000e-01
   5%    35         37-38        39-39         119         59      0.3602      0.2860  9.466000e-01
  40%    13         15-31        32-36         906        277      0.3603      0.2922  9.498000e-01
  35%    14         16-30        31-34         783        229      0.3608      0.2897  9.464000e-01
  35%     6          8-22        23-26         834        201      0.3608      0.2726  9.090000e-01
  20%     9         11-18        19-21         485        134      0.3612      0.2778  8.965000e-01
  30%     5          7-18        19-22         699        180      0.3621      0.2882  8.934000e-01
  40%     7          9-25        26-30         932        281      0.3623      0.2843  9.410000e-01
  15%    29         31-36        37-38         337        119      0.3630      0.2813  9.492000e-01
  30%    17         19-30        31-34         610        229      0.3631      0.2938  9.457000e-01
  30%     6          8-19        20-23         699        183      0.3639      0.2914  8.880000e-01
  20%     7          9-16        17-19         498        150      0.3643      0.2929  9.332000e-01
  15%    20         22-27        28-29         305        114      0.3651      0.2841  9.422000e-01
  10%    38         40-43        44-44         245         66      0.3651      0.2834  9.490000e-01
  10%    29         31-34        35-35         229         53      0.3653      0.2952  9.488000e-01
  25%     8         10-20        21-23         637        138      0.3654      0.2897  8.912000e-01
  40%     6          8-24        25-29         933        274      0.3656      0.2829  9.355000e-01
  20%    23         25-32        33-35         451        162      0.3670      0.2977  9.472000e-01
  10%    24         26-29        30-30         224         57      0.3671      0.2783  9.392000e-01
  15%    14         16-21        22-23         307         94      0.3671      0.2989  8.871000e-01
  35%    10         12-26        27-30         809        229      0.3674      0.2896  9.417000e-01
  25%    13         15-25        26-28         565        166      0.3683      0.2908  9.391000e-01
  20%    14         16-23        24-26         401        153      0.3692      0.2758  9.084000e-01
  15%    23         25-30        31-32         331        120      0.3696      0.2987  9.419000e-01
  10%    39         41-44        45-45         253         63      0.3697      0.3126  9.462000e-01
  25%    20         22-32        33-35         596        162      0.3697      0.3015  9.464000e-01
  60%    21         23-47        48-54        1446        439      0.3701      0.2810  9.439000e-01
  15%    33         35-40        41-42         344        120      0.3703      0.2882  9.437000e-01
  15%    44         46-51        52-53         387        120      0.3706      0.2995  9.444000e-01
  12%    39         41-44        45-46         253        127      0.3706      0.2992  9.449000e-01
  15%    12         14-19        20-21         346         89      0.3707      0.3013  8.821000e-01
  35%    33         35-49        50-53         918        249      0.3707      0.2822  9.409000e-01
  10%     9         11-14        15-15         249         63      0.3710      0.3137  9.201000e-01
  10%    37         39-42        43-43         237         67      0.3715      0.2944  9.385000e-01
  12%    38         40-43        44-45         245        129      0.3719      0.3012  9.464000e-01
  25%    21         23-33        34-36         606        161      0.3719      0.3049  9.472000e-01
  10%     7          9-12        13-13         237         65      0.3722      0.2732  9.487000e-01
  10%    13         15-18        19-19         236         45      0.3725      0.2727  9.031000e-01
  35%     8         10-24        25-28         826        216      0.3729      0.2907  9.321000e-01
  20%    15         17-24        25-27         384        160      0.3734      0.2902  9.269000e-01
  15%    24         26-31        32-33         341        116      0.3741      0.3003  9.406000e-01
  12%    12         14-17        18-19         257         89      0.3744      0.3144  9.106000e-01
  35%     7          9-23        24-27         831        211      0.3748      0.2884  9.203000e-01
  25%     4          6-16        17-19         654        150      0.3752      0.2956  9.292000e-01
  12%    37         39-42        43-44         237        133      0.3753      0.3008  9.422000e-01
  35%    15         17-31        32-35         775        222      0.3754      0.3048  9.438000e-01
  30%    10         12-23        24-27         656        211      0.3754      0.2916  9.200000e-01
  25%     1          3-13        14-16         594        196      0.3758      0.2906  9.245000e-01
  15%    42         44-49        50-51         387        129      0.3760      0.2790  9.354000e-01
  20%    24         26-33        34-36         457        161      0.3777      0.3028  9.455000e-01
  30%    36         38-49        50-53         751        249      0.3777      0.2891  9.387000e-01
  12%    46         48-51        52-53         260        120      0.3784      0.3130  9.420000e-01
  12%     6          8-11        12-13         226        127      0.3791      0.2803  9.404000e-01
  25%    27         29-39        40-42         630        178      0.3794      0.2959  9.406000e-01
  35%     9         11-25        26-29         814        224      0.3799      0.2962  9.351000e-01
  10%    42         44-47        48-48         256         66      0.3802      0.3032  9.361000e-01
  15%     9         11-16        17-18         380        105      0.3805      0.3069  9.332000e-01
  12%    29         31-34        35-36         229        108      0.3809      0.2974  9.459000e-01
  12%    33         35-38        39-40         227        117      0.3811      0.2897  9.398000e-01
  30%    18         20-31        32-35         625        222      0.3812      0.3112  9.421000e-01
  10%    22         24-27        28-28         211         56      0.3812      0.2977  9.406000e-01
  25%    37         39-49        50-52         691        189      0.3812      0.2920  9.354000e-01
  12%    22         24-27        28-29         211        114      0.3813      0.2955  9.369000e-01
  30%    12         14-25        26-29         630        224      0.3814      0.2990  9.345000e-01
  25%    12         14-24        25-27         580        160      0.3818      0.2990  9.235000e-01
  12%    14         16-19        20-21         218         89      0.3819      0.3010  8.749000e-01
  60%    22         24-48        49-55        1464        428      0.3827      0.2865  9.425000e-01
  12%    44         46-49        50-51         258        129      0.3828      0.2916  9.331000e-01
  25%    19         21-31        32-34         580        169      0.3851      0.3130  9.386000e-01
   5%    45         47-48        49-49         129         65      0.3852      0.2945  9.363000e-01
  20%    22         24-31        32-34         442        169      0.3854      0.3090  9.386000e-01
  15%     3          5-10        11-12         318        119      0.3874      0.3068  9.275000e-01
  10%    17         19-22        23-23         180         48      0.3876      0.3095  8.790000e-01
  40%    31         33-49        50-54        1027        308      0.3880      0.2951  9.399000e-01
  20%    40         42-49        50-52         516        189      0.3883      0.2974  9.330000e-01
  12%    16         18-21        22-23         178         94      0.3886      0.3032  8.735000e-01
  15%     4          6-11        12-13         331        127      0.3892      0.3133  9.372000e-01
  20%    41         43-50        51-53         520        183      0.3900      0.2973  9.341000e-01
  12%    24         26-29        30-31         224        117      0.3902      0.3121  9.345000e-01
  12%    30         32-35        36-37         222        114      0.3912      0.2920  9.443000e-01
  10%    32         34-37        38-38         220         60      0.3913      0.3227  9.372000e-01
   5%    33         35-36        37-37         108         59      0.3914      0.3191  9.440000e-01
  10%    16         18-21        22-22         178         46      0.3918      0.3094  8.657000e-01
  25%    38         40-50        51-53         698        183      0.3918      0.2980  9.335000e-01
  40%     5          7-23        24-28         927        267      0.3920      0.2852  9.195000e-01
  10%    30         32-35        36-36         222         55      0.3921      0.2984  9.442000e-01
  10%    36         38-41        42-42         235         62      0.3930      0.3009  9.374000e-01
  10%    12         14-17        18-18         257         44      0.3932      0.3226  9.094000e-01
  15%    10         12-17        18-19         384         89      0.3936      0.3189  9.012000e-01
   5%     4           6-7          8-8         105         51      0.3942      0.3295  9.295000e-01
  10%    50         52-55        56-56         234         48      0.3944      0.3121  9.496000e-01
  30%     9         11-22        23-26         665        201      0.3946      0.2768  8.911000e-01
  30%     7          9-20        21-24         693        189      0.3957      0.2885  8.733000e-01
  25%    14         16-26        27-29         554        172      0.3963      0.3158  9.330000e-01
  25%    40         42-52        53-55         705        174      0.3966      0.3180  9.467000e-01
  20%    17         19-26        27-29         381        172      0.3966      0.3118  9.329000e-01
  15%     5          7-12        13-14         333        130      0.3972      0.3106  9.337000e-01
  12%    23         25-28        29-30         216        115      0.3972      0.3034  9.277000e-01
  10%    25         27-30        31-31         229         60      0.3975      0.3073  9.349000e-01
   5%    47         49-50        51-51         131         63      0.4005      0.3189  9.195000e-01
  10%    46         48-51        52-52         260         60      0.4007      0.3253  9.325000e-01
  30%    11         13-24        25-28         645        216      0.4010      0.3152  9.215000e-01
  10%    45         47-50        51-51         260         63      0.4011      0.3151  9.192000e-01
  20%    42         44-51        52-54         516        179      0.4018      0.3222  9.408000e-01
  20%     2          4-11        12-14         422        192      0.4020      0.3243  9.294000e-01
  15%    47         49-54        55-56         373        103      0.4024      0.3221  9.477000e-01
  40%    32         34-50        51-55        1037        297      0.4029      0.3117  9.384000e-01
  25%    39         41-51        52-54         703        179      0.4032      0.3179  9.404000e-01
  35%    34         36-50        51-54         931        242      0.4048      0.3134  9.355000e-01
  10%    11         13-16        17-17         261         61      0.4055      0.3188  9.271000e-01
  20%    30         32-39        40-42         455        178      0.4071      0.3199  9.316000e-01
  35%     5          7-21        22-25         833        195      0.4073      0.2778  8.646000e-01
  60%    23         25-49        50-56        1478        411      0.4077      0.3085  9.374000e-01
  30%    37         39-50        51-54         757        242      0.4077      0.3200  9.346000e-01
  25%    41         43-53        54-56         703        162      0.4082      0.3337  9.471000e-01
  30%    39         41-52        53-56         763        222      0.4082      0.3269  9.443000e-01
  35%    35         37-51        52-55         939        234      0.4087      0.3238  9.405000e-01
  15%    25         27-32        33-34         349        109      0.4092      0.3317  9.322000e-01
  35%    36         38-52        53-56         940        222      0.4095      0.3296  9.439000e-01
   5%    48         50-51        52-52         129         60      0.4100      0.3332  9.294000e-01
  30%     8         10-21        22-25         681        195      0.4106      0.2806  8.624000e-01
  15%     2           4-9        10-11         303        119      0.4110      0.3269  9.308000e-01
  15%    43         45-50        51-52         387        123      0.4117      0.3141  9.224000e-01
  20%     3          5-12        13-15         437        193      0.4118      0.3249  9.219000e-01
  30%    38         40-51        52-55         761        234      0.4119      0.3252  9.395000e-01
  40%    33         35-51        52-56        1047        282      0.4120      0.3251  9.407000e-01
  20%    43         45-52        53-55         510        174      0.4126      0.3367  9.423000e-01
   5%    28         30-31        32-32         117         60      0.4127      0.3244  9.251000e-01
  12%    45         47-50        51-52         260        123      0.4154      0.3295  9.209000e-01
  10%    23         25-28        29-29         216         58      0.4166      0.3222  9.191000e-01
  25%    11         13-23        24-26         594        153      0.4169      0.3281  8.832000e-01
   5%    51         53-54        55-55         119         55      0.4169      0.3294  9.432000e-01
  12%    35         37-40        41-42         236        120      0.4179      0.3347  9.283000e-01
  12%    36         38-41        42-43         235        129      0.4182      0.3316  9.260000e-01
  15%    26         28-33        34-35         347        106      0.4185      0.3345  9.311000e-01
  15%    45         47-52        53-54         383        119      0.4196      0.3487  9.392000e-01
  20%    44         46-53        54-56         507        162      0.4202      0.3511  9.440000e-01
  12%    26         28-31        32-33         231        116      0.4203      0.3512  9.250000e-01
   5%    27         29-30        31-31         115         60      0.4204      0.3378  9.271000e-01
  15%    32         34-39        40-41         339        116      0.4220      0.3359  9.258000e-01
  15%    19         21-26        27-28         291        114      0.4241      0.3275  9.256000e-01
  20%    11         13-20        21-23         456        138      0.4241      0.3297  8.535000e-01
  15%    15         17-22        23-24         285         99      0.4253      0.2954  8.552000e-01
   5%    41         43-44        45-45         133         63      0.4255      0.3579  9.287000e-01
   5%    26         28-29        30-30         114         57      0.4257      0.3197  9.183000e-01
   5%    44         46-47        48-48         127         66      0.4282      0.3456  9.189000e-01
  12%    32         34-37        38-39         220        119      0.4337      0.3492  9.233000e-01
  12%    27         29-32        33-34         235        109      0.4340      0.3517  9.237000e-01
  10%    49         51-54        55-55         242         55      0.4340      0.3452  9.384000e-01
  10%    35         37-40        41-41         236         58      0.4342      0.3456  9.213000e-01
  15%    13         15-20        21-22         326         90      0.4351      0.3350  8.448000e-01
  10%    27         29-32        33-33         235         56      0.4359      0.3515  9.220000e-01
  12%    25         27-30        31-32         229        120      0.4367      0.3490  9.188000e-01
  10%    19         21-24        25-25         189         50      0.4374      0.3454  8.455000e-01
  12%    49         51-54        55-56         242        103      0.4375      0.3485  9.382000e-01
   5%    39         41-42        43-43         120         67      0.4381      0.3446  9.146000e-01
  15%    46         48-53        54-55         380        114      0.4401      0.3630  9.387000e-01
  10%    34         36-39        40-40         233         58      0.4419      0.3447  9.182000e-01
  10%    26         28-31        32-32         231         60      0.4419      0.3700  9.141000e-01
  15%    17         19-24        25-26         279        102      0.4476      0.3215  8.747000e-01
  20%     1          3-10        11-13         410        184      0.4478      0.3545  9.132000e-01
  20%    13         15-22        23-25         416        149      0.4520      0.3247  8.365000e-01
   5%    37         39-40        41-41         117         58      0.4553      0.3536  9.135000e-01
   5%    43         45-46        47-47         127         63      0.4562      0.3446  9.168000e-01
  25%     9         11-21        22-24         619        145      0.4566      0.2839  8.285000e-01
  12%    11         13-16        17-18         261        105      0.4642      0.3450  9.006000e-01
  12%    47         49-52        53-54         254        119      0.4723      0.3755  9.229000e-01
  10%    21         23-26        27-27         201         58      0.4803      0.3879  9.031000e-01
  10%    10         12-15        16-16         255         68      0.4806      0.3931  8.726000e-01
  10%     2           4-7          8-8         196         51      0.4846      0.3851  8.934000e-01
   5%    36         38-39        40-40         119         58      0.4852      0.3896  9.014000e-01
  12%    28         30-33        34-35         233        106      0.4869      0.3891  9.067000e-01
  12%     5          7-10        11-12         214        119      0.4888      0.4015  8.845000e-01
   5%    13         15-16        17-17         131         61      0.4947      0.3839  8.914000e-01
   5%    42         44-45        46-46         129         64      0.4948      0.4123  9.001000e-01
  12%     7          9-12        13-14         237        130      0.4952      0.3927  8.969000e-01
  12%    48         50-53        54-55         249        114      0.5002      0.4114  9.208000e-01
  12%    15         17-20        21-22         195         90      0.5048      0.3879  7.911000e-01
  12%    21         23-26        27-28         201        114      0.5062      0.4114  8.940000e-01
   5%    18         20-21        22-22          89         46      0.5097      0.4207  7.727000e-01
   5%    40         42-43        44-44         129         66      0.5100      0.3973  9.005000e-01
  10%    48         50-53        54-54         249         59      0.5120      0.4189  9.192000e-01
  10%    28         30-33        34-34         233         53      0.5173      0.4237  8.906000e-01
  10%     5          7-10        11-11         214         57      0.5302      0.4522  8.642000e-01
  12%    10         12-15        16-17         255        129      0.5325      0.4452  8.600000e-01
  40%     2          4-20        21-25         940        239      0.5336      0.3082  7.702000e-01
  12%    34         36-39        40-41         233        116      0.5340      0.4288  8.811000e-01
  10%    15         17-20        21-21         195         44      0.5363      0.4184  7.786000e-01
  40%     3          5-21        22-26         937        247      0.5381      0.3054  7.899000e-01
  20%    16         18-25        26-28         373        166      0.5392      0.3901  8.696000e-01
  40%     4          6-22        23-27         939        259      0.5424      0.3173  8.238000e-01
   5%    11         13-14        15-15         130         63      0.5521      0.4419  8.232000e-01
  15%     1           3-8         9-10         292        118      0.5594      0.4674  8.845000e-01
   5%    49         51-52        53-53         123         60      0.5653      0.3822  8.747000e-01
   5%    32         34-35        36-36         106         55      0.5786      0.4479  8.784000e-01
   5%    38         40-41        42-42         116         62      0.5786      0.4413  8.643000e-01
   5%    24         26-27        28-28         110         56      0.5791      0.4809  8.630000e-01
  15%    18         20-25        26-27         284        110      0.5813      0.4383  8.402000e-01
  10%     3           5-8          9-9         200         56      0.5841      0.4228  8.562000e-01
   5%    29         31-32        33-33         120         56      0.5882      0.4562  8.581000e-01
   5%    25         27-28        29-29         114         58      0.5968      0.4973  8.339000e-01
   5%     9         11-12        13-13         119         65      0.5971      0.4866  8.680000e-01
   5%    22         24-25        26-26         101         52      0.6035      0.4626  7.993000e-01
   5%    52         54-55        56-56         114         48      0.6061      0.4436  8.809000e-01
  12%     3           5-8         9-10         200        118      0.6098      0.4768  8.628000e-01
  12%     2           4-7          8-9         196        107      0.6111      0.4568  8.371000e-01
  15%     6          8-13        14-15         353        128      0.6212      0.5223  7.969000e-01
   5%    15         17-18        19-19         105         45      0.6525      0.5474  7.028000e-01
  40%     1          3-19        20-24         940        234      0.6570      0.3110  6.398000e-01
  12%    18         20-23        24-25         183        101      0.6797      0.3047  6.309000e-01
   5%    30         32-33        34-34         116         53      0.6856      0.5786  8.078000e-01
  12%     4           6-9        10-11         212        119      0.6896      0.5408  8.052000e-01
  10%    20         22-25        26-26         195         52      0.6904      0.4946  7.374000e-01
   5%    16         18-19        20-20          89         45      0.6916      0.5709  5.369000e-01
   5%    19         21-22        23-23          90         48      0.7029      0.6207  6.020000e-01
  35%     4          6-20        21-24         849        189      0.7039      0.3302  5.989000e-01
  12%    20         22-25        26-27         195        110      0.7055      0.5398  7.647000e-01
  10%     4           6-9        10-10         212         62      0.7081      0.5201  8.190000e-01
  20%    12         14-21        22-24         435        145      0.7206      0.3543  5.728000e-01
  12%     8         10-13        14-15         246        128      0.7505      0.6057  7.035000e-01
   5%    23         25-26        27-27         102         58      0.7541      0.6295  7.612000e-01
  12%    19         21-24        25-26         189        102      0.7671      0.5785  6.319000e-01
  12%    17         19-22        23-24         180         99      0.7692      0.3579  5.265000e-01
  10%     8         10-13        14-14         246         65      0.7829      0.6476  7.009000e-01
   5%    31         33-34        35-35         109         53      0.8474      0.7786  7.246000e-01
   5%    50         52-53        54-54         120         59      0.8667      0.6865  7.685000e-01
   5%    46         48-49        50-50         131         66      0.8811      0.5308  6.726000e-01
  10%    18         20-23        24-24         183         51      0.8922      0.3370  3.664000e-01
   5%     8         10-11        12-12         119         62      0.9169      0.7070  5.931000e-01
   5%    17         19-20        21-21          90         44      0.9345      0.7037  3.277000e-01
   5%    10         12-13        14-14         127         65      0.9519      0.7539  5.579000e-01
   5%    21         23-24        25-25          99         50      1.0827      0.7709  5.370000e-02
   5%     7          9-10        11-11         118         57      1.4453      1.1304 -9.100000e-03
   5%     1           3-4          5-5          92         44      1.6998      1.4653 -2.504000e-01
   5%    20         22-23        24-24          94         51      3.2566      0.9672 -7.440800e+00
  10%     1           3-6          7-7         196         45      4.5234      2.9794 -1.028290e+01
  12%     1           3-6          7-8         196         96      6.3210      4.7802 -1.875930e+01
   5%     3           5-6          7-7         104         45      6.6057      5.0359 -2.306140e+01
   5%     6           8-9        10-10         107         62     12.5675      8.3206 -5.602130e+01
   5%    14         16-17        18-18         129         44     32.8485     16.9199 -6.309228e+02
   5%     2           4-5          6-6          91         60    157.1283     81.5081 -1.377759e+04
   5%     5           7-8          9-9          96         56    443.3551    182.9137 -8.285059e+04
   5%    12         14-15        16-16         128         68 368025.0542 184139.7292 -7.469355e+10
Arquivos .txt salvos em: c:\Users\mpoli\Desktop\UFOP\9 PERIODO\TCC\Scripts\Results\lr_wf_fold_results\united_states_grand_prix\wf_geral

--- COMPARAÇÃO LINEAR REGRESSION WALK FORWARD (WF) | APENAS 2025 ---
Ano avaliado: 2025 | Voltas consideradas: 54 (3-56) | Treino: todos os anos (exceto a janela de teste de 2025 em cada fold)
Ratio  Laps  Folds  RMSE_Media      IC_95%_RMSE  MAE_Media       IC_95%_MAE  R2_Media        IC_95%_R2
   5%     3     50      0.3434  [0.3148, 0.372]     0.2735 [0.2532, 0.2939]    0.6437 [0.5441, 0.7433]
  10%     5     48      0.3376 [0.3106, 0.3646]     0.2686 [0.2498, 0.2874]    0.6466 [0.5431, 0.7501]
  12%     6     48      0.3415 [0.3191, 0.3639]     0.2686 [0.2524, 0.2849]    0.6740 [0.5985, 0.7496]
  15%     8     47      0.3376 [0.3161, 0.3591]     0.2638 [0.2503, 0.2774]    0.7021  [0.6492, 0.755]
  20%    11     44      0.3352 [0.3159, 0.3544]     0.2602 [0.2487, 0.2717]    0.7144 [0.6693, 0.7596]
  25%    14     41      0.3386 [0.3183, 0.3588]     0.2627 [0.2508, 0.2747]    0.7068 [0.6592, 0.7545]
  30%    16     39      0.3416 [0.3223, 0.3608]     0.2632 [0.2521, 0.2744]    0.7062  [0.6595, 0.753]
  35%    19     36      0.3442 [0.3236, 0.3648]     0.2646 [0.2527, 0.2766]    0.7007 [0.6504, 0.7509]
  40%    22     33      0.3467 [0.3264, 0.3671]     0.2652 [0.2536, 0.2768]    0.7029  [0.655, 0.7508]
  60%    32     23      0.3273 [0.3123, 0.3422]     0.2613 [0.2483, 0.2743]    0.7634 [0.7531, 0.7738]

--- TODOS OS FOLDS (WF 2025) | MELHOR -> PIOR RMSE ---
Ratio  Fold Voltas_Teste_2025  Train_Regs_Total  Train_Regs_2022_2024  Train_Regs_2025_Passado  Test_Regs_2025   RMSE    MAE      R2
  10%    17             25-25              2541                  2215                      326              18 0.2150 0.1915  0.8942
   5%    19             25-25              2541                  2215                      326              18 0.2150 0.1915  0.8942
   5%    33             39-39              2741                  2215                      526              18 0.2221 0.1609  0.8622
  10%    31             39-39              2741                  2215                      526              18 0.2221 0.1609  0.8622
  10%    34             42-42              2795                  2215                      580              18 0.2311 0.1848  0.7936
   5%    36             42-42              2795                  2215                      580              18 0.2311 0.1848  0.7936
   5%     8             14-14              2353                  2215                      138              18 0.2472 0.1812  0.8597
  10%     6             14-14              2353                  2215                      138              18 0.2472 0.1812  0.8597
  15%    30             38-39              2725                  2215                      510              34 0.2498 0.1929  0.8372
  12%    31             38-39              2725                  2215                      510              34 0.2498 0.1929  0.8372
  12%    35             42-43              2795                  2215                      580              37 0.2505 0.1949  0.7767
  15%    34             42-43              2795                  2215                      580              37 0.2505 0.1949  0.7767
  20%    32             42-44              2795                  2215                      580              56 0.2521 0.1952  0.7744
  25%    29             42-44              2795                  2215                      580              56 0.2521 0.1952  0.7744
  12%    18             25-26              2541                  2215                      326              34 0.2530 0.2217  0.8482
  15%    17             25-26              2541                  2215                      326              34 0.2530 0.2217  0.8482
  15%     5             13-14              2335                  2215                      120              36 0.2571 0.1889  0.8570
  12%     6             13-14              2335                  2215                      120              36 0.2571 0.1889  0.8570
  10%    36             44-44              2832                  2215                      617              19 0.2596 0.1989  0.7557
   5%    38             44-44              2832                  2215                      617              19 0.2596 0.1989  0.7557
  15%    35             43-44              2813                  2215                      598              38 0.2629 0.2025  0.7547
  12%    36             43-44              2813                  2215                      598              38 0.2629 0.2025  0.7547
  35%    25             42-45              2795                  2215                      580              75 0.2638 0.2099  0.7935
  30%    28             42-45              2795                  2215                      580              75 0.2638 0.2099  0.7935
  12%    42             49-50              2923                  2215                      708              38 0.2644 0.2267  0.7766
  15%    41             49-50              2923                  2215                      708              38 0.2644 0.2267  0.7766
  25%    12             25-27              2541                  2215                      326              51 0.2646 0.2263  0.8329
  20%    15             25-27              2541                  2215                      326              51 0.2646 0.2263  0.8329
  10%    41             49-49              2923                  2215                      708              19 0.2653 0.2408  0.7316
   5%    43             49-49              2923                  2215                      708              19 0.2653 0.2408  0.7316
  10%    42             50-50              2942                  2215                      727              19 0.2672 0.2155  0.8007
   5%    44             50-50              2942                  2215                      727              19 0.2672 0.2155  0.8007
   5%    37             43-43              2813                  2215                      598              19 0.2697 0.2065  0.7469
  10%    35             43-43              2813                  2215                      598              19 0.2697 0.2065  0.7469
  40%    23             42-46              2795                  2215                      580              92 0.2710 0.2140  0.7830
   5%    10             16-16              2387                  2215                      172              18 0.2716 0.2032  0.7611
  10%     8             16-16              2387                  2215                      172              18 0.2716 0.2032  0.7611
  20%    27             37-39              2708                  2215                      493              51 0.2738 0.2067  0.8221
  25%    24             37-39              2708                  2215                      493              51 0.2738 0.2067  0.8221
  15%    31             39-40              2741                  2215                      526              36 0.2741 0.2114  0.7998
  12%    32             39-40              2741                  2215                      526              36 0.2741 0.2114  0.7998
  20%    33             43-45              2813                  2215                      598              57 0.2747 0.2206  0.7846
  25%    30             43-45              2813                  2215                      598              57 0.2747 0.2206  0.7846
  20%     2             12-14              2317                  2215                      102              54 0.2763 0.2142  0.8402
  20%    28             38-40              2725                  2215                      510              52 0.2774 0.2177  0.7996
  25%    25             38-40              2725                  2215                      510              52 0.2774 0.2177  0.7996
  30%    27             41-44              2777                  2215                      562              74 0.2785 0.2176  0.7494
  35%    24             41-44              2777                  2215                      562              74 0.2785 0.2176  0.7494
  15%    36             44-45              2832                  2215                      617              38 0.2786 0.2274  0.7958
  12%    37             44-45              2832                  2215                      617              38 0.2786 0.2274  0.7958
  10%    10             18-18              2423                  2215                      208              18 0.2786 0.2538  0.8157
   5%    12             18-18              2423                  2215                      208              18 0.2786 0.2538  0.8157
  30%    29             43-46              2813                  2215                      598              74 0.2810 0.2233  0.7687
  35%    26             43-46              2813                  2215                      598              74 0.2810 0.2233  0.7687
  10%    30             38-38              2725                  2215                      510              16 0.2817 0.2355  0.7986
   5%    32             38-38              2725                  2215                      510              16 0.2817 0.2355  0.7986
  40%    20             39-43              2741                  2215                      526              91 0.2824 0.2220  0.7826
  10%     5             13-13              2335                  2215                      120              18 0.2826 0.2093  0.8358
   5%     7             13-13              2335                  2215                      120              18 0.2826 0.2093  0.8358
  60%    11             38-44              2725                  2215                      510             126 0.2827 0.2212  0.7764
  40%    22             41-45              2777                  2215                      562              93 0.2830 0.2250  0.7704
  60%    12             39-45              2741                  2215                      526             129 0.2832 0.2238  0.7837
  20%    31             41-43              2777                  2215                      562              55 0.2838 0.2243  0.7470
  25%    28             41-43              2777                  2215                      562              55 0.2838 0.2243  0.7470
  25%     1             14-16              2353                  2215                      138              52 0.2839 0.2256  0.7762
  20%     4             14-16              2353                  2215                      138              52 0.2839 0.2256  0.7762
  25%    31             44-46              2832                  2215                      617              55 0.2851 0.2285  0.7703
  20%    34             44-46              2832                  2215                      617              55 0.2851 0.2285  0.7703
   5%    21             27-27              2575                  2215                      360              17 0.2858 0.2327  0.8021
  10%    19             27-27              2575                  2215                      360              17 0.2858 0.2327  0.8021
  12%    19             26-27              2559                  2215                      344              33 0.2862 0.2425  0.7996
  15%    18             26-27              2559                  2215                      344              33 0.2862 0.2425  0.7996
  15%     6             14-15              2353                  2215                      138              34 0.2863 0.2333  0.7873
  12%     7             14-15              2353                  2215                      138              34 0.2863 0.2333  0.7873
  60%    15             42-48              2795                  2215                      580             128 0.2866 0.2274  0.7935
  20%     3             13-15              2335                  2215                      120              52 0.2867 0.2267  0.8090
  35%    20             37-40              2708                  2215                      493              69 0.2872 0.2217  0.7997
  30%    23             37-40              2708                  2215                      493              69 0.2872 0.2217  0.7997
   5%    15             21-21              2477                  2215                      262              16 0.2873 0.2379  0.7006
  40%    24             43-47              2813                  2215                      598              92 0.2873 0.2252  0.7812
  10%    13             21-21              2477                  2215                      262              16 0.2873 0.2379  0.7006
  30%    22             36-39              2692                  2215                      477              67 0.2878 0.2180  0.8031
  35%    19             36-39              2692                  2215                      477              67 0.2878 0.2180  0.8031
  30%    25             39-42              2741                  2215                      526              72 0.2883 0.2274  0.7851
   5%    20             26-26              2559                  2215                      344              16 0.2883 0.2534  0.7919
  35%    22             39-42              2741                  2215                      526              72 0.2883 0.2274  0.7851
  10%    18             26-26              2559                  2215                      344              16 0.2883 0.2534  0.7919
  60%    14             41-47              2777                  2215                      562             128 0.2888 0.2260  0.7804
  60%    16             43-49              2813                  2215                      598             129 0.2899 0.2354  0.7812
  60%    10             37-43              2708                  2215                      493             124 0.2901 0.2267  0.7835
  25%    35             48-50              2905                  2215                      690              56 0.2903 0.2484  0.7832
  20%    38             48-50              2905                  2215                      690              56 0.2903 0.2484  0.7832
  60%    17             44-50              2832                  2215                      617             129 0.2910 0.2366  0.7840
  40%    19             38-42              2725                  2215                      510              88 0.2910 0.2308  0.7822
  30%    11             25-28              2541                  2215                      326              67 0.2915 0.2336  0.8114
  35%     8             25-28              2541                  2215                      326              67 0.2915 0.2336  0.8114
  35%    27             44-47              2832                  2215                      617              73 0.2920 0.2293  0.7829
  30%    30             44-47              2832                  2215                      617              73 0.2920 0.2293  0.7829
  40%    21             40-44              2759                  2215                      544              92 0.2933 0.2317  0.7417
  35%    30             47-50              2887                  2215                      672              74 0.2939 0.2425  0.7945
  30%    33             47-50              2887                  2215                      672              74 0.2939 0.2425  0.7945
  60%    13             40-46              2759                  2215                      544             128 0.2940 0.2347  0.7581
  40%    27             46-50              2870                  2215                      655              91 0.2942 0.2400  0.7787
  10%    37             45-45              2851                  2215                      636              19 0.2947 0.2538  0.8191
   5%    39             45-45              2851                  2215                      636              19 0.2947 0.2538  0.8191
  30%     1             15-18              2371                  2215                      156              70 0.2948 0.2428  0.7790
  15%    33             41-42              2777                  2215                      562              36 0.2961 0.2371  0.7340
  12%    34             41-42              2777                  2215                      562              36 0.2961 0.2371  0.7340
  20%     6             16-18              2387                  2215                      172              54 0.2970 0.2406  0.7827
  25%     3             16-18              2387                  2215                      172              54 0.2970 0.2406  0.7827
  12%    38             45-46              2851                  2215                      636              36 0.2972 0.2440  0.7679
  15%    37             45-46              2851                  2215                      636              36 0.2972 0.2440  0.7679
  15%     8             16-17              2387                  2215                      172              36 0.2976 0.2258  0.7559
  12%     9             16-17              2387                  2215                      172              36 0.2976 0.2258  0.7559
  40%    17             36-40              2692                  2215                      477              85 0.2979 0.2296  0.7851
  40%     6             25-29              2541                  2215                      326              82 0.2982 0.2371  0.7948
  15%     7             15-16              2371                  2215                      156              34 0.2983 0.2445  0.6997
  12%     8             15-16              2371                  2215                      156              34 0.2983 0.2445  0.6997
  40%    26             45-49              2851                  2215                      636              91 0.2993 0.2485  0.7834
  35%    23             40-43              2759                  2215                      544              73 0.2996 0.2399  0.7417
  30%    26             40-43              2759                  2215                      544              73 0.2996 0.2399  0.7417
  12%    41             48-49              2905                  2215                      690              37 0.2997 0.2654  0.7757
  15%    40             48-49              2905                  2215                      690              37 0.2997 0.2654  0.7757
  12%    30             37-38              2708                  2215                      493              33 0.3004 0.2339  0.7969
  15%    29             37-38              2708                  2215                      493              33 0.3004 0.2339  0.7969
  30%    32             46-49              2870                  2215                      655              72 0.3007 0.2473  0.7694
  35%    29             46-49              2870                  2215                      655              72 0.3007 0.2473  0.7694
  25%    34             47-49              2887                  2215                      672              55 0.3008 0.2516  0.7921
  20%    37             47-49              2887                  2215                      672              55 0.3008 0.2516  0.7921
  40%    25             44-48              2832                  2215                      617              91 0.3009 0.2417  0.7860
  20%    35             45-47              2851                  2215                      636              54 0.3016 0.2397  0.7830
  25%    32             45-47              2851                  2215                      636              54 0.3016 0.2397  0.7830
  10%    38             46-46              2870                  2215                      655              17 0.3019 0.2333  0.6179
   5%    40             46-46              2870                  2215                      655              17 0.3019 0.2333  0.6179
  20%     5             15-17              2371                  2215                      156              52 0.3020 0.2403  0.7358
  25%     2             15-17              2371                  2215                      156              52 0.3020 0.2403  0.7358
  30%    24             38-41              2725                  2215                      510              70 0.3021 0.2391  0.7731
  35%    21             38-41              2725                  2215                      510              70 0.3021 0.2391  0.7731
   5%    47             53-53              2997                  2215                      782              19 0.3024 0.2449  0.8652
  10%    45             53-53              2997                  2215                      782              19 0.3024 0.2449  0.8652
  20%     1             11-13              2298                  2215                       83              55 0.3025 0.2377  0.8054
  15%     4             12-13              2317                  2215                      102              36 0.3027 0.2397  0.8149
  12%     5             12-13              2317                  2215                      102              36 0.3027 0.2397  0.8149
  12%    14             21-22              2477                  2215                      262              33 0.3027 0.2343  0.6386
  15%    13             21-22              2477                  2215                      262              33 0.3027 0.2343  0.6386
  25%    26             39-41              2741                  2215                      526              54 0.3028 0.2377  0.7733
  20%    29             39-41              2741                  2215                      526              54 0.3028 0.2377  0.7733
  15%    38             46-47              2870                  2215                      655              35 0.3037 0.2299  0.7492
  12%    39             46-47              2870                  2215                      655              35 0.3037 0.2299  0.7492
   5%    41             47-47              2887                  2215                      672              18 0.3045 0.2254  0.8105
  10%    39             47-47              2887                  2215                      672              18 0.3045 0.2254  0.8105
  25%    36             49-51              2923                  2215                      708              56 0.3050 0.2492  0.7416
  20%    39             49-51              2923                  2215                      708              56 0.3050 0.2492  0.7416
  40%    18             37-41              2708                  2215                      493              87 0.3053 0.2385  0.7779
  60%    18             45-51              2851                  2215                      636             128 0.3065 0.2500  0.7746
  60%     9             36-42              2692                  2215                      477             121 0.3068 0.2407  0.7685
  12%    10             17-18              2405                  2215                      190              36 0.3075 0.2568  0.7738
  15%     9             17-18              2405                  2215                      190              36 0.3075 0.2568  0.7738
  30%    31             45-48              2851                  2215                      636              72 0.3093 0.2522  0.7885
  35%    28             45-48              2851                  2215                      636              72 0.3093 0.2522  0.7885
  10%    14             22-22              2493                  2215                      278              17 0.3102 0.2273  0.5843
   5%    16             22-22              2493                  2215                      278              17 0.3102 0.2273  0.5843
  30%     2             16-19              2387                  2215                      172              73 0.3106 0.2398  0.7812
  25%    23             36-38              2692                  2215                      477              49 0.3110 0.2435  0.7770
  20%    26             36-38              2692                  2215                      477              49 0.3110 0.2435  0.7770
  40%    28             47-51              2887                  2215                      672              92 0.3112 0.2530  0.7745
  60%    19             46-52              2870                  2215                      655             127 0.3127 0.2496  0.7680
  20%    36             46-48              2870                  2215                      655              53 0.3128 0.2499  0.7749
  25%    33             46-48              2870                  2215                      655              53 0.3128 0.2499  0.7749
  25%    27             40-42              2759                  2215                      544              54 0.3130 0.2535  0.7343
  20%    30             40-42              2759                  2215                      544              54 0.3130 0.2535  0.7343
  30%    34             48-51              2905                  2215                      690              74 0.3133 0.2601  0.7584
  35%    31             48-51              2905                  2215                      690              74 0.3133 0.2601  0.7584
  25%    13             26-28              2559                  2215                      344              49 0.3134 0.2470  0.7843
  20%    16             26-28              2559                  2215                      344              49 0.3134 0.2470  0.7843
  35%     1             18-21              2423                  2215                      208              70 0.3134 0.2500  0.7611
  40%    30             49-53              2923                  2215                      708              93 0.3134 0.2502  0.7849
  30%     4             18-21              2423                  2215                      208              70 0.3134 0.2500  0.7611
  35%    32             49-52              2923                  2215                      708              74 0.3142 0.2504  0.7528
  30%    35             49-52              2923                  2215                      708              74 0.3142 0.2504  0.7528
  60%    20             47-53              2887                  2215                      672             129 0.3149 0.2523  0.7930
  15%     3             11-12              2298                  2215                       83              37 0.3150 0.2542  0.7844
  10%    22             30-30              2623                  2215                      408              10 0.3150 0.2638  0.6663
  12%     4             11-12              2298                  2215                       83              37 0.3150 0.2542  0.7844
   5%    24             30-30              2623                  2215                      408              10 0.3150 0.2638  0.6663
  15%    12             20-21              2460                  2215                      245              33 0.3159 0.2636  0.6793
  12%    13             20-21              2460                  2215                      245              33 0.3159 0.2636  0.6793
   5%     1               5-5              2246                  2215                       31              20 0.3160 0.2772  0.6857
   5%    31             37-37              2708                  2215                      493              17 0.3163 0.2309  0.7966
  10%    29             37-37              2708                  2215                      493              17 0.3163 0.2309  0.7966
  30%    12             26-29              2559                  2215                      344              64 0.3168 0.2486  0.7668
  20%    10             20-22              2460                  2215                      245              50 0.3168 0.2540  0.6466
  35%     9             26-29              2559                  2215                      344              64 0.3168 0.2486  0.7668
  25%     7             20-22              2460                  2215                      245              50 0.3168 0.2540  0.6466
   5%     6             12-12              2317                  2215                      102              18 0.3172 0.2818  0.7991
  10%     4             12-12              2317                  2215                      102              18 0.3172 0.2818  0.7991
  40%     7             26-30              2559                  2215                      344              74 0.3176 0.2509  0.7620
  40%    29             48-52              2905                  2215                      690              92 0.3184 0.2586  0.7635
   5%     5             11-11              2298                  2215                       83              19 0.3186 0.2398  0.7591
  10%     3             11-11              2298                  2215                       83              19 0.3186 0.2398  0.7591
  12%    11             18-19              2423                  2215                      208              37 0.3198 0.2474  0.7952
  15%    10             18-19              2423                  2215                      208              37 0.3198 0.2474  0.7952
  12%    40             47-48              2887                  2215                      672              36 0.3199 0.2590  0.8046
  15%    39             47-48              2887                  2215                      672              36 0.3199 0.2590  0.8046
  15%    21             29-30              2608                  2215                      393              25 0.3200 0.2514  0.6500
  12%    22             29-30              2608                  2215                      393              25 0.3200 0.2514  0.6500
  12%    29             36-37              2692                  2215                      477              33 0.3214 0.2465  0.7719
  15%    28             36-37              2692                  2215                      477              33 0.3214 0.2465  0.7719
  15%    44             52-53              2979                  2215                      764              37 0.3216 0.2498  0.8280
  12%    45             52-53              2979                  2215                      764              37 0.3216 0.2498  0.8280
  25%     8             21-23              2477                  2215                      262              48 0.3216 0.2523  0.6449
  20%    11             21-23              2477                  2215                      262              48 0.3216 0.2523  0.6449
  40%    16             35-39              2678                  2215                      463              81 0.3217 0.2525  0.8085
  25%     5             18-20              2423                  2215                      208              54 0.3223 0.2548  0.7687
  20%     8             18-20              2423                  2215                      208              54 0.3223 0.2548  0.7687
  20%     7             17-19              2405                  2215                      190              55 0.3228 0.2503  0.7762
  25%     4             17-19              2405                  2215                      190              55 0.3228 0.2503  0.7762
   5%    11             17-17              2405                  2215                      190              18 0.3228 0.2479  0.7341
  10%     9             17-17              2405                  2215                      190              18 0.3228 0.2479  0.7341
   5%    34             40-40              2759                  2215                      544              18 0.3231 0.2644  0.7282
  10%    32             40-40              2759                  2215                      544              18 0.3231 0.2644  0.7282
  30%    15             29-32              2608                  2215                      393              48 0.3234 0.2680  0.7111
  35%    12             29-32              2608                  2215                      393              48 0.3234 0.2680  0.7111
  12%    43             50-51              2942                  2215                      727              37 0.3239 0.2545  0.7420
  15%    42             50-51              2942                  2215                      727              37 0.3239 0.2545  0.7420
  30%     3             17-20              2405                  2215                      190              72 0.3244 0.2566  0.7587
  12%    20             27-28              2575                  2215                      360              33 0.3245 0.2423  0.7763
  15%    19             27-28              2575                  2215                      360              33 0.3245 0.2423  0.7763
  20%    19             29-31              2608                  2215                      393              37 0.3247 0.2705  0.7003
  25%    16             29-31              2608                  2215                      393              37 0.3247 0.2705  0.7003
  35%    33             50-53              2942                  2215                      727              74 0.3249 0.2536  0.7914
  30%    36             50-53              2942                  2215                      727              74 0.3249 0.2536  0.7914
  35%    10             27-30              2575                  2215                      360              58 0.3256 0.2502  0.7420
  30%    13             27-30              2575                  2215                      360              58 0.3256 0.2502  0.7420
  25%    17             30-32              2623                  2215                      408              33 0.3260 0.2817  0.7194
  20%    20             30-32              2623                  2215                      408              33 0.3260 0.2817  0.7194
  20%    17             27-29              2575                  2215                      360              48 0.3261 0.2471  0.7492
  25%    14             27-29              2575                  2215                      360              48 0.3261 0.2471  0.7492
   5%    23             29-29              2608                  2215                      393              15 0.3263 0.2485  0.6276
  10%    21             29-29              2608                  2215                      393              15 0.3263 0.2485  0.6276
  10%    28             36-36              2692                  2215                      477              16 0.3264 0.2595  0.7404
   5%    30             36-36              2692                  2215                      477              16 0.3264 0.2595  0.7404
  35%     2             19-22              2441                  2215                      226              69 0.3273 0.2480  0.6987
  30%     5             19-22              2441                  2215                      226              69 0.3273 0.2480  0.6987
  35%     3             20-23              2460                  2215                      245              65 0.3277 0.2627  0.6467
  30%     6             20-23              2460                  2215                      245              65 0.3277 0.2627  0.6467
  12%    23             30-31              2623                  2215                      408              22 0.3280 0.2920  0.7175
  15%    22             30-31              2623                  2215                      408              22 0.3280 0.2920  0.7175
   5%     9             15-15              2371                  2215                      156              16 0.3281 0.2950  0.6138
  10%     7             15-15              2371                  2215                      156              16 0.3281 0.2950  0.6138
  20%    40             50-52              2942                  2215                      727              55 0.3297 0.2549  0.7561
  25%    37             50-52              2942                  2215                      727              55 0.3297 0.2549  0.7561
  12%    24             31-32              2633                  2215                      418              23 0.3299 0.2910  0.7286
  15%    23             31-32              2633                  2215                      418              23 0.3299 0.2910  0.7286
  40%     8             27-31              2575                  2215                      360              70 0.3309 0.2628  0.7494
  25%     6             19-21              2441                  2215                      226              52 0.3318 0.2555  0.7219
  20%     9             19-21              2441                  2215                      226              52 0.3318 0.2555  0.7219
  40%     9             28-32              2592                  2215                      377              64 0.3340 0.2634  0.7312
   5%    42             48-48              2905                  2215                      690              18 0.3343 0.2926  0.7955
  10%    40             48-48              2905                  2215                      690              18 0.3343 0.2926  0.7955
   5%    25             31-31              2633                  2215                      418              12 0.3345 0.3118  0.7421
  10%    23             31-31              2633                  2215                      418              12 0.3345 0.3118  0.7421
  60%     7             34-40              2667                  2215                      452             110 0.3353 0.2667  0.7726
  25%    15             28-30              2592                  2215                      377              41 0.3359 0.2518  0.7067
  20%    18             28-30              2592                  2215                      377              41 0.3359 0.2518  0.7067
   5%    26             32-32              2645                  2215                      430              11 0.3361 0.2811  0.6902
  10%    24             32-32              2645                  2215                      430              11 0.3361 0.2811  0.6902
  12%    15             22-23              2493                  2215                      278              32 0.3361 0.2590  0.6126
  15%    14             22-23              2493                  2215                      278              32 0.3361 0.2590  0.6126
  10%    12             20-20              2460                  2215                      245              17 0.3366 0.2821  0.6665
   5%    14             20-20              2460                  2215                      245              17 0.3366 0.2821  0.6665
  60%     8             35-41              2678                  2215                      463             117 0.3380 0.2701  0.7715
  35%    11             28-31              2592                  2215                      377              53 0.3386 0.2674  0.7221
  30%    14             28-31              2592                  2215                      377              53 0.3386 0.2674  0.7221
  10%    44             52-52              2979                  2215                      764              18 0.3392 0.2539  0.7787
   5%    46             52-52              2979                  2215                      764              18 0.3392 0.2539  0.7787
  15%    20             28-29              2592                  2215                      377              31 0.3413 0.2483  0.7137
  12%    21             28-29              2592                  2215                      377              31 0.3413 0.2483  0.7137
  12%    33             40-41              2759                  2215                      544              36 0.3429 0.2815  0.7102
  15%    32             40-41              2759                  2215                      544              36 0.3429 0.2815  0.7102
  20%    41             51-53              2961                  2215                      746              55 0.3431 0.2669  0.7883
  25%    38             51-53              2961                  2215                      746              55 0.3431 0.2669  0.7883
   5%    35             41-41              2777                  2215                      562              18 0.3448 0.2818  0.6991
  10%    33             41-41              2777                  2215                      562              18 0.3448 0.2818  0.6991
  35%    18             35-38              2678                  2215                      463              63 0.3468 0.2816  0.7922
  30%    21             35-38              2678                  2215                      463              63 0.3468 0.2816  0.7922
  60%    21             48-54              2905                  2215                      690             128 0.3480 0.2749  0.7579
  12%    12             19-20              2441                  2215                      226              36 0.3483 0.2619  0.7299
  15%    11             19-20              2441                  2215                      226              36 0.3483 0.2619  0.7299
  60%     6             33-39              2656                  2215                      441             103 0.3532 0.2790  0.7523
  40%    10             29-33              2608                  2215                      393              59 0.3542 0.2899  0.6436
  60%    22             49-55              2923                  2215                      708             126 0.3554 0.2699  0.7755
   5%    22             28-28              2592                  2215                      377              16 0.3564 0.2470  0.7523
  10%    20             28-28              2592                  2215                      377              16 0.3564 0.2470  0.7523
  40%    15             34-38              2667                  2215                      452              74 0.3578 0.2918  0.7621
  15%    43             51-52              2961                  2215                      746              36 0.3602 0.2766  0.7356
  12%    44             51-52              2961                  2215                      746              36 0.3602 0.2766  0.7356
  10%    15             23-23              2510                  2215                      295              15 0.3625 0.2956  0.6086
   5%    17             23-23              2510                  2215                      295              15 0.3625 0.2956  0.6086
  40%    31             50-54              2942                  2215                      727              91 0.3636 0.2791  0.7553
  20%    25             35-37              2678                  2215                      463              47 0.3643 0.2972  0.7926
  25%    22             35-37              2678                  2215                      463              47 0.3643 0.2972  0.7926
  35%    13             30-33              2623                  2215                      408              44 0.3659 0.3076  0.6187
  30%    16             30-33              2623                  2215                      408              44 0.3659 0.3076  0.6187
  10%    48             56-56              3049                  2215                      834              14 0.3661 0.3078  0.3750
   5%    50             56-56              3049                  2215                      834              14 0.3661 0.3078  0.3750
  10%    11             19-19              2441                  2215                      226              19 0.3662 0.2545  0.7508
   5%    13             19-19              2441                  2215                      226              19 0.3662 0.2545  0.7508
  60%    23             50-56              2942                  2215                      727             121 0.3694 0.2800  0.7611
  60%     1             28-34              2592                  2215                      377              86 0.3706 0.2919  0.6843
  60%     5             32-38              2645                  2215                      430              96 0.3733 0.3065  0.7367
  30%    20             34-37              2667                  2215                      452              58 0.3739 0.3069  0.7569
  35%    17             34-37              2667                  2215                      452              58 0.3739 0.3069  0.7569
   5%    45             51-51              2961                  2215                      746              18 0.3756 0.2961  0.6919
  10%    43             51-51              2961                  2215                      746              18 0.3756 0.2961  0.6919
  60%     4             31-37              2633                  2215                      418              92 0.3780 0.3129  0.7437
  60%     2             29-35              2608                  2215                      393              84 0.3781 0.3146  0.7243
  20%    21             31-33              2633                  2215                      418              34 0.3782 0.3218  0.5910
  25%    18             31-33              2633                  2215                      418              34 0.3782 0.3218  0.5910
  40%    11             30-34              2623                  2215                      408              55 0.3799 0.3166  0.6134
  60%     3             30-36              2623                  2215                      408              85 0.3809 0.3192  0.7342
  12%    48             55-56              3033                  2215                      818              30 0.3818 0.2814  0.7783
  15%    47             55-56              3033                  2215                      818              30 0.3818 0.2814  0.7783
  40%    33             52-56              2979                  2215                      764              84 0.3840 0.2895  0.7684
  20%    42             52-54              2979                  2215                      764              54 0.3848 0.2945  0.7627
  25%    39             52-54              2979                  2215                      764              54 0.3848 0.2945  0.7627
  15%     2             10-11              2282                  2215                       67              35 0.3850 0.2965  0.6649
  12%     3             10-11              2282                  2215                       67              35 0.3850 0.2965  0.6649
  30%    37             51-54              2961                  2215                      746              72 0.3853 0.2969  0.7466
  35%    34             51-54              2961                  2215                      746              72 0.3853 0.2969  0.7466
  30%    38             52-55              2979                  2215                      764              70 0.3870 0.2854  0.7919
  35%    35             52-55              2979                  2215                      764              70 0.3870 0.2854  0.7919
  40%    32             51-55              2961                  2215                      746              88 0.3871 0.2889  0.7761
  15%    27             35-36              2678                  2215                      463              30 0.3873 0.3303  0.7906
  12%    28             35-36              2678                  2215                      463              30 0.3873 0.3303  0.7906
  30%    17             31-34              2633                  2215                      418              45 0.3914 0.3299  0.5798
  35%    14             31-34              2633                  2215                      418              45 0.3914 0.3299  0.5798
  40%    14             33-37              2656                  2215                      441              69 0.3915 0.3204  0.7153
  10%    47             55-55              3033                  2215                      818              16 0.3934 0.2582  0.8515
   5%    49             55-55              3033                  2215                      818              16 0.3934 0.2582  0.8515
  20%    24             34-36              2667                  2215                      452              41 0.3943 0.3351  0.7415
  25%    21             34-36              2667                  2215                      452              41 0.3943 0.3351  0.7415
  30%    39             53-56              2997                  2215                      782              66 0.3948 0.2977  0.7662
  35%    36             53-56              2997                  2215                      782              66 0.3948 0.2977  0.7662
  40%    13             32-36              2645                  2215                      430              63 0.4000 0.3384  0.7032
  12%    25             32-33              2645                  2215                      430              22 0.4001 0.3322  0.4629
  15%    24             32-33              2645                  2215                      430              22 0.4001 0.3322  0.4629
  25%    40             53-55              2997                  2215                      782              52 0.4015 0.2953  0.7954
  20%    43             53-55              2997                  2215                      782              52 0.4015 0.2953  0.7954
  40%    12             31-35              2633                  2215                      418              59 0.4017 0.3456  0.7011
  15%    45             53-54              2997                  2215                      782              36 0.4035 0.3121  0.7586
  12%    46             53-54              2997                  2215                      782              36 0.4035 0.3121  0.7586
  25%    19             32-34              2645                  2215                      430              33 0.4071 0.3390  0.4864
  20%    22             32-34              2645                  2215                      430              33 0.4071 0.3390  0.4864
  35%    16             33-36              2656                  2215                      441              52 0.4112 0.3459  0.6865
  30%    19             33-36              2656                  2215                      441              52 0.4112 0.3459  0.6865
  35%    15             32-35              2645                  2215                      430              47 0.4181 0.3593  0.6803
  30%    18             32-35              2645                  2215                      430              47 0.4181 0.3593  0.6803
  10%    26             34-34              2667                  2215                      452              11 0.4233 0.3606  0.3630
   5%    28             34-34              2667                  2215                      452              11 0.4233 0.3606  0.3630
  20%    44             54-56              3016                  2215                      801              47 0.4239 0.3191  0.7272
  25%    41             54-56              3016                  2215                      801              47 0.4239 0.3191  0.7272
  40%     4             23-27              2510                  2215                      295              82 0.4296 0.2817  0.5208
  15%    26             34-35              2667                  2215                      452              25 0.4309 0.3804  0.7372
  12%    27             34-35              2667                  2215                      452              25 0.4309 0.3804  0.7372
  25%    20             33-35              2656                  2215                      441              36 0.4408 0.3803  0.6594
  20%    23             33-35              2656                  2215                      441              36 0.4408 0.3803  0.6594
   5%    29             35-35              2678                  2215                      463              14 0.4418 0.4022  0.8124
  10%    27             35-35              2678                  2215                      463              14 0.4418 0.4022  0.8124
  15%    25             33-34              2656                  2215                      441              22 0.4446 0.3705  0.2588
  12%    26             33-34              2656                  2215                      441              22 0.4446 0.3705  0.2588
  40%     3             22-26              2493                  2215                      278              82 0.4448 0.2791  0.4317
  15%    46             54-55              3016                  2215                      801              33 0.4457 0.3240  0.7654
  12%    47             54-55              3016                  2215                      801              33 0.4457 0.3240  0.7654
  40%     5             24-28              2525                  2215                      310              83 0.4468 0.2815  0.5261
  35%     6             23-26              2510                  2215                      295              65 0.4590 0.2913  0.4425
  30%     9             23-26              2510                  2215                      295              65 0.4590 0.2913  0.4425
  10%    25             33-33              2656                  2215                      441              11 0.4593 0.3842  0.0146
   5%    27             33-33              2656                  2215                      441              11 0.4593 0.3842  0.0146
   5%     4             10-10              2282                  2215                       67              16 0.4594 0.3664  0.5218
  10%     2             10-10              2282                  2215                       67              16 0.4594 0.3664  0.5218
  30%    10             24-27              2525                  2215                      310              67 0.4643 0.2853  0.4468
  35%     7             24-27              2525                  2215                      310              67 0.4643 0.2853  0.4468
  35%     5             22-25              2493                  2215                      278              66 0.4715 0.2807  0.3330
  30%     8             22-25              2493                  2215                      278              66 0.4715 0.2807  0.3330
  15%     1              9-10              2280                  2215                       65              18 0.4743 0.3875  0.4693
  12%     2              9-10              2280                  2215                       65              18 0.4743 0.3875  0.4693
  40%     2             21-25              2477                  2215                      262              82 0.4745 0.2795  0.3058
  40%     1             20-24              2460                  2215                      245              81 0.4754 0.2948  0.2526
  10%    46             54-54              3016                  2215                      801              17 0.4898 0.3875  0.6354
   5%    48             54-54              3016                  2215                      801              17 0.4898 0.3875  0.6354
  25%    10             23-25              2510                  2215                      295              49 0.4971 0.2952  0.3255
  20%    13             23-25              2510                  2215                      295              49 0.4971 0.2952  0.3255
  25%    11             24-26              2525                  2215                      310              50 0.5097 0.2988  0.3188
  20%    14             24-26              2525                  2215                      310              50 0.5097 0.2988  0.3188
  35%     4             21-24              2477                  2215                      262              64 0.5212 0.2972  0.0714
  30%     7             21-24              2477                  2215                      262              64 0.5212 0.2972  0.0714
   5%     3               9-9              2280                  2215                       65               2 0.5238 0.4940 -0.6443
  10%     1               9-9              2280                  2215                       65               2 0.5238 0.4940 -0.6443
  12%     1               8-9              2280                  2215                       65               2 0.5238 0.4940 -0.6443
  25%     9             22-24              2493                  2215                      278              48 0.5337 0.3086  0.0319
  20%    12             22-24              2493                  2215                      278              48 0.5337 0.3086  0.0319
  15%    16             24-25              2525                  2215                      310              34 0.5774 0.3049  0.1008
  12%    17             24-25              2525                  2215                      310              34 0.5774 0.3049  0.1008
  12%    16             23-24              2510                  2215                      295              31 0.5990 0.3481 -0.1075
  15%    15             23-24              2510                  2215                      295              31 0.5990 0.3481 -0.1075
   5%     2               6-6              2266                  2215                       51              14 0.6476 0.5061  0.4632
   5%    18             24-24              2525                  2215                      310              16 0.8028 0.4143 -1.1806
  10%    16             24-24              2525                  2215                      310              16 0.8028 0.4143 -1.1806
Arquivos .txt salvos em: c:\Users\mpoli\Desktop\UFOP\9 PERIODO\TCC\Scripts\Results\lr_wf_fold_results\united_states_grand_prix\wf_2025