Carregando dados limpos de:
c:\Users\mpoli\Desktop\UFOP\9 PERIODO\TCC\Scripts\ModelData\Bahrain Grand Prix\bahrain_grand_prix_cleaned_data.csv
--- PREPARACAO PARA REGRESSAO LINEAR (DRIVER ONE-HOT) ---

--- SPLIT SEQUENCIAL DEFINIDO ---
Pista: Bahrain Grand Prix
Total de voltas consideradas: 55 (LapNumber 3-57)
Holdout (20% final): voltas 47-57 | Total de voltas: 11 | Registros: 620
Modelagem (80% iniciais): voltas 3-46 | Total de voltas: 44 | Registros: 2541

--- AVALIACAO INTERNA POR K-FOLD (DENTRO DOS 80%) ---
Fold 1 | treino=2032 | val=509 | RMSE=0.2794 | R2=0.9696
Fold 2 | treino=2033 | val=508 | RMSE=0.2879 | R2=0.9654
Fold 3 | treino=2033 | val=508 | RMSE=0.2692 | R2=0.9703
Fold 4 | treino=2033 | val=508 | RMSE=0.2902 | R2=0.9642
Fold 5 | treino=2033 | val=508 | RMSE=0.2829 | R2=0.9684

--- TREINANDO MODELO FINAL (BASE DE MODELAGEM 80%) ---

--- RESULTADO FINAL REGRESSAO LINEAR ---
RMSE Medio: 0.2819 IC95%: [0.2717, 0.2922]
MAE Medio: 0.2186 IC95%: [0.2090, 0.2281]
R2 Medio: 0.9676 IC95%: [0.9643, 0.9709]

--- TESTE FINAL NO HOLDOUT SEQUENCIAL (20%) ---
Teste final (holdout): voltas 47-57 | Registros: 620
Holdout RMSE: 0.2897
Holdout MAE: 0.2257
Holdout R2: 0.9393
Holdout RMSE IC95%: [0.2712, 0.3064]
Holdout MAE IC95%: [0.2112, 0.2398]
Holdout R2 IC95%: [0.9303, 0.9472]