Carregando dados limpos de:
c:\Users\mpoli\Desktop\UFOP\9 PERIODO\TCC\Scripts\ModelData\Hungarian Grand Prix\hungarian_grand_prix_cleaned_data.csv
--- PREPARACAO PARA REGRESSAO LINEAR (DRIVER ONE-HOT) ---

--- SPLIT SEQUENCIAL DEFINIDO ---
Pista: Hungarian Grand Prix
Total de voltas consideradas: 68 (LapNumber 3-70)
Holdout (20% final): voltas 57-70 | Total de voltas: 14 | Registros: 793
Modelagem (80% iniciais): voltas 3-56 | Total de voltas: 54 | Registros: 3420

--- AVALIACAO INTERNA POR K-FOLD (DENTRO DOS 80%) ---
Fold 1 | treino=2736 | val=684 | RMSE=0.3315 | R2=0.9472
Fold 2 | treino=2736 | val=684 | RMSE=0.3217 | R2=0.9543
Fold 3 | treino=2736 | val=684 | RMSE=0.3188 | R2=0.9507
Fold 4 | treino=2736 | val=684 | RMSE=0.3225 | R2=0.9544
Fold 5 | treino=2736 | val=684 | RMSE=0.3246 | R2=0.9475

--- TREINANDO MODELO FINAL (BASE DE MODELAGEM 80%) ---

--- RESULTADO FINAL REGRESSAO LINEAR ---
RMSE Medio: 0.3238 IC95%: [0.3179, 0.3297]
MAE Medio: 0.2459 IC95%: [0.2382, 0.2536]
R2 Medio: 0.9508 IC95%: [0.9465, 0.9552]

--- TESTE FINAL NO HOLDOUT SEQUENCIAL (20%) ---
Teste final (holdout): voltas 57-70 | Registros: 793
Holdout RMSE: 0.3832
Holdout MAE: 0.2959
Holdout R2: 0.9339
Holdout RMSE IC95%: [0.3603, 0.4051]
Holdout MAE IC95%: [0.2798, 0.3129]
Holdout R2 IC95%: [0.9249, 0.9418]